================================================================
  HBS-12  ARITHMETIC BOUNDARY MAPPING SUITE — SUMMARY LOG
  HORUS NFE v3 · All tests: mode_tag = 3'b000 (Standard)
================================================================

━━━━━━━━━━━━━━━━━━━━━━━━━━━━━━━━━━━━━━━━━━━━━━━━━━━━━━━━━━
HBS-12A  EXPONENT ENVELOPE SCAN
━━━━━━━━━━━━━━━━━━━━━━━━━━━━━━━━━━━━━━━━━━━━━━━━━━━━━━━━━━

  MUL(x,x) — UF/OVF map across E=0..63  (f ∈ {0,31,63})
  E   | UF  OVF NORM | Status
  ─────────────────────────────
   0  |   100%    0%    0%  | UF
   1  |   100%    0%    0%  | UF
   2  |   100%    0%    0%  | UF
   3  |   100%    0%    0%  | UF
   4  |   100%    0%    0%  | UF
   5  |   100%    0%    0%  | UF
   6  |   100%    0%    0%  | UF
   7  |   100%    0%    0%  | UF
   8  |   100%    0%    0%  | UF
   9  |   100%    0%    0%  | UF
  10  |   100%    0%    0%  | UF
  11  |   100%    0%    0%  | UF
  12  |   100%    0%    0%  | UF
  13  |   100%    0%    0%  | UF
  14  |   100%    0%    0%  | UF
  15  |   100%    0%    0%  | UF
  16  |     0%    0%  100%  | NORM
  17  |     0%    0%  100%  | NORM
  18  |     0%    0%  100%  | NORM
  19  |     0%    0%  100%  | NORM
  20  |     0%    0%  100%  | NORM
  21  |     0%    0%  100%  | NORM
  22  |     0%    0%  100%  | NORM
  23  |     0%    0%  100%  | NORM
  24  |     0%    0%  100%  | NORM
  25  |     0%    0%  100%  | NORM
  26  |     0%    0%  100%  | NORM
  27  |     0%    0%  100%  | NORM
  28  |     0%    0%  100%  | NORM
  29  |     0%    0%  100%  | NORM
  30  |     0%    0%  100%  | NORM
  31  |     0%    0%  100%  | NORM
  32  |     0%    0%  100%  | NORM
  33  |     0%    0%  100%  | NORM
  34  |     0%    0%  100%  | NORM
  35  |     0%    0%  100%  | NORM
  36  |     0%    0%  100%  | NORM
  37  |     0%    0%  100%  | NORM
  38  |     0%    0%  100%  | NORM
  39  |     0%    0%  100%  | NORM
  40  |     0%    0%  100%  | NORM
  41  |     0%    0%  100%  | NORM
  42  |     0%    0%  100%  | NORM
  43  |     0%    0%  100%  | NORM
  44  |     0%    0%  100%  | NORM
  45  |     0%    0%  100%  | NORM
  46  |     0%    0%  100%  | NORM
  47  |     0%    0%  100%  | NORM
  48  |     0%  100%    0%  | OVF
  49  |     0%  100%    0%  | OVF
  50  |     0%  100%    0%  | OVF
  51  |     0%  100%    0%  | OVF
  52  |     0%  100%    0%  | OVF
  53  |     0%  100%    0%  | OVF
  54  |     0%  100%    0%  | OVF
  55  |     0%  100%    0%  | OVF
  56  |     0%  100%    0%  | OVF
  57  |     0%  100%    0%  | OVF
  58  |     0%  100%    0%  | OVF
  59  |     0%  100%    0%  | OVF
  60  |     0%  100%    0%  | OVF
  61  |     0%  100%    0%  | OVF
  62  |     0%  100%    0%  | OVF
  63  |     0%  100%    0%  | OVF

  ── MUL(x,x) Envelope Boundaries ──
  First NORM E : 16  (actual_E = -16)
  Last  NORM E : 47  (actual_E = 15)
  Usable E window : 32 steps (E=16..47)
  Underflow band  : E < 16  (first UF at E=0)
  Overflow band   : E > 47  (first OVF at E=48)
  ADD OVF trigger : E in [63]
  ADD rollover at  : E >= 0 (for f ≥ 1)
  SUB floor at     : E = [0]  (delta=0, hits E=0)

  minimum reliable E : 16  (stored_E; actual_E = -16)
  maximum reliable E : 47  (stored_E; actual_E = 15)
  usable exponent window : 32 of 64 possible values  (50.0%)

━━━━━━━━━━━━━━━━━━━━━━━━━━━━━━━━━━━━━━━━━━━━━━━━━━━━━━━━━━
HBS-12B  FRACTION RESOLUTION MAP
━━━━━━━━━━━━━━━━━━━━━━━━━━━━━━━━━━━━━━━━━━━━━━━━━━━━━━━━━━

  Pass 1 — MUL(x,x), f=0, E=0..63:
  Total rows     : 64
  Unique results : 33
  NORM count     : 32  UF=16  OVF=16

  Pass 2 — MUL(x,x), E=32, f=0..63:
  Total rows     : 64
  Unique results : 64  (collisions = 0)
  Result f step  : min=-62  max=3  mean=1.0

  Pass 3 — MUL(x, NFE_ONE) identity test, E=32, f=0..63:
  Identity failures : 0 / 64
  All identity checks passed — MUL(x,ONE) = x confirmed.

  Fraction efficiency (E=32):
  64/64 unique outputs = 100.0% fraction utilisation

━━━━━━━━━━━━━━━━━━━━━━━━━━━━━━━━━━━━━━━━━━━━━━━━━━━━━━━━━━
HBS-12C  NORMALIZATION STRESS TEST
━━━━━━━━━━━━━━━━━━━━━━━━━━━━━━━━━━━━━━━━━━━━━━━━━━━━━━━━━━

  ── E=0 (min) ──
  f  | MUL-UF  MUL-OVF  MUL-RO | ADD-OVF  ADD-RO | SUB-UF  SUB-RO
  ──────────────────────────────────────────────────────────────────
   0 | 1       0        0      | 0       0      | 1       0    
  31 | 1       0        0      | 0       1      | 1       0    
  63 | 1       0        0      | 0       1      | 1       0    

  ── E=1 ──
  f  | MUL-UF  MUL-OVF  MUL-RO | ADD-OVF  ADD-RO | SUB-UF  SUB-RO
  ──────────────────────────────────────────────────────────────────
   0 | 1       0        0      | 0       0      | 1       0    
  31 | 1       0        0      | 0       1      | 0       0    
  63 | 1       0        0      | 0       1      | 0       0    

  ── E=31 (sub-1.0) ──
  f  | MUL-UF  MUL-OVF  MUL-RO | ADD-OVF  ADD-RO | SUB-UF  SUB-RO
  ──────────────────────────────────────────────────────────────────
   0 | 0       0        0      | 0       0      | 0       0    
  31 | 0       0        0      | 0       1      | 0       0    
  63 | 0       0        0      | 0       1      | 0       0    

  ── E=32 (1.0) ──
  f  | MUL-UF  MUL-OVF  MUL-RO | ADD-OVF  ADD-RO | SUB-UF  SUB-RO
  ──────────────────────────────────────────────────────────────────
   0 | 0       0        0      | 0       0      | 0       0    
  31 | 0       0        0      | 0       1      | 0       0    
  63 | 0       0        0      | 0       1      | 0       0    

  ── E=62 (sub-max) ──
  f  | MUL-UF  MUL-OVF  MUL-RO | ADD-OVF  ADD-RO | SUB-UF  SUB-RO
  ──────────────────────────────────────────────────────────────────
   0 | 0       1        0      | 0       0      | 0       0    
  31 | 0       1        0      | 0       1      | 0       0    
  63 | 0       1        0      | 0       1      | 0       0    

  ── E=63 (max) ──
  f  | MUL-UF  MUL-OVF  MUL-RO | ADD-OVF  ADD-RO | SUB-UF  SUB-RO
  ──────────────────────────────────────────────────────────────────
   0 | 0       1        0      | 0       0      | 0       0    
  31 | 0       1        0      | 1       1      | 0       0    
  63 | 0       1        0      | 1       1      | 0       0    

  Summary:
  ADD OVF events  : 2  (Thoth rollover at E=63 with large delta)
  ADD rollover    : 12
  SUB UF events   : 4  (Guard-B/Guard-A floor)
  MUL UF events   : 6  (double-bias underflow at low E)
  MUL OVF events  : 6 (double-bias overflow at high E)

━━━━━━━━━━━━━━━━━━━━━━━━━━━━━━━━━━━━━━━━━━━━━━━━━━━━━━━━━━
HBS-12D  INFORMATION RETENTION TEST
━━━━━━━━━━━━━━━━━━━━━━━━━━━━━━━━━━━━━━━━━━━━━━━━━━━━━━━━━━

  Chain multiplier : NFE_HALF (E=31 f=0, value=0.5)
  Seeds            : 32 (E ∈ [28..35], mixed f)

  Depth | Unique | Floor | UF-ops | Entropy(bits)
  ──────────────────────────────────────────────────
      1 |     29 |     0 |      0 | 4.812
      2 |     29 |     0 |      0 | 4.812
      4 |     29 |     0 |      0 | 4.812
      8 |     29 |     0 |      0 | 4.812
     16 |     29 |     0 |      0 | 4.812
     32 |     14 |    18 |     54 | 2.592
     64 |      1 |    32 |   1053 | 0.000

  Floor attractor threshold : depth ≥ 32  (>50% seeds reach floor)
  Information retention:
    depth=  1: 29 unique  4.81 bits  0% floor
    depth=  2: 29 unique  4.81 bits  0% floor
    depth=  4: 29 unique  4.81 bits  0% floor
    depth=  8: 29 unique  4.81 bits  0% floor
    depth= 16: 29 unique  4.81 bits  0% floor
    depth= 32: 14 unique  2.59 bits  56% floor
    depth= 64: 1 unique  0.00 bits  100% floor

━━━━━━━━━━━━━━━━━━━━━━━━━━━━━━━━━━━━━━━━━━━━━━━━━━━━━━━━━━
HBS-12E  REGIME TRANSITION DETECTOR
━━━━━━━━━━━━━━━━━━━━━━━━━━━━━━━━━━━━━━━━━━━━━━━━━━━━━━━━━━

  Pass 1 — E sweep (f=0), MUL(x,x):
    E= 0: → UF
    E=16: → NORM
    E=48: → OVF

  UF  band : E = 0..15
  NORM band : E = 16..47
  OVF  band : E = 48..63

  Pass 2 — f sweep (E=32), MUL(x,x):
  UF=0  OVF=0  unique_results=64
  → E=32 band is fully STABLE across all f values.

  Pass 3 — Asymmetric pairs MUL(x_low, x_high):
  UF=0  OVF=0
  → All complementary pairs produced valid (NORM) results.
  → exp_sum = E + (63-E) - 32 = 31 → always within bounds.

  ── Regime Classification ──
  Stable   : E ∈ [16..47]  (32 steps)
  UF zone  : E ∈ [0..15]  (16 values)
  OVF zone : E ∈ [48..63]  (16 values)
  Transitional : adjacent to zone boundaries (±1 E step)

━━━━━━━━━━━━━━━━━━━━━━━━━━━━━━━━━━━━━━━━━━━━━━━━━━━━━━━━━━
HBS-12F  REVERSIBILITY TEST
━━━━━━━━━━━━━━━━━━━━━━━━━━━━━━━━━━━━━━━━━━━━━━━━━━━━━━━━━━

  Test 1 — ADD(x,δ) → SUB(x+δ,δ)  small δ (no rollover):
  Total cases    : 21
  Perfect recovery (error=0) : 21
  Recovery failures           : 0
  → ADD→SUB round-trip is PERFECTLY REVERSIBLE for δ < 64−f.

  Test 2 — ADD(x,63) → SUB(x+rollover,63)  (rollover):
  Total cases    : 7
  Perfect recovery : 0
  Recovery failures: 7
  → Rollover BREAKS reversibility: information irreversibly lost.

  Test 3 — MUL(x, NFE_ONE) identity test:
  Total cases      : 21
  Identity preserved : 21
  Identity violated  : 0
  → MUL identity CONFIRMED: MUL(x, 1.0) = x for all tested operands.

  Reversibility score : 42/49 = 85.7%


╔══════════════════════════════════════════════════════════════╗
║        HORUS v3 ARITHMETIC ENVELOPE — FINAL CLASSIFICATION   ║
╚══════════════════════════════════════════════════════════════╝

  Region          │ E range     │ Status
  ────────────────┼─────────────┼───────────────────────────────
  Stable (NORM)   │ 16..47       │ STABLE
  UF zone         │ 0..15         │ COLLAPSE (underflow floor)
  OVF zone        │ 48..63        │ SATURATED (max codeword)
  Transition (UF) │ E = 15..16    │ TRANSITIONAL
  Transition (OVF)│ E = 47..48    │ TRANSITIONAL

  Known Arithmetic Boundaries:
  • Minimum reliable stored_E  = 16  (actual_E = -16)
  • Maximum reliable stored_E  = 47  (actual_E = 15)
  • MUL self-underflow  : 2·E < 32  →  E < 16
  • MUL self-overflow   : 2·E > 95  →  E > 47  (with P[13]=0/1 carry)
  • ADD max rollover    : f + delta ≥ 64  →  Thoth Rollover fires
  • ADD OVF at rollover : E = 63 and rollover  →  exp_ovf_flag
  • SUB Guard-B         : f_a < delta, E > 0  →  2-cycle pipeline
  • SUB FTZ             : E < norm_shift  →  floor output
  • MUL identity        : MUL(x, NFE_ONE) = x  ∀ x  [verified]

  Information Retention:
    depth   1 :  29 unique  4.81 bits  0% floor
    depth   2 :  29 unique  4.81 bits  0% floor
    depth   4 :  29 unique  4.81 bits  0% floor
    depth   8 :  29 unique  4.81 bits  0% floor
    depth  16 :  29 unique  4.81 bits  0% floor
    depth  32 :  14 unique  2.59 bits  56% floor
    depth  64 :   1 unique  0.00 bits  100% floor
  → Floor attractor dominates at depth ≥ 32

  Safe Operating Envelope:
    stored_E ∈ [16..47]  (actual_E ∈ [-16..15])
    depth ≤ stored_E_seed  (to avoid floor attractor in chained MUL)
    ADD/SUB delta ≤ 63 − f  (to avoid information-destructive rollover)

  Recommended Deployment Envelope:
    stored_E ∈ [20..44]  — conservative 25-value window (comfortable margin)
    depth ≤ 16  — retains >50% unique outputs before collapse
    Use mode_tag=010 (Pre-Scaled) for chains approaching depth=16

