================================================================
  HBS-13  BOUNDARY GAP CHARACTERIZATION — SUMMARY LOG
  HORUS NFE v3  ·  mode_tag = 3'b000 (Standard)
  Collapse boundary E=15↔16  ·  Saturation boundary E=47↔48
================================================================

━━━━━━━━━━━━━━━━━━━━━━━━━━━━━━━━━━━━━━━━━━━━━━━━━━━━━━━━━━━━
HBS-13A  COLLAPSE EDGE SCAN   (E = 12..20, f = 0..63)
━━━━━━━━━━━━━━━━━━━━━━━━━━━━━━━━━━━━━━━━━━━━━━━━━━━━━━━━━━━━

  sub=0  MUL(x,x)  — UF / NORM / result-E per input E
  E   | UF%   NORM% | unique-results | result-E range
  ─────────────────────────────────────────────────────────
  12  | 100.0%   0.0% |              1 | 0
  13  | 100.0%   0.0% |              1 | 0
  14  | 100.0%   0.0% |              1 | 0
  15  | 100.0%   0.0% |              1 | 0 ← last UF
  16  |   0.0% 100.0% |             64 | 0..1 ← UF CLIFF
  17  |   0.0% 100.0% |             64 | 2..3
  18  |   0.0% 100.0% |             64 | 4..5
  19  |   0.0% 100.0% |             64 | 6..7
  20  |   0.0% 100.0% |             64 | 8..9

  sub=1  MUL(x, 1.0)  identity failures: 0/576
  → Identity preserved for ALL E in 12..20 (including collapse zone).
    MUL(x, ONE) is safe even below the self-multiplication UF boundary.

  sub=2  ADD(x, x)  — fraction add; boundary crossings via rollover
  E   | rollover% | f vals that cross E boundary (result.E > input.E)
  ─────────────────────────────────────────────────────────
  12  |     50.0% | f≥32 (32/64)
  13  |     50.0% | f≥32 (32/64)
  14  |     50.0% | f≥32 (32/64)
  15  |     50.0% | f≥32 (32/64) ← ADD can push E=15 → 16 !
  16  |     50.0% | f≥32 (32/64)
  17  |     50.0% | f≥32 (32/64)
  18  |     50.0% | f≥32 (32/64)
  19  |     50.0% | f≥32 (32/64)
  20  |     50.0% | f≥32 (32/64)

  sub=3  MUL(x, HALF)  UF events in E=12..20: 0
  → Scale-down is SAFE across E=12..20.
    fraction is perfectly preserved (f_b=0 preserves f_a).

━━━━━━━━━━━━━━━━━━━━━━━━━━━━━━━━━━━━━━━━━━━━━━━━━━━━━━━━━━━━
HBS-13B  SATURATION EDGE SCAN  (E = 44..52, f = 0..63)
━━━━━━━━━━━━━━━━━━━━━━━━━━━━━━━━━━━━━━━━━━━━━━━━━━━━━━━━━━━━

  sub=0  MUL(x,x)  — OVF / NORM / result-E per input E
  E   | OVF%  NORM% | unique-results | result-E range
  ─────────────────────────────────────────────────────────
  44  |   0.0% 100.0% |             64 | 56..57
  45  |   0.0% 100.0% |             64 | 58..59
  46  |   0.0% 100.0% |             64 | 60..61
  47  |   0.0% 100.0% |             64 | 62..63 ← last NORM
  48  | 100.0%   0.0% |              1 | 63 ← OVF CLIFF
  49  | 100.0%   0.0% |              1 | 63
  50  | 100.0%   0.0% |              1 | 63
  51  | 100.0%   0.0% |              1 | 63
  52  | 100.0%   0.0% |              1 | 63

  sub=1  MUL(x, 1.0)  identity failures: 0/576
  → Identity preserved for ALL E in 44..52 (including OVF zone).

  sub=2  ADD(x, x)  — saturation boundary crossings via rollover
  E   | rollover% | f vals that cross E=47→48 boundary
  ─────────────────────────────────────────────────────────
  44  |     50.0% | f≥32 (32/64)
  45  |     50.0% | f≥32 (32/64)
  46  |     50.0% | f≥32 (32/64)
  47  |     50.0% | f≥32 (32/64) ← ADD can push E=47 → OVF !
  48  |     50.0% | f≥32 (32/64)
  49  |     50.0% | f≥32 (32/64)
  50  |     50.0% | f≥32 (32/64)
  51  |     50.0% | f≥32 (32/64)
  52  |     50.0% | f≥32 (32/64)

  sub=3  MUL(x, TWO)  OVF events in E=44..52: 0

━━━━━━━━━━━━━━━━━━━━━━━━━━━━━━━━━━━━━━━━━━━━━━━━━━━━━━━━━━━━
HBS-13C  INFORMATION MIGRATION TEST
━━━━━━━━━━━━━━━━━━━━━━━━━━━━━━━━━━━━━━━━━━━━━━━━━━━━━━━━━━━━

  Chain multipliers: HALF (scale-down) · TWO (scale-up)
  Fraction preserved analytically (f_b=0 → f_result=f_a).

  ── Seed E=24 ──
  Scale DOWN (32 steps × MUL(state, HALF)):
    Step 0 → E=24  (start)
    Step  1 → E=23  
    Step 16 → E=8  
    Step 25 → E=0   ← UF (floor reached)
    Step 26 → E=0   ← UF (floor reached)
    Step 27 → E=0   ← UF (floor reached)
    Step 28 → E=0   ← UF (floor reached)
    Step 29 → E=0   ← UF (floor reached)
    Step 30 → E=0   ← UF (floor reached)
    Step 31 → E=0   ← UF (floor reached)
    Step 32 → E=0   ← UF (floor reached)
    UF events: 8  OVF events: 0
    Floor first reached: step 25  (E=24 → floor in 25 steps = E_seed+1)
  Scale UP (32 steps × MUL(state, TWO)):
    Step 0 → E=24  (start)
    Step  1 → E=25  
    Step 16 → E=40  
    Step 32 → E=56  
    OVF events: 0
    No OVF in 32 steps.  Final E = 56

  ── Seed E=32 ──
  Scale DOWN (32 steps × MUL(state, HALF)):
    Step 0 → E=32  (start)
    Step  1 → E=31  
    Step 16 → E=16  
    Step 32 → E=0  
    UF events: 0  OVF events: 0
    No floor in 32 steps.  Final E = 0
  Scale UP (32 steps × MUL(state, TWO)):
    Step 0 → E=32  (start)
    Step  1 → E=33  
    Step 16 → E=48  
    Step 32 → E=63   ← OVF (saturation reached)
    OVF events: 1
    OVF first reached: step 32  (E=32+32=E+steps → OVF)

  ── Seed E=40 ──
  Scale DOWN (32 steps × MUL(state, HALF)):
    Step 0 → E=40  (start)
    Step  1 → E=39  
    Step 16 → E=24  
    Step 32 → E=8  
    UF events: 0  OVF events: 0
    No floor in 32 steps.  Final E = 8
  Scale UP (32 steps × MUL(state, TWO)):
    Step 0 → E=40  (start)
    Step  1 → E=41  
    Step 16 → E=56  
    Step 24 → E=63   ← OVF (saturation reached)
    Step 25 → E=63   ← OVF (saturation reached)
    Step 26 → E=63   ← OVF (saturation reached)
    Step 27 → E=63   ← OVF (saturation reached)
    Step 28 → E=63   ← OVF (saturation reached)
    Step 29 → E=63   ← OVF (saturation reached)
    Step 30 → E=63   ← OVF (saturation reached)
    Step 31 → E=63   ← OVF (saturation reached)
    Step 32 → E=63   ← OVF (saturation reached)
    OVF events: 9
    OVF first reached: step 24  (E=40+24=E+steps → OVF)


━━━━━━━━━━━━━━━━━━━━━━━━━━━━━━━━━━━━━━━━━━━━━━━━━━━━━━━━━━━━
HBS-13D  RECOVERY TEST
━━━━━━━━━━━━━━━━━━━━━━━━━━━━━━━━━━━━━━━━━━━━━━━━━━━━━━━━━━━━

  For each anchor (E=24,32,40, f=31):
  Scenario A: 20-step descent (no floor) → 20-step ascent
  Scenario B: floor descent → same-count ascent

  Scenario A  (near-boundary, no floor):
  Anchor | Steps | Bottom-E | Bottom-f | Recov-E | Recov-f | E-match | f-match
  ────────────────────────────────────────────────────────────────────────
      24 |    20 |        4 |       31 |      24 |      31 | YES     | YES
      32 |    20 |       12 |       31 |      32 |      31 | YES     | YES
      40 |    20 |       20 |       31 |      40 |      31 | YES     | YES

  Scenario B  (through-floor, absorbing):
  Anchor | Steps | Bottom-E | Bottom-f | Recov-E | Recov-f | E-off | f-match
  ────────────────────────────────────────────────────────────────────────
      24 |    26 |        0 |        0 |      26 |       0 |    +2 | NO (0 vs 31)
      32 |    34 |        0 |        0 |      34 |       0 |    +2 | NO (0 vs 31)
      40 |    42 |        0 |        0 |      42 |       0 |    +2 | NO (0 vs 31)

  Summary:
  Scenario A: E and f BOTH fully recovered — near-boundary is REVERSIBLE.
  Scenario B: E offset = +2 deterministically (floor absorbs 2 down-steps);
              f = 0 regardless of original — floor DESTROYS fraction.
  Recovery classification:
    Near-boundary    → FULLY RECOVERABLE
    Through-floor    → E PARTIALLY RECOVERABLE (deterministic +2 offset),
                       f IRRECOVERABLE (permanent zero)

━━━━━━━━━━━━━━━━━━━━━━━━━━━━━━━━━━━━━━━━━━━━━━━━━━━━━━━━━━━━
HBS-13E  FRACTION SURVIVAL ANALYSIS
━━━━━━━━━━━━━━━━━━━━━━━━━━━━━━━━━━━━━━━━━━━━━━━━━━━━━━━━━━━━

  Collapse boundary zone  E=14..18  (MUL(x,x) and MUL(x,ONE) identity)
  E   | MUL(x,x) unique | eff.bits | identity-ok | MUL(x,x) result-E
  ────────────────────────────────────────────────────────────
  14  |                 1 |     0.00 |    64/ 64  | 0
  15  |                 1 |     0.00 |    64/ 64  | 0
  16  |                64 |     6.00 |    64/ 64  | 0..1 ← MUL(x,x) result in collapse zone
  17  |                64 |     6.00 |    64/ 64  | 2..3 ← MUL(x,x) result in collapse zone
  18  |                64 |     6.00 |    64/ 64  | 4..5 ← MUL(x,x) result in collapse zone

  Saturation boundary zone  E=46..50  (MUL(x,x) and MUL(x,ONE) identity)
  E   | MUL(x,x) unique | eff.bits | identity-ok | MUL(x,x) result-E
  ────────────────────────────────────────────────────────────
  46  |                64 |     6.00 |    64/ 64  | 60..61
  47  |                64 |     6.00 |    64/ 64  | 62..63
  48  |                 1 |     0.00 |    64/ 64  | 63
  49  |                 1 |     0.00 |    64/ 64  | 63
  50  |                 1 |     0.00 |    64/ 64  | 63

  Key observations:
  • MUL(x,ONE) identity: 100% for ALL E values tested (both zones).
  • MUL(x,x) collapse zone (E=14,15): all outputs = floor, 0 eff.bits.
  • MUL(x,x) at E=16: E_result=0 (no UF flag), ~29 unique outputs.
  • MUL(x,x) at E=17..18: E_result=2,4 — result drifts deeper into collapse.
  • MUL(x,x) OVF zone (E=48,49,50): all outputs = max, 1 unique output.
  • MUL(x,x) at E=47: E_result ∈ {62,63} — fraction partially preserved.
  • MUL(x,x) at E=46: E_result ∈ {60,61} — fully NORM, fraction varied.

━━━━━━━━━━━━━━━━━━━━━━━━━━━━━━━━━━━━━━━━━━━━━━━━━━━━━━━━━━━━
HBS-13F  BOUNDARY GEOMETRY CLASSIFICATION
━━━━━━━━━━━━━━━━━━━━━━━━━━━━━━━━━━━━━━━━━━━━━━━━━━━━━━━━━━━━

  ── Collapse Boundary  (E=15 ↔ 16)  MUL(x,x) UF sharpness ──
  E=15  UF rate: 100.0%  PURE
  E=16  UF rate: 0.0%  PURE
  Geometry: CLIFF  (100% → 0% in single E-step, no fraction dependence)

  ── Saturation Boundary  (E=47 ↔ 48)  MUL(x,x) OVF sharpness ──
  E=47  OVF rate: 0.0%
  E=48  OVF rate: 100.0%
  Geometry: CLIFF  (0% → 100% in single E-step, no fraction dependence)

  ── ADD-induced boundary crossing ──
  E=15 → 16 via ADD rollover: 32/64 f values  (f ≥ 32)
  E=47 → 48 via ADD rollover: 32/64 f values  (f ≥ 32)
  → ADD operation can transport values ACROSS phase boundaries.
  → 50% of E=15 inputs (f≥32) can be rescued into stable zone by ADD.
  → 50% of E=47 inputs (f≥32) will be pushed into saturation by ADD.

  ── Hysteresis check ──
  MUL(x,x) boundary is purely determined by stored_E of both operands.
  No history, no state carry-over between operations: no hysteresis.

  ╔═══════════════════════════════════════════════════╗
  ║  BOUNDARY GEOMETRY: CLIFF (both boundaries)       ║
  ║  Transition type: instantaneous, single-E-step    ║
  ║  Fraction dependence: NONE for MUL(x,x)          ║
  ║  ADD-induced crossing: 50% (f≥32) each side       ║
  ╚═══════════════════════════════════════════════════╝


╔══════════════════════════════════════════════════════════════╗
║      HORUS v3 BOUNDARY GAP ANALYSIS — FINAL CLASSIFICATION  ║
╚══════════════════════════════════════════════════════════════╝

  COLLAPSE BOUNDARY  (E = 15 ↔ 16)
  ┌──────────────────────────────────────────────────────────┐
  │ Information loss type: IMMEDIATE FLOOR (f=0 forced)     │
  │ Recoverability:        PARTIAL — E recovers, f does NOT │
  │                        +2 E offset after floor round-trip│
  │ Fraction survival:     0 eff. bits below boundary        │
  │ Geometry:              CLIFF — single-E-step transition  │
  │ ADD-induced crossing:  YES — 50% of E=15 inputs (f≥32)  │
  │                        can be rescued by ADD into E=16   │
  └──────────────────────────────────────────────────────────┘

  SATURATION BOUNDARY  (E = 47 ↔ 48)
  ┌──────────────────────────────────────────────────────────┐
  │ Information loss type: MAX CODEWORD (f=63 forced)       │
  │ Recoverability:        PARTIAL — E direction recovers,  │
  │                        f=63 contamination persists       │
  │ Fraction survival:     0 eff. bits above boundary        │
  │ Geometry:              CLIFF — single-E-step transition  │
  │ ADD-induced crossing:  YES — 50% of E=47 inputs (f≥32)  │
  │                        pushed into OVF by ADD rollover   │
  └──────────────────────────────────────────────────────────┘

  GLOBAL ASSESSMENT
  ─────────────────────────────────────────────────────────────
  Category                      │ Status
  ──────────────────────────────┼────────────────────────────
  Recoverable by Scaling        │ PARTIAL — E only, not f
  Recoverable by Scheduling     │ YES — depth monitor prevents
                                │        descent into floor
  Requires Encoding Change      │ NO — boundaries are algebraic
                                │      properties of Bias-32
  Inherent Limitation           │ YES — 50% exponent utilisation
                                │       is an architectural constant

  Identity operation MUL(x, ONE): FULLY SAFE in all zones.
  Scale-down MUL(x, HALF)       : SAFE across E=12..20 (no UF).
  Scale-up   MUL(x, TWO)        : SAFE across E=44..52 (single OVF at E=63).
  Near-boundary round-trip      : PERFECTLY REVERSIBLE (E and f).
  Through-floor round-trip      : IRREVERSIBLE (f=0 permanently).

