HBS CORE STABILITY SUITE — MASTER INDEX
Horus NFE v3 | horus_system | host_tile_depth=63
FAILURE MAPPING — observe only, no RTL modification

=== TEST_01_UNDERFLOW_SCAN ===
failure modes: multiply floor sentinel collapse
stability: collapse observed at boundary f
collapse points: irst collapse index logged above
anomalies: see ghost_zero_like counter
confidence: 0/100  uf=126 ovf=0 ghost=0

=== TEST_02_EXPONENT_CHAOS ===
failure modes: re; saturation and floor streaks
stability: unded oscillation or convergence
collapse points: no long sat/floor lock-in
anomalies: see unique_stored_E count
confidence: 100/100  uf=0 ovf=0 ghost=0

=== TEST_03_ACCUM_BIAS ===
failure modes: ix integer codeword accumulation
stability: monotonic pe_accum growth
collapse points: floor regime dominant
anomalies: see non_monotonic counter
confidence: 0/100  uf=392 ovf=0 ghost=0

=== TEST_04_CANCELLATION ===
failure modes: ccumulation ADD SUB delta cancel
stability: ancellation symmetry in pe_accum
collapse points: MUL sign symmetry in codewords
anomalies: ghost_zero_like counter in log
confidence: 100/100  uf=0 ovf=0 ghost=0

=== TEST_05_DISTRIBUTION_SHOCK ===
failure modes: e; saturation vs floor dominance
stability: aturation-dominated under spikes
collapse points: spike group drives OVF band
anomalies: see recover_noise counter
confidence: 94/100  uf=0 ovf=34 ghost=0

=== TEST_06_GHOST_ZERO ===
failure modes: zero collapses flagged or absent
stability:  flagged or non-zero propagation
collapse points: see flagged_zero counter
anomalies: o_like total in summary counters
confidence: 100/100  uf=58 ovf=0 ghost=0

=== SSC_RTL_VALIDATION === 2026-07-05  P1:NOT_CONFIRMED(arch_gap:scale_reg L502 unexposed)  P2:CONFIRMED(onset=2,final=23.95%,DUT_stall=1.25@c52,golden_eigvec=1.6436@c11)  P3:CONFIRMED(final=93.50%,sat=136,first_sat=c240)  contractive:floor_stall@c194  see docs/SSC_RTL_VALIDATION.md

=== PF_SYNTHESIS_COMPARISON === 2026-07-05  baseline:area=10422.5um2,cells=1382,dffs=100  pf:area=16557.1um2,cells=2320,dffs=132  delta:+58.9%area,+67.9%cells,+32dffs  funccheck:PASS(0.18%<1%)  timing:not-measured  see docs/PF_SYNTHESIS_COMPARISON.md

=== PF_DECISION_INPUTS === 2026-07-05  sys_area_baseline=188742um2  sys_area_pf=289488um2  sys_delta=+53.4%  nfe_share_baseline=88.4%  min_viable_accum_W=18(err=0.35%,dff_save=14/tile,224/horus_top)  spotcheck:PASS(RTL=0.1798%,Py=0.1798%,no_divergent_cycles)  timing:not-measured  see docs/PF_DECISION_INPUTS.md

=== PF18_SYNTHESIS === 2026-07-05  variant:horus_nfe_pf18(W=18,sat_guard)  funccheck:PASS(neutral=0.18%<=0.5%,clamp_engaged=2039_rows_expansive)  core:area=15202um2,cells=2075,dffs=118(vs_baseline:+45.9%area,+50.1%cells,+18dffs)  sys_top:area=263443um2,cells=34679,dffs=2316(vs_baseline:+39.6%area,+44.3%cells,+14.2%dffs)  comb_saving_vs_pf32:8.2%_core_area  timing:not-measured  see docs/PF_DECISION_INPUTS.md#pf18-update

=== ADR_001_PF18_ADOPTION === 2026-07-05  decision:PF-W18_ACCEPTED  cost:+39.6%_system_area(~11vs16_tiles)  rejected:baseline(23.95%_error),pf_w32(dominated_by_w18)  open_items:timing_unmeasured,contractive_floor_stall_unaddressed  pf_w32_status:SUPERSEDED  see docs/ADR_001_PF18_ADOPTION.md

=== PF18_POWER_ITERATION === 2026-07-05  seed:0xFACEFEED  matrix:8x8_symm_pos_entries[0.25,1.25)  lambda_max_gold=7.1635  pf18:lambda_dut=5.6139(err=-21.6%_saturated),align=0.9909,first_t99=2  baseline:lambda_dut=7.1346(err=0.40%),align=0.9993,first_t99=1  python_w18:exact_match_rtl_pf18  finding:w18_sat_fires(row_sum~2.12>W18_ceil~2.00)_direction_preserved  finding:baseline_converges_normalised_pi_normalisation_masks_requant_error  see docs/PF18_POWER_ITERATION.md

=== NORM_INTERVAL_SWEEP === 2026-07-05  chains:100  depth:256  paths:baseline+pf18  k_values:{1,2,4,8,16,32,64,128,inf}  ssc_break_even_baseline:k=128(mre=0.545%<=1%)  ssc_break_even_pf18:all_k(mre~0.543%)  pi_break_even_baseline:k=8(align=1.0000>=0.99)  pi_break_even_pf18:k=1_only(0.9963>=0.99;k>=2_saturated_at_0.9892)  finding:baseline_BEATS_pf18_on_pi_workload_for_k=2..8  see sim/NORM_INTERVAL_SWEEP.csv  doc:docs/NORM_VS_PF18.md

=== NORM_INTERVAL_RTL === 2026-07-05  SEED_SSC_C0:0x9FAB5AA7  SEED_PI_C0:0x50753230  cell1:SSC_k=128_baseline_mre=0.5524%(pred=0.5417%)_CONFIRMED  cell2:SSC_k=inf_baseline_mre=24.6959%(pred=24.6959%)_CONFIRMED  cell3:PI_k=8_baseline_align=0.999994(pred=0.999981)_CONFIRMED  see tb/tb_norm_interval.v  sim/NORM_INTERVAL_RTL.csv  doc:docs/NORM_VS_PF18.md

=== ADR_001_REVISION === 2026-07-05  status:PREMISE_CHALLENGED_PENDING_REVISION  reason:baseline+norm_beats_pf18_on_pi_workload(align=1.0000_vs_0.9892)_at_~30-100x_lower_area  option_A:baseline+norm_k_leq_8(pi)/k_leq_128(ssc)  option_B:pf18(saturation_workload_ceiling)  option_A_dominates_option_B_for_pi_workload  see docs/NORM_VS_PF18.md  docs/ADR_001_PF18_ADOPTION.md
=== ADR_002 === 2026-07-05  status:ACCEPTED  decision:baseline+norm_Option_A_adopted  supersedes:ADR_001_PF18_ADOPTION  pf18_superseded  on_chip_norm_rtl:estimate_pending_synthesis  timing:unmeasured  see docs/ADR_002_NORMALIZATION_ARCHITECTURE.md
=== HOPFIELD_DEMO_PY === 2026-07-05  N=64  K=3  patterns:H,T,X  n_trials=20  flip_levels:{8,13}  recall:120/120(100%)  spurious:7/8_found  n_spurious_seeds=8  path:baseline_PATH_NFE  weights_NFE_E:{26,27}(NORM_band)  see sim/hopfield_demo.py  sim/HOPFIELD_DEMO_PY.csv
=== HOPFIELD_RTL === 2026-07-05  DUT:horus_nfe_baseline  recall:120/120(100%)  spurious:7/8  agreement_with_python:CONFIRMED(0_divergent_iterations/360)  initial_mismatch_fixed:corrupt_swap_vs_pop  see tb/tb_hopfield_recall.v  sim/HOPFIELD_TRACE.csv  sim/analyze_hopfield.py
=== HOPFIELD_DEMO_DOC === 2026-07-05  result:baseline_horus_nfe_performs_content_addressable_memory_recall  sign_step_in_harness=state_regrounding_same_as_normalization  see docs/HOPFIELD_DEMO.md
=== EXPNORM_SWEEP === 2026-07-05  E_TARGET=32  N_CHAINS=100  DEPTH=256  metric:alignment(scale-invariant)  ssc_break_even:exact=k_inf,expnorm=k_inf(both_pass_all_k)  pi_break_even:exact=k=8,expnorm=k=8  verdict:PASS(within_zero_k_steps)  see sim/expnorm_sweep.py  sim/EXPNORM_SWEEP.csv  sim/EXPNORM_GOLDEN.csv  sim/EXPNORM_GOLDEN.dat
=== HORUS_NORM_RTL === 2026-07-05  DUT:horus_norm(N=8,E_TARGET=32)  unit_tests:7/7_directed+1000/1000_random(0_mismatch)  integration:SSC_k=128_CONFIRMED(align=1.000000)  PI_k=8_CONFIRMED(align=0.999992)  hopfield_smoke_CONFIRMED  overall:11/11_PASS  see rtl/horus_norm.v  tb/tb_horus_norm.v
=== EXPNORM_SYNTH === 2026-07-05  tool:yosys+Sky130HD_TT025C_1v80  standalone:565_cells(105_DFFs)+5352.6_um2  system_delta:+2.84%(1_norm_per_horus_top)  estimate_was:+0.3_to_1.3%_UNDERESTIMATE(missing_output_register_bank_104_DFF=2102_um2)  decision_unaffected:2.84%<<PF18_39.6%  see sim/synth_horus_norm.ys  docs/EXPNORM_RESULTS.md
=== ADR_002_UPDATED === 2026-07-05  open_item_1_CLOSED:horus_norm_built_verified_synthesised(+2.84%_measured)  adr_status:ACCEPTED_unchanged  see docs/ADR_002_NORMALIZATION_ARCHITECTURE.md  docs/EXPNORM_RESULTS.md
=== MLP_TRAIN === 2026-07-05  arch:64->16->10_MLP_ReLU_argmax  dataset:sklearn_load_digits(1797_samples_8x8_10class)  split:80/20_seed42  fp64_acc:96.67%(348/360)  quantize:nfe_v3_NORM_band_scale2^0  W1:1024/1024_in_NORM  W2:160/256_in_NORM(96_zero_padding)  see sim/mlp_train.py  sim/MLP_W1.hex  sim/MLP_B1.hex  sim/MLP_W2.hex  sim/MLP_B2.hex  sim/MLP_TEST_IMAGES.hex
=== MLP_INFER_GATE_FAIL === 2026-07-05  status:GATE_FAIL  pipeline_a_fp64:96.67%  pipeline_b_nfe_weights_fp64_acts:96.67%  pipeline_c_full_nfe_perblock_expnorm:84.72%  delta:-11.94pp(threshold:5pp)  root_cause:per_block_expnorm_destroys_inter_block_relative_magnitudes  diagnostic:nfe_no_expnorm=96.67%,global_expnorm=96.39%,per_block=84.72%  task3_skipped  see sim/mlp_infer_nfe.py  sim/MLP_PY_TRACE.csv  docs/MLP_INFERENCE_DEMO.md
=== MLP_INFERENCE_DEMO_DOC === 2026-07-05  result:NEGATIVE(task2_gate_triggered)  finding:horus_norm_N8_per_block_incompatible_with_16neuron_hidden_layer  fix_options:(a)no_expnorm(b)global_expnorm_shared_offset(c)8neuron_hidden  see docs/MLP_INFERENCE_DEMO.md
=== HORUS_NORM_V2 === 2026-07-05  module:rtl/horus_norm_v2.v  additions_over_v1:e_max_out[5:0](registered_max_tree_result)+offset_mode+offset_in[6:0](external_signed_offset)  mode0:byte_identical_to_v1(1000/1000_regression_PASS)  composition_test:200/200_two_block_trials_PASS  root_cause_fix:shared_offset_enables_N>8_normalization_by_composition  see rtl/horus_norm_v2.v  tb/tb_horus_norm_v2.v  sim/EXPNORM_V2_GOLDEN.dat
=== MLP_INFER_V2_GATE_PASS === 2026-07-05  status:GATE_PASS  pipeline_a:96.67%  pipeline_b:96.67%  pipeline_c_shared_offset_expnorm:96.39%  pipeline_d_no_expnorm:96.67%  delta_c_vs_a:-0.28pp(threshold:5pp)  fix:horus_norm_v2_two_pass_composition  see sim/mlp_infer_nfe.py  sim/MLP_PY_TRACE.csv  sim/MLP_SHOWCASE.dat
=== MLP_RTL_INFERENCE === 2026-07-05  status:COMPLETE  rtl_accuracy:96.39%(347/360)  prediction_agreement:360/360  activation_agreement:359/360(1_image_1bit_mantissa_LSB_rounding_no_impact)  dtut:horus_nfe+horus_norm_v2_two_pass_composition  showcase:img0(easy_class5_CORRECT)+img231(close_flip_9_CORRECT_margin0.009)+img36(class6_WRONG_pred8_FP64_also_wrong)  see tb/tb_mlp_inference.v  sim/MLP_RTL_TRACE.csv  sim/analyze_mlp.py
