======================================================================
HBS-C10: PREDICTIVE VALIDATION — SUMMARY LOG
======================================================================

BLIND PREDICTION METHODOLOGY:
  Predictions generated from C8 attractor model rules BEFORE
  simulation CSV was read. See HBS_C10_PREDICTIONS.csv.

WORKLOADS TESTED: 20 (WL00–WL19)
EPOCHS CLASSIFIED: 380

C10A — WORKLOAD-LEVEL PREDICTION ACCURACY
  75.0% (15/20 correct)

  [OK] WL00: pred=A1 meas=A1
  [OK] WL01: pred=A1 meas=A1
  [OK] WL02: pred=A2 meas=A2
  [OK] WL03: pred=A2 meas=A2
  [OK] WL04: pred=A3 meas=A3
  [OK] WL05: pred=A3 meas=A3
  [OK] WL06: pred=A4 meas=A4
  [OK] WL07: pred=A1 meas=A1
  [!!] WL08: pred=A2 meas=A1
  [OK] WL09: pred=A3 meas=A3
  [OK] WL10: pred=A1 meas=A1
  [!!] WL11: pred=A2 meas=A1
  [OK] WL12: pred=A1 meas=A1
  [OK] WL13: pred=A1 meas=A1
  [OK] WL14: pred=A1 meas=A1
  [!!] WL15: pred=A2 meas=A3
  [!!] WL16: pred=A4 meas=A1
  [OK] WL17: pred=A1 meas=A1
  [!!] WL18: pred=A2 meas=A1
  [OK] WL19: pred=A3 meas=A3

C10B — EPOCH CONFUSION MATRIX
           Measured →
             A1    A2    A3    A4
           ----------------------------
Pred A1 |   168     0     0     0
Pred A2 |    39    49     0     0
Pred A3 |     0     0    86     0
Pred A4 |    11     0     0    27

  Accuracy:  86.8%
  Macro F1:  0.8541
  A1: P=0.771  R=1.000  F1=0.870
  A2: P=1.000  R=0.557  F1=0.715
  A3: P=1.000  R=1.000  F1=1.000
  A4: P=1.000  R=0.711  F1=0.831

C10C — PARAMETER SWEEP DISAGREEMENT MAP
  D1×E0: acc=100.0% n=38
  D1×E1: acc=91.7% n=72
  D1×E2: acc=82.7% n=255
  D1×E3: acc=100.0% n=15

C10D — EMERGENCE SEARCH
  Mismatches: 50
  Prediction errors: 30
  Measurement noise: 20
  Verified NEW: 0

C10E — ATTRACTOR REDUCTION
  4-attractor: F1=0.8541
  3-attractor (A1+A4 merged): F1=0.8763
  2-attractor (A2 vs rest):   F1=0.8264
  F1 loss 4→3: -0.0221
  F1 loss 3→2: +0.0499

======================================================================
FINAL VERDICT: MODEL_SUFFICIENT
4-attractor model F1=0.854 ≥ 0.85; 3-attractor F1=0.876 < 0.95. Model is minimal.
======================================================================

QUANTITATIVE EVIDENCE (F1 ≥ 0.85):
  4-attractor macro F1 = 0.8541 ≥ 0.85 threshold
  3-attractor macro F1 = 0.8763 < 0.95 threshold
  → Minimum attractor count = 4. No merge possible.
