========================================================================
HBS-C19: Closure Falsification Under Cross-Domain Coupling
========================================================================
Total cycles: 10000

‚îÄ‚îÄ R1-PhantomFeedback (2000 cycles) ‚îÄ‚îÄ
   CLI_REF (injected‚Üícomputed_ref) : NaN‚Üí0.0  ‚Üê PRIMARY falsif. metric
   CLI_INJ (injected‚Üícomputed_inj) : 0.019821  [CLI_INJ high EXPECTED: deliberate op_a coupling]
   CLI_DELTA (inj‚Üí|comp_inj-comp_ref|): 0.386682
   CVS violations                  : 0  (0.0000%)
   Attractor dist (ref) : {'A1': 125, 'A2': 0, 'A3': 0, 'A4': 0}  (total epochs=125)
   Attractor dist (inj) : {'A1': 125, 'A2': 0, 'A3': 0, 'A4': 0}
   Mean accum |Œî|       : 171.77
   Max  accum |Œî|       : 336
   Unknown E-field values : None

‚îÄ‚îÄ R2-ModeTagEcho (2000 cycles) ‚îÄ‚îÄ
   CLI_REF (injected‚Üícomputed_ref) : NaN‚Üí0.0  ‚Üê PRIMARY falsif. metric
   CLI_INJ (injected‚Üícomputed_inj) : NaN‚Üí0.0
   CLI_DELTA (inj‚Üí|comp_inj-comp_ref|): NaN‚Üí0.0
   CVS violations                  : 0  (0.0000%)
   Attractor dist (ref) : {'A1': 125, 'A2': 0, 'A3': 0, 'A4': 0}  (total epochs=125)
   Attractor dist (inj) : {'A1': 125, 'A2': 0, 'A3': 0, 'A4': 0}
   Mean accum |Œî|       : 65133.57
   Max  accum |Œî|       : 132048
   Unknown E-field values : None

‚îÄ‚îÄ R3-EFieldPerturb (2000 cycles) ‚îÄ‚îÄ
   CLI_REF (injected‚Üícomputed_ref) : NaN‚Üí0.0  ‚Üê PRIMARY falsif. metric
   CLI_INJ (injected‚Üícomputed_inj) : NaN‚Üí0.0
   CLI_DELTA (inj‚Üí|comp_inj-comp_ref|): NaN‚Üí0.0
   CVS violations                  : 0  (0.0000%)
   Attractor dist (ref) : {'A1': 125, 'A2': 0, 'A3': 0, 'A4': 0}  (total epochs=125)
   Attractor dist (inj) : {'A1': 125, 'A2': 0, 'A3': 0, 'A4': 0}
   Mean accum |Œî|       : 65638.34
   Max  accum |Œî|       : 132048
   Unknown E-field values : None

‚îÄ‚îÄ R4-AccumReplay (2000 cycles) ‚îÄ‚îÄ
   CLI_REF (injected‚Üícomputed_ref) : NaN‚Üí0.0  ‚Üê PRIMARY falsif. metric
   CLI_INJ (injected‚Üícomputed_inj) : NaN‚Üí0.0
   CLI_DELTA (inj‚Üí|comp_inj-comp_ref|): NaN‚Üí0.0
   CVS violations                  : 0  (0.0000%)
   Attractor dist (ref) : {'A1': 125, 'A2': 0, 'A3': 0, 'A4': 0}  (total epochs=125)
   Attractor dist (inj) : {'A1': 125, 'A2': 0, 'A3': 0, 'A4': 0}
   Mean accum |Œî|       : 58302.34
   Max  accum |Œî|       : 117376
   Unknown E-field values : None

‚îÄ‚îÄ R5-TimeReversal (2000 cycles) ‚îÄ‚îÄ
   CLI_REF (injected‚Üícomputed_ref) : 0.000000  ‚Üê PRIMARY falsif. metric
   CLI_INJ (injected‚Üícomputed_inj) : 0.000000  [CLI_INJ high EXPECTED: deliberate op_sel reversal]
   CLI_DELTA (inj‚Üí|comp_inj-comp_ref|): 1.000000
   CVS violations                  : 0  (0.0000%)
   Attractor dist (ref) : {'A1': 125, 'A2': 0, 'A3': 0, 'A4': 0}  (total epochs=125)
   Attractor dist (inj) : {'A1': 125, 'A2': 0, 'A3': 0, 'A4': 0}
   Mean accum |Œî|       : 968.19
   Max  accum |Œî|       : 3904
   Unknown E-field values : None

‚îÄ‚îÄ R5 Temporal Non-Commutativity Analysis ‚îÄ‚îÄ
   R5 Phase 2 epochs analysed      : 62
   Mean epoch-end accum |Œî|         : 0.00
   Cycles where op_sel_ref‚âÝop_sel_inj: 992
   Computed divergence (same op_sel) : 0  (MUST be 0)
   CLI(epoch_order, computed_delta)  :      nan

‚îÄ‚îÄ Attractor Drift Rate vs R5 Phase-1 Baseline ‚îÄ‚îÄ
   Baseline (R5 Phase 1): {'A1': 63, 'A2': 0, 'A3': 0, 'A4': 0} (total=63)
   R1-PhantomFeedback: ADR_ref=0.000%  ADR_inj=0.000%
   R2-ModeTagEcho: ADR_ref=0.000%  ADR_inj=0.000%
   R3-EFieldPerturb: ADR_ref=0.000%  ADR_inj=0.000%
   R4-AccumReplay: ADR_ref=0.000%  ADR_inj=0.000%
   R5-TimeReversal: ADR_ref=0.000%  ADR_inj=0.000%

‚îÄ‚îÄ State Contamination Index ‚îÄ‚îÄ
   SCI: max CLI_REF (state‚Üíref computation) : 0.000000  ‚Üê closure metric
   max CLI_INJ (state‚Üíinj computation)     : 0.019821  (informational)

========================================================================
HARD FALSIFICATION EVALUATION
========================================================================

CLASSIFICATION: STRONGLY_CLOSED

No measurable causal leakage detected in any regime.
All CLI values are undefined (constant series) or < 0.001.
computed_ref remains invariant under all 5 adversarial injection regimes.
No new attractor states observed. No causal loops detected.

========================================================================
QUANTITATIVE SUMMARY
========================================================================
Regime                          CLI_REF    CLI_INJ    CVS   MeanŒîAccum
----------------------------------------------------------------------
R1-PhantomFeedback                NaN‚Üí0   0.019821      0       171.77
R2-ModeTagEcho                    NaN‚Üí0      NaN‚Üí0      0     65133.57
R3-EFieldPerturb                  NaN‚Üí0      NaN‚Üí0      0     65638.34
R4-AccumReplay                    NaN‚Üí0      NaN‚Üí0      0     58302.34
R5-TimeReversal                0.000000   0.000000      0       968.19
----------------------------------------------------------------------
           SCI (max CLI_REF)   0.000000
         Max Attractor Drift     0.000%
   TNC: accum (mean epoch Œî)           0.00
 TNC: computed same-sel viol              0

FINAL VERDICT: STRONGLY_CLOSED
========================================================================
