
-- Executing script file `synth_horus_norm.ys' --

1. Executing Verilog-2005 frontend: ../rtl/horus_norm.v
Parsing Verilog input from `../rtl/horus_norm.v' to AST representation.
Generating RTLIL representation for module `\horus_norm'.
Successfully finished Verilog frontend.

2. Executing SYNTH pass.

2.1. Executing HIERARCHY pass (managing design hierarchy).

2.1.1. Analyzing design hierarchy..
Top module:  \horus_norm

2.1.2. Analyzing design hierarchy..
Top module:  \horus_norm
Removed 0 unused modules.

2.2. Executing PROC pass (convert processes to netlists).

2.2.1. Executing PROC_CLEAN pass (remove empty switches from decision trees).
Cleaned up 0 empty switches.

2.2.2. Executing PROC_RMDEAD pass (remove dead branches from decision trees).
Marked 2 switch rules as full_case in process $proc$../rtl/horus_norm.v:134$100 in module horus_norm.
Marked 2 switch rules as full_case in process $proc$../rtl/horus_norm.v:134$92 in module horus_norm.
Marked 2 switch rules as full_case in process $proc$../rtl/horus_norm.v:134$84 in module horus_norm.
Marked 2 switch rules as full_case in process $proc$../rtl/horus_norm.v:134$76 in module horus_norm.
Marked 2 switch rules as full_case in process $proc$../rtl/horus_norm.v:134$68 in module horus_norm.
Marked 2 switch rules as full_case in process $proc$../rtl/horus_norm.v:134$60 in module horus_norm.
Marked 2 switch rules as full_case in process $proc$../rtl/horus_norm.v:134$52 in module horus_norm.
Marked 2 switch rules as full_case in process $proc$../rtl/horus_norm.v:134$44 in module horus_norm.
Marked 1 switch rules as full_case in process $proc$../rtl/horus_norm.v:159$42 in module horus_norm.
Removed a total of 0 dead cases.

2.2.3. Executing PROC_INIT pass (extract init attributes).

2.2.4. Executing PROC_ARST pass (detect async resets in processes).

2.2.5. Executing PROC_MUX pass (convert decision trees to multiplexers).
Creating decoders for process `\horus_norm.$proc$../rtl/horus_norm.v:134$100'.
     1/7: $2$func$\clamp_nfe$../rtl/horus_norm.v:156$16$\clamp_nfe[12:0]$107
     2/7: $1$func$\clamp_nfe$../rtl/horus_norm.v:156$16$\clamp_nfe[12:0]$106
     3/7: $0$func$\clamp_nfe$../rtl/horus_norm.v:156$8$\clamp_nfe[12:0]$101
     4/7: $0$func$\clamp_nfe$../rtl/horus_norm.v:156$16$\clamp_nfe[12:0]$102
     5/7: $0$func$\clamp_nfe$../rtl/horus_norm.v:156$16$\ne[7:0]$105
     6/7: $0$func$\clamp_nfe$../rtl/horus_norm.v:156$16$\frac[5:0]$104
     7/7: $0$func$\clamp_nfe$../rtl/horus_norm.v:156$16$\sgn[0:0]$103
Creating decoders for process `\horus_norm.$proc$../rtl/horus_norm.v:134$92'.
     1/7: $2$func$\clamp_nfe$../rtl/horus_norm.v:155$15$\clamp_nfe[12:0]$99
     2/7: $1$func$\clamp_nfe$../rtl/horus_norm.v:155$15$\clamp_nfe[12:0]$98
     3/7: $0$func$\clamp_nfe$../rtl/horus_norm.v:155$7$\clamp_nfe[12:0]$93
     4/7: $0$func$\clamp_nfe$../rtl/horus_norm.v:155$15$\clamp_nfe[12:0]$94
     5/7: $0$func$\clamp_nfe$../rtl/horus_norm.v:155$15$\ne[7:0]$97
     6/7: $0$func$\clamp_nfe$../rtl/horus_norm.v:155$15$\frac[5:0]$96
     7/7: $0$func$\clamp_nfe$../rtl/horus_norm.v:155$15$\sgn[0:0]$95
Creating decoders for process `\horus_norm.$proc$../rtl/horus_norm.v:134$84'.
     1/7: $2$func$\clamp_nfe$../rtl/horus_norm.v:154$14$\clamp_nfe[12:0]$91
     2/7: $1$func$\clamp_nfe$../rtl/horus_norm.v:154$14$\clamp_nfe[12:0]$90
     3/7: $0$func$\clamp_nfe$../rtl/horus_norm.v:154$6$\clamp_nfe[12:0]$85
     4/7: $0$func$\clamp_nfe$../rtl/horus_norm.v:154$14$\clamp_nfe[12:0]$86
     5/7: $0$func$\clamp_nfe$../rtl/horus_norm.v:154$14$\ne[7:0]$89
     6/7: $0$func$\clamp_nfe$../rtl/horus_norm.v:154$14$\frac[5:0]$88
     7/7: $0$func$\clamp_nfe$../rtl/horus_norm.v:154$14$\sgn[0:0]$87
Creating decoders for process `\horus_norm.$proc$../rtl/horus_norm.v:134$76'.
     1/7: $2$func$\clamp_nfe$../rtl/horus_norm.v:153$13$\clamp_nfe[12:0]$83
     2/7: $1$func$\clamp_nfe$../rtl/horus_norm.v:153$13$\clamp_nfe[12:0]$82
     3/7: $0$func$\clamp_nfe$../rtl/horus_norm.v:153$5$\clamp_nfe[12:0]$77
     4/7: $0$func$\clamp_nfe$../rtl/horus_norm.v:153$13$\clamp_nfe[12:0]$78
     5/7: $0$func$\clamp_nfe$../rtl/horus_norm.v:153$13$\ne[7:0]$81
     6/7: $0$func$\clamp_nfe$../rtl/horus_norm.v:153$13$\frac[5:0]$80
     7/7: $0$func$\clamp_nfe$../rtl/horus_norm.v:153$13$\sgn[0:0]$79
Creating decoders for process `\horus_norm.$proc$../rtl/horus_norm.v:134$68'.
     1/7: $2$func$\clamp_nfe$../rtl/horus_norm.v:152$12$\clamp_nfe[12:0]$75
     2/7: $1$func$\clamp_nfe$../rtl/horus_norm.v:152$12$\clamp_nfe[12:0]$74
     3/7: $0$func$\clamp_nfe$../rtl/horus_norm.v:152$4$\clamp_nfe[12:0]$69
     4/7: $0$func$\clamp_nfe$../rtl/horus_norm.v:152$12$\clamp_nfe[12:0]$70
     5/7: $0$func$\clamp_nfe$../rtl/horus_norm.v:152$12$\ne[7:0]$73
     6/7: $0$func$\clamp_nfe$../rtl/horus_norm.v:152$12$\frac[5:0]$72
     7/7: $0$func$\clamp_nfe$../rtl/horus_norm.v:152$12$\sgn[0:0]$71
Creating decoders for process `\horus_norm.$proc$../rtl/horus_norm.v:134$60'.
     1/7: $2$func$\clamp_nfe$../rtl/horus_norm.v:151$11$\clamp_nfe[12:0]$67
     2/7: $1$func$\clamp_nfe$../rtl/horus_norm.v:151$11$\clamp_nfe[12:0]$66
     3/7: $0$func$\clamp_nfe$../rtl/horus_norm.v:151$3$\clamp_nfe[12:0]$61
     4/7: $0$func$\clamp_nfe$../rtl/horus_norm.v:151$11$\clamp_nfe[12:0]$62
     5/7: $0$func$\clamp_nfe$../rtl/horus_norm.v:151$11$\ne[7:0]$65
     6/7: $0$func$\clamp_nfe$../rtl/horus_norm.v:151$11$\frac[5:0]$64
     7/7: $0$func$\clamp_nfe$../rtl/horus_norm.v:151$11$\sgn[0:0]$63
Creating decoders for process `\horus_norm.$proc$../rtl/horus_norm.v:134$52'.
     1/7: $2$func$\clamp_nfe$../rtl/horus_norm.v:150$10$\clamp_nfe[12:0]$59
     2/7: $1$func$\clamp_nfe$../rtl/horus_norm.v:150$10$\clamp_nfe[12:0]$58
     3/7: $0$func$\clamp_nfe$../rtl/horus_norm.v:150$2$\clamp_nfe[12:0]$53
     4/7: $0$func$\clamp_nfe$../rtl/horus_norm.v:150$10$\clamp_nfe[12:0]$54
     5/7: $0$func$\clamp_nfe$../rtl/horus_norm.v:150$10$\ne[7:0]$57
     6/7: $0$func$\clamp_nfe$../rtl/horus_norm.v:150$10$\frac[5:0]$56
     7/7: $0$func$\clamp_nfe$../rtl/horus_norm.v:150$10$\sgn[0:0]$55
Creating decoders for process `\horus_norm.$proc$../rtl/horus_norm.v:134$44'.
     1/7: $2$func$\clamp_nfe$../rtl/horus_norm.v:149$9$\clamp_nfe[12:0]$51
     2/7: $1$func$\clamp_nfe$../rtl/horus_norm.v:149$9$\clamp_nfe[12:0]$50
     3/7: $0$func$\clamp_nfe$../rtl/horus_norm.v:149$1$\clamp_nfe[12:0]$45
     4/7: $0$func$\clamp_nfe$../rtl/horus_norm.v:149$9$\clamp_nfe[12:0]$46
     5/7: $0$func$\clamp_nfe$../rtl/horus_norm.v:149$9$\ne[7:0]$49
     6/7: $0$func$\clamp_nfe$../rtl/horus_norm.v:149$9$\frac[5:0]$48
     7/7: $0$func$\clamp_nfe$../rtl/horus_norm.v:149$9$\sgn[0:0]$47
Creating decoders for process `\horus_norm.$proc$../rtl/horus_norm.v:159$42'.
     1/9: $0\out_7[12:0]
     2/9: $0\out_6[12:0]
     3/9: $0\out_5[12:0]
     4/9: $0\out_4[12:0]
     5/9: $0\out_3[12:0]
     6/9: $0\out_2[12:0]
     7/9: $0\out_1[12:0]
     8/9: $0\out_0[12:0]
     9/9: $0\valid_out[0:0]

2.2.6. Executing PROC_DLATCH pass (convert process syncs to latches).
No latch inferred for signal `\horus_norm.$func$\clamp_nfe$../rtl/horus_norm.v:156$8$\clamp_nfe' from process `\horus_norm.$proc$../rtl/horus_norm.v:134$100'.
No latch inferred for signal `\horus_norm.$func$\clamp_nfe$../rtl/horus_norm.v:156$16$\clamp_nfe' from process `\horus_norm.$proc$../rtl/horus_norm.v:134$100'.
No latch inferred for signal `\horus_norm.$func$\clamp_nfe$../rtl/horus_norm.v:156$16$\sgn' from process `\horus_norm.$proc$../rtl/horus_norm.v:134$100'.
No latch inferred for signal `\horus_norm.$func$\clamp_nfe$../rtl/horus_norm.v:156$16$\frac' from process `\horus_norm.$proc$../rtl/horus_norm.v:134$100'.
No latch inferred for signal `\horus_norm.$func$\clamp_nfe$../rtl/horus_norm.v:156$16$\ne' from process `\horus_norm.$proc$../rtl/horus_norm.v:134$100'.
No latch inferred for signal `\horus_norm.$func$\clamp_nfe$../rtl/horus_norm.v:155$7$\clamp_nfe' from process `\horus_norm.$proc$../rtl/horus_norm.v:134$92'.
No latch inferred for signal `\horus_norm.$func$\clamp_nfe$../rtl/horus_norm.v:155$15$\clamp_nfe' from process `\horus_norm.$proc$../rtl/horus_norm.v:134$92'.
No latch inferred for signal `\horus_norm.$func$\clamp_nfe$../rtl/horus_norm.v:155$15$\sgn' from process `\horus_norm.$proc$../rtl/horus_norm.v:134$92'.
No latch inferred for signal `\horus_norm.$func$\clamp_nfe$../rtl/horus_norm.v:155$15$\frac' from process `\horus_norm.$proc$../rtl/horus_norm.v:134$92'.
No latch inferred for signal `\horus_norm.$func$\clamp_nfe$../rtl/horus_norm.v:155$15$\ne' from process `\horus_norm.$proc$../rtl/horus_norm.v:134$92'.
No latch inferred for signal `\horus_norm.$func$\clamp_nfe$../rtl/horus_norm.v:154$6$\clamp_nfe' from process `\horus_norm.$proc$../rtl/horus_norm.v:134$84'.
No latch inferred for signal `\horus_norm.$func$\clamp_nfe$../rtl/horus_norm.v:154$14$\clamp_nfe' from process `\horus_norm.$proc$../rtl/horus_norm.v:134$84'.
No latch inferred for signal `\horus_norm.$func$\clamp_nfe$../rtl/horus_norm.v:154$14$\sgn' from process `\horus_norm.$proc$../rtl/horus_norm.v:134$84'.
No latch inferred for signal `\horus_norm.$func$\clamp_nfe$../rtl/horus_norm.v:154$14$\frac' from process `\horus_norm.$proc$../rtl/horus_norm.v:134$84'.
No latch inferred for signal `\horus_norm.$func$\clamp_nfe$../rtl/horus_norm.v:154$14$\ne' from process `\horus_norm.$proc$../rtl/horus_norm.v:134$84'.
No latch inferred for signal `\horus_norm.$func$\clamp_nfe$../rtl/horus_norm.v:153$5$\clamp_nfe' from process `\horus_norm.$proc$../rtl/horus_norm.v:134$76'.
No latch inferred for signal `\horus_norm.$func$\clamp_nfe$../rtl/horus_norm.v:153$13$\clamp_nfe' from process `\horus_norm.$proc$../rtl/horus_norm.v:134$76'.
No latch inferred for signal `\horus_norm.$func$\clamp_nfe$../rtl/horus_norm.v:153$13$\sgn' from process `\horus_norm.$proc$../rtl/horus_norm.v:134$76'.
No latch inferred for signal `\horus_norm.$func$\clamp_nfe$../rtl/horus_norm.v:153$13$\frac' from process `\horus_norm.$proc$../rtl/horus_norm.v:134$76'.
No latch inferred for signal `\horus_norm.$func$\clamp_nfe$../rtl/horus_norm.v:153$13$\ne' from process `\horus_norm.$proc$../rtl/horus_norm.v:134$76'.
No latch inferred for signal `\horus_norm.$func$\clamp_nfe$../rtl/horus_norm.v:152$4$\clamp_nfe' from process `\horus_norm.$proc$../rtl/horus_norm.v:134$68'.
No latch inferred for signal `\horus_norm.$func$\clamp_nfe$../rtl/horus_norm.v:152$12$\clamp_nfe' from process `\horus_norm.$proc$../rtl/horus_norm.v:134$68'.
No latch inferred for signal `\horus_norm.$func$\clamp_nfe$../rtl/horus_norm.v:152$12$\sgn' from process `\horus_norm.$proc$../rtl/horus_norm.v:134$68'.
No latch inferred for signal `\horus_norm.$func$\clamp_nfe$../rtl/horus_norm.v:152$12$\frac' from process `\horus_norm.$proc$../rtl/horus_norm.v:134$68'.
No latch inferred for signal `\horus_norm.$func$\clamp_nfe$../rtl/horus_norm.v:152$12$\ne' from process `\horus_norm.$proc$../rtl/horus_norm.v:134$68'.
No latch inferred for signal `\horus_norm.$func$\clamp_nfe$../rtl/horus_norm.v:151$3$\clamp_nfe' from process `\horus_norm.$proc$../rtl/horus_norm.v:134$60'.
No latch inferred for signal `\horus_norm.$func$\clamp_nfe$../rtl/horus_norm.v:151$11$\clamp_nfe' from process `\horus_norm.$proc$../rtl/horus_norm.v:134$60'.
No latch inferred for signal `\horus_norm.$func$\clamp_nfe$../rtl/horus_norm.v:151$11$\sgn' from process `\horus_norm.$proc$../rtl/horus_norm.v:134$60'.
No latch inferred for signal `\horus_norm.$func$\clamp_nfe$../rtl/horus_norm.v:151$11$\frac' from process `\horus_norm.$proc$../rtl/horus_norm.v:134$60'.
No latch inferred for signal `\horus_norm.$func$\clamp_nfe$../rtl/horus_norm.v:151$11$\ne' from process `\horus_norm.$proc$../rtl/horus_norm.v:134$60'.
No latch inferred for signal `\horus_norm.$func$\clamp_nfe$../rtl/horus_norm.v:150$2$\clamp_nfe' from process `\horus_norm.$proc$../rtl/horus_norm.v:134$52'.
No latch inferred for signal `\horus_norm.$func$\clamp_nfe$../rtl/horus_norm.v:150$10$\clamp_nfe' from process `\horus_norm.$proc$../rtl/horus_norm.v:134$52'.
No latch inferred for signal `\horus_norm.$func$\clamp_nfe$../rtl/horus_norm.v:150$10$\sgn' from process `\horus_norm.$proc$../rtl/horus_norm.v:134$52'.
No latch inferred for signal `\horus_norm.$func$\clamp_nfe$../rtl/horus_norm.v:150$10$\frac' from process `\horus_norm.$proc$../rtl/horus_norm.v:134$52'.
No latch inferred for signal `\horus_norm.$func$\clamp_nfe$../rtl/horus_norm.v:150$10$\ne' from process `\horus_norm.$proc$../rtl/horus_norm.v:134$52'.
No latch inferred for signal `\horus_norm.$func$\clamp_nfe$../rtl/horus_norm.v:149$1$\clamp_nfe' from process `\horus_norm.$proc$../rtl/horus_norm.v:134$44'.
No latch inferred for signal `\horus_norm.$func$\clamp_nfe$../rtl/horus_norm.v:149$9$\clamp_nfe' from process `\horus_norm.$proc$../rtl/horus_norm.v:134$44'.
No latch inferred for signal `\horus_norm.$func$\clamp_nfe$../rtl/horus_norm.v:149$9$\sgn' from process `\horus_norm.$proc$../rtl/horus_norm.v:134$44'.
No latch inferred for signal `\horus_norm.$func$\clamp_nfe$../rtl/horus_norm.v:149$9$\frac' from process `\horus_norm.$proc$../rtl/horus_norm.v:134$44'.
No latch inferred for signal `\horus_norm.$func$\clamp_nfe$../rtl/horus_norm.v:149$9$\ne' from process `\horus_norm.$proc$../rtl/horus_norm.v:134$44'.

2.2.7. Executing PROC_DFF pass (convert process syncs to FFs).
Creating register for signal `\horus_norm.\valid_out' using process `\horus_norm.$proc$../rtl/horus_norm.v:159$42'.
  created $dff cell `$procdff$207' with positive edge clock.
Creating register for signal `\horus_norm.\out_0' using process `\horus_norm.$proc$../rtl/horus_norm.v:159$42'.
  created $dff cell `$procdff$208' with positive edge clock.
Creating register for signal `\horus_norm.\out_1' using process `\horus_norm.$proc$../rtl/horus_norm.v:159$42'.
  created $dff cell `$procdff$209' with positive edge clock.
Creating register for signal `\horus_norm.\out_2' using process `\horus_norm.$proc$../rtl/horus_norm.v:159$42'.
  created $dff cell `$procdff$210' with positive edge clock.
Creating register for signal `\horus_norm.\out_3' using process `\horus_norm.$proc$../rtl/horus_norm.v:159$42'.
  created $dff cell `$procdff$211' with positive edge clock.
Creating register for signal `\horus_norm.\out_4' using process `\horus_norm.$proc$../rtl/horus_norm.v:159$42'.
  created $dff cell `$procdff$212' with positive edge clock.
Creating register for signal `\horus_norm.\out_5' using process `\horus_norm.$proc$../rtl/horus_norm.v:159$42'.
  created $dff cell `$procdff$213' with positive edge clock.
Creating register for signal `\horus_norm.\out_6' using process `\horus_norm.$proc$../rtl/horus_norm.v:159$42'.
  created $dff cell `$procdff$214' with positive edge clock.
Creating register for signal `\horus_norm.\out_7' using process `\horus_norm.$proc$../rtl/horus_norm.v:159$42'.
  created $dff cell `$procdff$215' with positive edge clock.

2.2.8. Executing PROC_CLEAN pass (remove empty switches from decision trees).
Found and cleaned up 2 empty switches in `\horus_norm.$proc$../rtl/horus_norm.v:134$100'.
Removing empty process `horus_norm.$proc$../rtl/horus_norm.v:134$100'.
Found and cleaned up 2 empty switches in `\horus_norm.$proc$../rtl/horus_norm.v:134$92'.
Removing empty process `horus_norm.$proc$../rtl/horus_norm.v:134$92'.
Found and cleaned up 2 empty switches in `\horus_norm.$proc$../rtl/horus_norm.v:134$84'.
Removing empty process `horus_norm.$proc$../rtl/horus_norm.v:134$84'.
Found and cleaned up 2 empty switches in `\horus_norm.$proc$../rtl/horus_norm.v:134$76'.
Removing empty process `horus_norm.$proc$../rtl/horus_norm.v:134$76'.
Found and cleaned up 2 empty switches in `\horus_norm.$proc$../rtl/horus_norm.v:134$68'.
Removing empty process `horus_norm.$proc$../rtl/horus_norm.v:134$68'.
Found and cleaned up 2 empty switches in `\horus_norm.$proc$../rtl/horus_norm.v:134$60'.
Removing empty process `horus_norm.$proc$../rtl/horus_norm.v:134$60'.
Found and cleaned up 2 empty switches in `\horus_norm.$proc$../rtl/horus_norm.v:134$52'.
Removing empty process `horus_norm.$proc$../rtl/horus_norm.v:134$52'.
Found and cleaned up 2 empty switches in `\horus_norm.$proc$../rtl/horus_norm.v:134$44'.
Removing empty process `horus_norm.$proc$../rtl/horus_norm.v:134$44'.
Found and cleaned up 1 empty switch in `\horus_norm.$proc$../rtl/horus_norm.v:159$42'.
Removing empty process `horus_norm.$proc$../rtl/horus_norm.v:159$42'.
Cleaned up 17 empty switches.

2.3. Executing OPT_EXPR pass (perform const folding).
Optimizing module horus_norm.
<suppressed ~10 debug messages>

2.4. Executing OPT_CLEAN pass (remove unused cells and wires).
Finding unused cells or wires in module \horus_norm..
Removed 1 unused cells and 163 unused wires.
<suppressed ~2 debug messages>

2.5. Executing CHECK pass (checking for obvious problems).
checking module horus_norm..
found and reported 0 problems.

2.6. Executing OPT pass (performing simple optimizations).

2.6.1. Executing OPT_EXPR pass (perform const folding).
Optimizing module horus_norm.

2.6.2. Executing OPT_MERGE pass (detect identical cells).
Finding identical cells in module `\horus_norm'.
Removed a total of 0 cells.

2.6.3. Executing OPT_MUXTREE pass (detect dead branches in mux trees).
Running muxtree optimizer on module \horus_norm..
  Creating internal representation of mux trees.
  Evaluating internal representation of mux trees.
  Analyzing evaluation results.
    dead port 1/2 on $mux $procmux$112.
    dead port 1/2 on $mux $procmux$121.
    dead port 1/2 on $mux $procmux$130.
    dead port 1/2 on $mux $procmux$139.
    dead port 1/2 on $mux $procmux$148.
    dead port 1/2 on $mux $procmux$157.
    dead port 1/2 on $mux $procmux$166.
    dead port 1/2 on $mux $procmux$175.
Removed 8 multiplexer ports.
<suppressed ~17 debug messages>

2.6.4. Executing OPT_REDUCE pass (consolidate $*mux and $reduce_* inputs).
  Optimizing cells in module \horus_norm.
Performed a total of 0 changes.

2.6.5. Executing OPT_MERGE pass (detect identical cells).
Finding identical cells in module `\horus_norm'.
Removed a total of 0 cells.

2.6.6. Executing OPT_RMDFF pass (remove dff with constant values).

2.6.7. Executing OPT_CLEAN pass (remove unused cells and wires).
Finding unused cells or wires in module \horus_norm..
Removed 0 unused cells and 8 unused wires.
<suppressed ~1 debug messages>

2.6.8. Executing OPT_EXPR pass (perform const folding).
Optimizing module horus_norm.

2.6.9. Rerunning OPT passes. (Maybe there is more to do..)

2.6.10. Executing OPT_MUXTREE pass (detect dead branches in mux trees).
Running muxtree optimizer on module \horus_norm..
  Creating internal representation of mux trees.
  Evaluating internal representation of mux trees.
  Analyzing evaluation results.
Removed 0 multiplexer ports.
<suppressed ~17 debug messages>

2.6.11. Executing OPT_REDUCE pass (consolidate $*mux and $reduce_* inputs).
  Optimizing cells in module \horus_norm.
Performed a total of 0 changes.

2.6.12. Executing OPT_MERGE pass (detect identical cells).
Finding identical cells in module `\horus_norm'.
Removed a total of 0 cells.

2.6.13. Executing OPT_RMDFF pass (remove dff with constant values).

2.6.14. Executing OPT_CLEAN pass (remove unused cells and wires).
Finding unused cells or wires in module \horus_norm..

2.6.15. Executing OPT_EXPR pass (perform const folding).
Optimizing module horus_norm.

2.6.16. Finished OPT passes. (There is nothing left to do.)

2.7. Executing WREDUCE pass (reducing word size of cells).
Removed top 1 bits (of 13) from mux cell horus_norm.$procmux$109 ($mux).
Converting cell horus_norm.$sub$../rtl/horus_norm.v:112$32 ($sub) from signed to unsigned.
Removed top 1 bits (of 7) from port A of cell horus_norm.$sub$../rtl/horus_norm.v:112$32 ($sub).
Removed top 1 bits (of 7) from port B of cell horus_norm.$sub$../rtl/horus_norm.v:112$32 ($sub).
Removed top 1 bits (of 8) from port A of cell horus_norm.$add$../rtl/horus_norm.v:123$34 ($add).
Removed top 1 bits (of 8) from port B of cell horus_norm.$add$../rtl/horus_norm.v:123$34 ($add).
Removed top 1 bits (of 8) from port A of cell horus_norm.$add$../rtl/horus_norm.v:124$35 ($add).
Removed top 1 bits (of 8) from port B of cell horus_norm.$add$../rtl/horus_norm.v:124$35 ($add).
Removed top 1 bits (of 8) from port A of cell horus_norm.$add$../rtl/horus_norm.v:125$36 ($add).
Removed top 1 bits (of 8) from port B of cell horus_norm.$add$../rtl/horus_norm.v:125$36 ($add).
Removed top 1 bits (of 8) from port A of cell horus_norm.$add$../rtl/horus_norm.v:126$37 ($add).
Removed top 1 bits (of 8) from port B of cell horus_norm.$add$../rtl/horus_norm.v:126$37 ($add).
Removed top 1 bits (of 8) from port A of cell horus_norm.$add$../rtl/horus_norm.v:127$38 ($add).
Removed top 1 bits (of 8) from port B of cell horus_norm.$add$../rtl/horus_norm.v:127$38 ($add).
Removed top 1 bits (of 8) from port A of cell horus_norm.$add$../rtl/horus_norm.v:128$39 ($add).
Removed top 1 bits (of 8) from port B of cell horus_norm.$add$../rtl/horus_norm.v:128$39 ($add).
Removed top 1 bits (of 8) from port A of cell horus_norm.$add$../rtl/horus_norm.v:129$40 ($add).
Removed top 1 bits (of 8) from port B of cell horus_norm.$add$../rtl/horus_norm.v:129$40 ($add).
Removed top 1 bits (of 8) from port A of cell horus_norm.$add$../rtl/horus_norm.v:130$41 ($add).
Removed top 1 bits (of 8) from port B of cell horus_norm.$add$../rtl/horus_norm.v:130$41 ($add).
Removed top 1 bits (of 13) from mux cell horus_norm.$procmux$115 ($mux).
Removed top 1 bits (of 13) from mux cell horus_norm.$procmux$118 ($mux).
Removed top 1 bits (of 13) from mux cell horus_norm.$procmux$127 ($mux).
Removed top 1 bits (of 13) from mux cell horus_norm.$procmux$136 ($mux).
Removed top 1 bits (of 13) from mux cell horus_norm.$procmux$145 ($mux).
Removed top 1 bits (of 13) from mux cell horus_norm.$procmux$154 ($mux).
Removed top 1 bits (of 13) from mux cell horus_norm.$procmux$163 ($mux).
Removed top 1 bits (of 13) from mux cell horus_norm.$procmux$172 ($mux).
Removed top 1 bits (of 13) from mux cell horus_norm.$procmux$124 ($mux).
Removed top 1 bits (of 13) from mux cell horus_norm.$procmux$133 ($mux).
Removed top 1 bits (of 13) from mux cell horus_norm.$procmux$142 ($mux).
Removed top 1 bits (of 13) from mux cell horus_norm.$procmux$151 ($mux).
Removed top 1 bits (of 13) from mux cell horus_norm.$procmux$160 ($mux).
Removed top 1 bits (of 13) from mux cell horus_norm.$procmux$169 ($mux).
Removed top 1 bits (of 13) from mux cell horus_norm.$procmux$178 ($mux).

2.8. Executing PEEPOPT pass (run peephole optimizers).

2.9. Executing OPT_CLEAN pass (remove unused cells and wires).
Finding unused cells or wires in module \horus_norm..

2.10. Executing TECHMAP pass (map to technology primitives).

2.10.1. Executing Verilog-2005 frontend: /usr/bin/../share/yosys/cmp2lut.v
Parsing Verilog input from `/usr/bin/../share/yosys/cmp2lut.v' to AST representation.
Generating RTLIL representation for module `\_90_lut_cmp_'.
Successfully finished Verilog frontend.

2.10.2. Continuing TECHMAP pass.
No more expansions possible.
<suppressed ~20 debug messages>

2.11. Executing ALUMACC pass (create $alu and $macc cells).
Extracting $alu and $macc cells in module horus_norm:
  creating $macc model for $add$../rtl/horus_norm.v:123$34 ($add).
  creating $macc model for $add$../rtl/horus_norm.v:124$35 ($add).
  creating $macc model for $add$../rtl/horus_norm.v:125$36 ($add).
  creating $macc model for $add$../rtl/horus_norm.v:126$37 ($add).
  creating $macc model for $add$../rtl/horus_norm.v:127$38 ($add).
  creating $macc model for $add$../rtl/horus_norm.v:128$39 ($add).
  creating $macc model for $add$../rtl/horus_norm.v:129$40 ($add).
  creating $macc model for $add$../rtl/horus_norm.v:130$41 ($add).
  creating $macc model for $sub$../rtl/horus_norm.v:112$32 ($sub).
  creating $alu model for $macc $sub$../rtl/horus_norm.v:112$32.
  creating $alu model for $macc $add$../rtl/horus_norm.v:130$41.
  creating $alu model for $macc $add$../rtl/horus_norm.v:129$40.
  creating $alu model for $macc $add$../rtl/horus_norm.v:128$39.
  creating $alu model for $macc $add$../rtl/horus_norm.v:127$38.
  creating $alu model for $macc $add$../rtl/horus_norm.v:126$37.
  creating $alu model for $macc $add$../rtl/horus_norm.v:125$36.
  creating $alu model for $macc $add$../rtl/horus_norm.v:124$35.
  creating $alu model for $macc $add$../rtl/horus_norm.v:123$34.
  creating $alu model for $ge$../rtl/horus_norm.v:100$25 ($ge): new $alu
  creating $alu model for $ge$../rtl/horus_norm.v:101$27 ($ge): new $alu
  creating $alu model for $ge$../rtl/horus_norm.v:104$29 ($ge): new $alu
  creating $alu model for $ge$../rtl/horus_norm.v:94$17 ($ge): new $alu
  creating $alu model for $ge$../rtl/horus_norm.v:95$19 ($ge): new $alu
  creating $alu model for $ge$../rtl/horus_norm.v:96$21 ($ge): new $alu
  creating $alu model for $ge$../rtl/horus_norm.v:97$23 ($ge): new $alu
  creating $alu cell for $ge$../rtl/horus_norm.v:97$23: $auto$alumacc.cc:474:replace_alu$223
  creating $alu cell for $ge$../rtl/horus_norm.v:96$21: $auto$alumacc.cc:474:replace_alu$232
  creating $alu cell for $ge$../rtl/horus_norm.v:95$19: $auto$alumacc.cc:474:replace_alu$245
  creating $alu cell for $ge$../rtl/horus_norm.v:94$17: $auto$alumacc.cc:474:replace_alu$254
  creating $alu cell for $ge$../rtl/horus_norm.v:104$29: $auto$alumacc.cc:474:replace_alu$263
  creating $alu cell for $ge$../rtl/horus_norm.v:101$27: $auto$alumacc.cc:474:replace_alu$276
  creating $alu cell for $ge$../rtl/horus_norm.v:100$25: $auto$alumacc.cc:474:replace_alu$289
  creating $alu cell for $add$../rtl/horus_norm.v:123$34: $auto$alumacc.cc:474:replace_alu$298
  creating $alu cell for $add$../rtl/horus_norm.v:124$35: $auto$alumacc.cc:474:replace_alu$301
  creating $alu cell for $add$../rtl/horus_norm.v:125$36: $auto$alumacc.cc:474:replace_alu$304
  creating $alu cell for $add$../rtl/horus_norm.v:126$37: $auto$alumacc.cc:474:replace_alu$307
  creating $alu cell for $add$../rtl/horus_norm.v:127$38: $auto$alumacc.cc:474:replace_alu$310
  creating $alu cell for $add$../rtl/horus_norm.v:128$39: $auto$alumacc.cc:474:replace_alu$313
  creating $alu cell for $add$../rtl/horus_norm.v:129$40: $auto$alumacc.cc:474:replace_alu$316
  creating $alu cell for $add$../rtl/horus_norm.v:130$41: $auto$alumacc.cc:474:replace_alu$319
  creating $alu cell for $sub$../rtl/horus_norm.v:112$32: $auto$alumacc.cc:474:replace_alu$322
  created 16 $alu and 0 $macc cells.

2.12. Executing SHARE pass (SAT-based resource sharing).

2.13. Executing OPT pass (performing simple optimizations).

2.13.1. Executing OPT_EXPR pass (perform const folding).
Optimizing module horus_norm.

2.13.2. Executing OPT_MERGE pass (detect identical cells).
Finding identical cells in module `\horus_norm'.
Removed a total of 0 cells.

2.13.3. Executing OPT_MUXTREE pass (detect dead branches in mux trees).
Running muxtree optimizer on module \horus_norm..
  Creating internal representation of mux trees.
  Evaluating internal representation of mux trees.
  Analyzing evaluation results.
Removed 0 multiplexer ports.
<suppressed ~17 debug messages>

2.13.4. Executing OPT_REDUCE pass (consolidate $*mux and $reduce_* inputs).
  Optimizing cells in module \horus_norm.
    New input vector for $reduce_or cell $auto$alumacc.cc:509:replace_alu$230: { $auto$rtlil.cc:1832:Not$227 $auto$rtlil.cc:1835:ReduceAnd$229 }
    New input vector for $reduce_or cell $auto$alumacc.cc:509:replace_alu$274: { $auto$rtlil.cc:1832:Not$273 $auto$rtlil.cc:1835:ReduceAnd$267 }
    New input vector for $reduce_or cell $auto$alumacc.cc:509:replace_alu$287: { $auto$rtlil.cc:1832:Not$286 $auto$rtlil.cc:1835:ReduceAnd$280 }
    New input vector for $reduce_and cell $auto$alumacc.cc:64:get_eq$228: { $auto$alumacc.cc:490:replace_alu$224 [0] $auto$alumacc.cc:490:replace_alu$224 [1] $auto$alumacc.cc:490:replace_alu$224 [2] $auto$alumacc.cc:490:replace_alu$224 [3] $auto$alumacc.cc:490:replace_alu$224 [4] $auto$alumacc.cc:490:replace_alu$224 [5] }
    New input vector for $reduce_and cell $auto$alumacc.cc:64:get_eq$235: { $auto$alumacc.cc:490:replace_alu$233 [0] $auto$alumacc.cc:490:replace_alu$233 [1] $auto$alumacc.cc:490:replace_alu$233 [2] $auto$alumacc.cc:490:replace_alu$233 [3] $auto$alumacc.cc:490:replace_alu$233 [4] $auto$alumacc.cc:490:replace_alu$233 [5] }
    New input vector for $reduce_and cell $auto$alumacc.cc:64:get_eq$250: { $auto$alumacc.cc:490:replace_alu$246 [0] $auto$alumacc.cc:490:replace_alu$246 [1] $auto$alumacc.cc:490:replace_alu$246 [2] $auto$alumacc.cc:490:replace_alu$246 [3] $auto$alumacc.cc:490:replace_alu$246 [4] $auto$alumacc.cc:490:replace_alu$246 [5] }
    New input vector for $reduce_and cell $auto$alumacc.cc:64:get_eq$259: { $auto$alumacc.cc:490:replace_alu$255 [0] $auto$alumacc.cc:490:replace_alu$255 [1] $auto$alumacc.cc:490:replace_alu$255 [2] $auto$alumacc.cc:490:replace_alu$255 [3] $auto$alumacc.cc:490:replace_alu$255 [4] $auto$alumacc.cc:490:replace_alu$255 [5] }
    New input vector for $reduce_and cell $auto$alumacc.cc:64:get_eq$266: { $auto$alumacc.cc:490:replace_alu$264 [0] $auto$alumacc.cc:490:replace_alu$264 [1] $auto$alumacc.cc:490:replace_alu$264 [2] $auto$alumacc.cc:490:replace_alu$264 [3] $auto$alumacc.cc:490:replace_alu$264 [4] $auto$alumacc.cc:490:replace_alu$264 [5] }
    New input vector for $reduce_and cell $auto$alumacc.cc:64:get_eq$279: { $auto$alumacc.cc:490:replace_alu$277 [0] $auto$alumacc.cc:490:replace_alu$277 [1] $auto$alumacc.cc:490:replace_alu$277 [2] $auto$alumacc.cc:490:replace_alu$277 [3] $auto$alumacc.cc:490:replace_alu$277 [4] $auto$alumacc.cc:490:replace_alu$277 [5] }
    New input vector for $reduce_and cell $auto$alumacc.cc:64:get_eq$294: { $auto$alumacc.cc:490:replace_alu$290 [0] $auto$alumacc.cc:490:replace_alu$290 [1] $auto$alumacc.cc:490:replace_alu$290 [2] $auto$alumacc.cc:490:replace_alu$290 [3] $auto$alumacc.cc:490:replace_alu$290 [4] $auto$alumacc.cc:490:replace_alu$290 [5] }
  Optimizing cells in module \horus_norm.
Performed a total of 10 changes.

2.13.5. Executing OPT_MERGE pass (detect identical cells).
Finding identical cells in module `\horus_norm'.
Removed a total of 0 cells.

2.13.6. Executing OPT_RMDFF pass (remove dff with constant values).

2.13.7. Executing OPT_CLEAN pass (remove unused cells and wires).
Finding unused cells or wires in module \horus_norm..
Removed 0 unused cells and 7 unused wires.
<suppressed ~1 debug messages>

2.13.8. Executing OPT_EXPR pass (perform const folding).
Optimizing module horus_norm.

2.13.9. Rerunning OPT passes. (Maybe there is more to do..)

2.13.10. Executing OPT_MUXTREE pass (detect dead branches in mux trees).
Running muxtree optimizer on module \horus_norm..
  Creating internal representation of mux trees.
  Evaluating internal representation of mux trees.
  Analyzing evaluation results.
Removed 0 multiplexer ports.
<suppressed ~17 debug messages>

2.13.11. Executing OPT_REDUCE pass (consolidate $*mux and $reduce_* inputs).
  Optimizing cells in module \horus_norm.
Performed a total of 0 changes.

2.13.12. Executing OPT_MERGE pass (detect identical cells).
Finding identical cells in module `\horus_norm'.
Removed a total of 0 cells.

2.13.13. Executing OPT_RMDFF pass (remove dff with constant values).

2.13.14. Executing OPT_CLEAN pass (remove unused cells and wires).
Finding unused cells or wires in module \horus_norm..

2.13.15. Executing OPT_EXPR pass (perform const folding).
Optimizing module horus_norm.

2.13.16. Finished OPT passes. (There is nothing left to do.)

2.14. Executing FSM pass (extract and optimize FSM).

2.14.1. Executing FSM_DETECT pass (finding FSMs in design).

2.14.2. Executing FSM_EXTRACT pass (extracting FSM from design).

2.14.3. Executing FSM_OPT pass (simple optimizations of FSMs).

2.14.4. Executing OPT_CLEAN pass (remove unused cells and wires).
Finding unused cells or wires in module \horus_norm..

2.14.5. Executing FSM_OPT pass (simple optimizations of FSMs).

2.14.6. Executing FSM_RECODE pass (re-assigning FSM state encoding).

2.14.7. Executing FSM_INFO pass (dumping all available information on FSM cells).

2.14.8. Executing FSM_MAP pass (mapping FSMs to basic logic).

2.15. Executing OPT pass (performing simple optimizations).

2.15.1. Executing OPT_EXPR pass (perform const folding).
Optimizing module horus_norm.

2.15.2. Executing OPT_MERGE pass (detect identical cells).
Finding identical cells in module `\horus_norm'.
Removed a total of 0 cells.

2.15.3. Executing OPT_RMDFF pass (remove dff with constant values).

2.15.4. Executing OPT_CLEAN pass (remove unused cells and wires).
Finding unused cells or wires in module \horus_norm..

2.15.5. Finished fast OPT passes.

2.16. Executing MEMORY pass.

2.16.1. Executing MEMORY_DFF pass (merging $dff cells to $memrd and $memwr).

2.16.2. Executing OPT_CLEAN pass (remove unused cells and wires).
Finding unused cells or wires in module \horus_norm..

2.16.3. Executing MEMORY_SHARE pass (consolidating $memrd/$memwr cells).

2.16.4. Executing OPT_CLEAN pass (remove unused cells and wires).
Finding unused cells or wires in module \horus_norm..

2.16.5. Executing MEMORY_COLLECT pass (generating $mem cells).

2.17. Executing OPT_CLEAN pass (remove unused cells and wires).
Finding unused cells or wires in module \horus_norm..

2.18. Executing OPT pass (performing simple optimizations).

2.18.1. Executing OPT_EXPR pass (perform const folding).
Optimizing module horus_norm.
<suppressed ~1 debug messages>

2.18.2. Executing OPT_MERGE pass (detect identical cells).
Finding identical cells in module `\horus_norm'.
Removed a total of 0 cells.

2.18.3. Executing OPT_RMDFF pass (remove dff with constant values).

2.18.4. Executing OPT_CLEAN pass (remove unused cells and wires).
Finding unused cells or wires in module \horus_norm..

2.18.5. Finished fast OPT passes.

2.19. Executing MEMORY_MAP pass (converting $mem cells to logic and flip-flops).

2.20. Executing OPT pass (performing simple optimizations).

2.20.1. Executing OPT_EXPR pass (perform const folding).
Optimizing module horus_norm.

2.20.2. Executing OPT_MERGE pass (detect identical cells).
Finding identical cells in module `\horus_norm'.
Removed a total of 0 cells.

2.20.3. Executing OPT_MUXTREE pass (detect dead branches in mux trees).
Running muxtree optimizer on module \horus_norm..
  Creating internal representation of mux trees.
  Evaluating internal representation of mux trees.
  Analyzing evaluation results.
Removed 0 multiplexer ports.
<suppressed ~16 debug messages>

2.20.4. Executing OPT_REDUCE pass (consolidate $*mux and $reduce_* inputs).
  Optimizing cells in module \horus_norm.
Performed a total of 0 changes.

2.20.5. Executing OPT_MERGE pass (detect identical cells).
Finding identical cells in module `\horus_norm'.
Removed a total of 0 cells.

2.20.6. Executing OPT_RMDFF pass (remove dff with constant values).

2.20.7. Executing OPT_CLEAN pass (remove unused cells and wires).
Finding unused cells or wires in module \horus_norm..

2.20.8. Executing OPT_EXPR pass (perform const folding).
Optimizing module horus_norm.

2.20.9. Finished OPT passes. (There is nothing left to do.)

2.21. Executing TECHMAP pass (map to technology primitives).

2.21.1. Executing Verilog-2005 frontend: <techmap.v>
Parsing Verilog input from `<techmap.v>' to AST representation.
Generating RTLIL representation for module `\_90_simplemap_bool_ops'.
Generating RTLIL representation for module `\_90_simplemap_reduce_ops'.
Generating RTLIL representation for module `\_90_simplemap_logic_ops'.
Generating RTLIL representation for module `\_90_simplemap_compare_ops'.
Generating RTLIL representation for module `\_90_simplemap_various'.
Generating RTLIL representation for module `\_90_simplemap_registers'.
Generating RTLIL representation for module `\_90_shift_ops_shr_shl_sshl_sshr'.
Generating RTLIL representation for module `\_90_shift_shiftx'.
Generating RTLIL representation for module `\_90_fa'.
Generating RTLIL representation for module `\_90_lcu'.
Generating RTLIL representation for module `\_90_alu'.
Generating RTLIL representation for module `\_90_macc'.
Generating RTLIL representation for module `\_90_alumacc'.
Generating RTLIL representation for module `\$__div_mod_u'.
Generating RTLIL representation for module `\$__div_mod'.
Generating RTLIL representation for module `\_90_div'.
Generating RTLIL representation for module `\_90_mod'.
Generating RTLIL representation for module `\_90_pow'.
Generating RTLIL representation for module `\_90_pmux'.
Generating RTLIL representation for module `\_90_lut'.
Successfully finished Verilog frontend.

2.21.2. Continuing TECHMAP pass.
Using extmapper simplemap for cells of type $mux.
Using extmapper simplemap for cells of type $logic_not.
Using extmapper simplemap for cells of type $reduce_and.
Using template $paramod\_90_alu\A_SIGNED=1\B_SIGNED=1\A_WIDTH=7\B_WIDTH=7\Y_WIDTH=8 for cells of type $alu.
Using template $paramod\_90_alu\A_SIGNED=0\B_SIGNED=0\A_WIDTH=6\B_WIDTH=6\Y_WIDTH=7 for cells of type $alu.
Using extmapper simplemap for cells of type $reduce_or.
Using extmapper simplemap for cells of type $not.
Using template $paramod\_90_alu\A_SIGNED=0\B_SIGNED=0\A_WIDTH=6\B_WIDTH=6\Y_WIDTH=6 for cells of type $alu.
Using extmapper simplemap for cells of type $or.
Using extmapper simplemap for cells of type $and.
Using extmapper simplemap for cells of type $dff.
Using extmapper simplemap for cells of type $xor.
Using template $paramod\_90_lcu\WIDTH=8 for cells of type $lcu.
Using extmapper simplemap for cells of type $pos.
Using template $paramod\_90_lcu\WIDTH=7 for cells of type $lcu.
Using template $paramod\_90_lcu\WIDTH=6 for cells of type $lcu.
No more expansions possible.
<suppressed ~947 debug messages>

2.22. Executing OPT pass (performing simple optimizations).

2.22.1. Executing OPT_EXPR pass (perform const folding).
Optimizing module horus_norm.
<suppressed ~281 debug messages>

2.22.2. Executing OPT_MERGE pass (detect identical cells).
Finding identical cells in module `\horus_norm'.
<suppressed ~114 debug messages>
Removed a total of 38 cells.

2.22.3. Executing OPT_RMDFF pass (remove dff with constant values).

2.22.4. Executing OPT_CLEAN pass (remove unused cells and wires).
Finding unused cells or wires in module \horus_norm..
Removed 127 unused cells and 509 unused wires.
<suppressed ~128 debug messages>

2.22.5. Finished fast OPT passes.

2.23. Executing ABC pass (technology mapping using ABC).

2.23.1. Extracting gate netlist of module `\horus_norm' to `<abc-temp-dir>/input.blif'..
Extracted 919 gates and 1027 wires to a netlist network with 106 inputs and 105 outputs.

2.23.1.1. Executing ABC.
Running ABC command: berkeley-abc -s -f <abc-temp-dir>/abc.script 2>&1
ABC: ABC command line: "source <abc-temp-dir>/abc.script".
ABC: 
ABC: + read_blif <abc-temp-dir>/input.blif 
ABC: + read_library <abc-temp-dir>/stdcells.genlib 
ABC: Entered genlib library with 17 gates from file "<abc-temp-dir>/stdcells.genlib".
ABC: + strash 
ABC: + dretime 
ABC: + retime 
ABC: + map 
ABC: + write_blif <abc-temp-dir>/output.blif 

2.23.1.2. Re-integrating ABC results.
ABC RESULTS:               AND cells:       18
ABC RESULTS:            ANDNOT cells:      161
ABC RESULTS:              AOI3 cells:       32
ABC RESULTS:              AOI4 cells:        4
ABC RESULTS:               MUX cells:       50
ABC RESULTS:              NAND cells:        2
ABC RESULTS:               NOR cells:        4
ABC RESULTS:               NOT cells:       58
ABC RESULTS:              OAI3 cells:      150
ABC RESULTS:                OR cells:       68
ABC RESULTS:             ORNOT cells:       35
ABC RESULTS:              XNOR cells:       29
ABC RESULTS:               XOR cells:      129
ABC RESULTS:        internal signals:      816
ABC RESULTS:           input signals:      106
ABC RESULTS:          output signals:      105
Removing temp directory.

2.24. Executing OPT pass (performing simple optimizations).

2.24.1. Executing OPT_EXPR pass (perform const folding).
Optimizing module horus_norm.

2.24.2. Executing OPT_MERGE pass (detect identical cells).
Finding identical cells in module `\horus_norm'.
Removed a total of 0 cells.

2.24.3. Executing OPT_RMDFF pass (remove dff with constant values).

2.24.4. Executing OPT_CLEAN pass (remove unused cells and wires).
Finding unused cells or wires in module \horus_norm..
Removed 0 unused cells and 482 unused wires.
<suppressed ~17 debug messages>

2.24.5. Finished fast OPT passes.

2.25. Executing HIERARCHY pass (managing design hierarchy).

2.25.1. Analyzing design hierarchy..
Top module:  \horus_norm

2.25.2. Analyzing design hierarchy..
Top module:  \horus_norm
Removed 0 unused modules.

2.26. Printing statistics.

=== horus_norm ===

   Number of wires:                680
   Number of wire bits:           1104
   Number of public wires:          36
   Number of public wire bits:     364
   Number of memories:               0
   Number of memory bits:            0
   Number of processes:              0
   Number of cells:                845
     $_ANDNOT_                     161
     $_AND_                         18
     $_AOI3_                        32
     $_AOI4_                         4
     $_DFF_P_                      105
     $_MUX_                         50
     $_NAND_                         2
     $_NOR_                          4
     $_NOT_                         58
     $_OAI3_                       150
     $_ORNOT_                       35
     $_OR_                          68
     $_XNOR_                        29
     $_XOR_                        129

2.27. Executing CHECK pass (checking for obvious problems).
checking module horus_norm..
found and reported 0 problems.

3. Executing DFFLIBMAP pass (mapping DFF cells to sequential cells from liberty file).
Warning: Found unsupported expression 'D&!SCE|SCD&SCE' in pin attribute of cell 'sky130_fd_sc_hd__sdfbbn_1' - skipping.
Warning: Found unsupported expression 'D&!SCE|SCD&SCE' in pin attribute of cell 'sky130_fd_sc_hd__sdfbbn_2' - skipping.
Warning: Found unsupported expression 'D&!SCE|SCD&SCE' in pin attribute of cell 'sky130_fd_sc_hd__sdfrtn_1' - skipping.
Warning: Found unsupported expression 'D&DE|IQ&!DE' in pin attribute of cell 'sky130_fd_sc_hd__edfxbp_1' - skipping.
Warning: Found unsupported expression 'D&DE|IQ&!DE' in pin attribute of cell 'sky130_fd_sc_hd__edfxtp_1' - skipping.
Warning: Found unsupported expression 'D&!SCE|SCD&SCE' in pin attribute of cell 'sky130_fd_sc_hd__sdfbbp_1' - skipping.
Warning: Found unsupported expression 'D&!SCE|SCD&SCE' in pin attribute of cell 'sky130_fd_sc_hd__sdfrbp_1' - skipping.
Warning: Found unsupported expression 'D&!SCE|SCD&SCE' in pin attribute of cell 'sky130_fd_sc_hd__sdfrbp_2' - skipping.
Warning: Found unsupported expression 'D&!SCE|SCD&SCE' in pin attribute of cell 'sky130_fd_sc_hd__sdfrtp_1' - skipping.
Warning: Found unsupported expression 'D&!SCE|SCD&SCE' in pin attribute of cell 'sky130_fd_sc_hd__sdfrtp_2' - skipping.
Warning: Found unsupported expression 'D&!SCE|SCD&SCE' in pin attribute of cell 'sky130_fd_sc_hd__sdfrtp_4' - skipping.
Warning: Found unsupported expression 'D&!SCE|SCD&SCE' in pin attribute of cell 'sky130_fd_sc_hd__sdfsbp_1' - skipping.
Warning: Found unsupported expression 'D&!SCE|SCD&SCE' in pin attribute of cell 'sky130_fd_sc_hd__sdfsbp_2' - skipping.
Warning: Found unsupported expression 'D&!SCE|SCD&SCE' in pin attribute of cell 'sky130_fd_sc_hd__sdfstp_1' - skipping.
Warning: Found unsupported expression 'D&!SCE|SCD&SCE' in pin attribute of cell 'sky130_fd_sc_hd__sdfstp_2' - skipping.
Warning: Found unsupported expression 'D&!SCE|SCD&SCE' in pin attribute of cell 'sky130_fd_sc_hd__sdfstp_4' - skipping.
Warning: Found unsupported expression 'D&!SCE|SCD&SCE' in pin attribute of cell 'sky130_fd_sc_hd__sdfxbp_1' - skipping.
Warning: Found unsupported expression 'D&!SCE|SCD&SCE' in pin attribute of cell 'sky130_fd_sc_hd__sdfxbp_2' - skipping.
Warning: Found unsupported expression 'D&!SCE|SCD&SCE' in pin attribute of cell 'sky130_fd_sc_hd__sdfxtp_1' - skipping.
Warning: Found unsupported expression 'D&!SCE|SCD&SCE' in pin attribute of cell 'sky130_fd_sc_hd__sdfxtp_2' - skipping.
Warning: Found unsupported expression 'D&!SCE|SCD&SCE' in pin attribute of cell 'sky130_fd_sc_hd__sdfxtp_4' - skipping.
Warning: Found unsupported expression 'D&DE&!SCE|IQ&!DE&!SCE|SCD&SCE' in pin attribute of cell 'sky130_fd_sc_hd__sedfxbp_1' - skipping.
Warning: Found unsupported expression 'D&DE&!SCE|IQ&!DE&!SCE|SCD&SCE' in pin attribute of cell 'sky130_fd_sc_hd__sedfxbp_2' - skipping.
Warning: Found unsupported expression 'D&DE&!SCE|IQ&!DE&!SCE|SCD&SCE' in pin attribute of cell 'sky130_fd_sc_hd__sedfxtp_1' - skipping.
Warning: Found unsupported expression 'D&DE&!SCE|IQ&!DE&!SCE|SCD&SCE' in pin attribute of cell 'sky130_fd_sc_hd__sedfxtp_2' - skipping.
Warning: Found unsupported expression 'D&DE&!SCE|IQ&!DE&!SCE|SCD&SCE' in pin attribute of cell 'sky130_fd_sc_hd__sedfxtp_4' - skipping.
  cell sky130_fd_sc_hd__dfxtp_1 (noninv, pins=3, area=20.02) is a direct match for cell type $_DFF_P_.
Warning: Found unsupported expression 'D&!SCE|SCD&SCE' in pin attribute of cell 'sky130_fd_sc_hd__sdfbbn_1' - skipping.
Warning: Found unsupported expression 'D&!SCE|SCD&SCE' in pin attribute of cell 'sky130_fd_sc_hd__sdfbbn_2' - skipping.
Warning: Found unsupported expression 'D&!SCE|SCD&SCE' in pin attribute of cell 'sky130_fd_sc_hd__sdfrtn_1' - skipping.
  cell sky130_fd_sc_hd__dfrtn_1 (noninv, pins=4, area=25.02) is a direct match for cell type $_DFF_NN0_.
Warning: Found unsupported expression 'D&!SCE|SCD&SCE' in pin attribute of cell 'sky130_fd_sc_hd__sdfbbn_1' - skipping.
Warning: Found unsupported expression 'D&!SCE|SCD&SCE' in pin attribute of cell 'sky130_fd_sc_hd__sdfbbn_2' - skipping.
Warning: Found unsupported expression 'D&!SCE|SCD&SCE' in pin attribute of cell 'sky130_fd_sc_hd__sdfrtn_1' - skipping.
Warning: Found unsupported expression 'D&!SCE|SCD&SCE' in pin attribute of cell 'sky130_fd_sc_hd__sdfbbn_1' - skipping.
Warning: Found unsupported expression 'D&!SCE|SCD&SCE' in pin attribute of cell 'sky130_fd_sc_hd__sdfbbn_2' - skipping.
Warning: Found unsupported expression 'D&!SCE|SCD&SCE' in pin attribute of cell 'sky130_fd_sc_hd__sdfrtn_1' - skipping.
Warning: Found unsupported expression 'D&!SCE|SCD&SCE' in pin attribute of cell 'sky130_fd_sc_hd__sdfbbn_1' - skipping.
Warning: Found unsupported expression 'D&!SCE|SCD&SCE' in pin attribute of cell 'sky130_fd_sc_hd__sdfbbn_2' - skipping.
Warning: Found unsupported expression 'D&!SCE|SCD&SCE' in pin attribute of cell 'sky130_fd_sc_hd__sdfrtn_1' - skipping.
Warning: Found unsupported expression 'D&DE|IQ&!DE' in pin attribute of cell 'sky130_fd_sc_hd__edfxbp_1' - skipping.
Warning: Found unsupported expression 'D&DE|IQ&!DE' in pin attribute of cell 'sky130_fd_sc_hd__edfxtp_1' - skipping.
Warning: Found unsupported expression 'D&!SCE|SCD&SCE' in pin attribute of cell 'sky130_fd_sc_hd__sdfbbp_1' - skipping.
Warning: Found unsupported expression 'D&!SCE|SCD&SCE' in pin attribute of cell 'sky130_fd_sc_hd__sdfrbp_1' - skipping.
Warning: Found unsupported expression 'D&!SCE|SCD&SCE' in pin attribute of cell 'sky130_fd_sc_hd__sdfrbp_2' - skipping.
Warning: Found unsupported expression 'D&!SCE|SCD&SCE' in pin attribute of cell 'sky130_fd_sc_hd__sdfrtp_1' - skipping.
Warning: Found unsupported expression 'D&!SCE|SCD&SCE' in pin attribute of cell 'sky130_fd_sc_hd__sdfrtp_2' - skipping.
Warning: Found unsupported expression 'D&!SCE|SCD&SCE' in pin attribute of cell 'sky130_fd_sc_hd__sdfrtp_4' - skipping.
Warning: Found unsupported expression 'D&!SCE|SCD&SCE' in pin attribute of cell 'sky130_fd_sc_hd__sdfsbp_1' - skipping.
Warning: Found unsupported expression 'D&!SCE|SCD&SCE' in pin attribute of cell 'sky130_fd_sc_hd__sdfsbp_2' - skipping.
Warning: Found unsupported expression 'D&!SCE|SCD&SCE' in pin attribute of cell 'sky130_fd_sc_hd__sdfstp_1' - skipping.
Warning: Found unsupported expression 'D&!SCE|SCD&SCE' in pin attribute of cell 'sky130_fd_sc_hd__sdfstp_2' - skipping.
Warning: Found unsupported expression 'D&!SCE|SCD&SCE' in pin attribute of cell 'sky130_fd_sc_hd__sdfstp_4' - skipping.
Warning: Found unsupported expression 'D&!SCE|SCD&SCE' in pin attribute of cell 'sky130_fd_sc_hd__sdfxbp_1' - skipping.
Warning: Found unsupported expression 'D&!SCE|SCD&SCE' in pin attribute of cell 'sky130_fd_sc_hd__sdfxbp_2' - skipping.
Warning: Found unsupported expression 'D&!SCE|SCD&SCE' in pin attribute of cell 'sky130_fd_sc_hd__sdfxtp_1' - skipping.
Warning: Found unsupported expression 'D&!SCE|SCD&SCE' in pin attribute of cell 'sky130_fd_sc_hd__sdfxtp_2' - skipping.
Warning: Found unsupported expression 'D&!SCE|SCD&SCE' in pin attribute of cell 'sky130_fd_sc_hd__sdfxtp_4' - skipping.
Warning: Found unsupported expression 'D&DE&!SCE|IQ&!DE&!SCE|SCD&SCE' in pin attribute of cell 'sky130_fd_sc_hd__sedfxbp_1' - skipping.
Warning: Found unsupported expression 'D&DE&!SCE|IQ&!DE&!SCE|SCD&SCE' in pin attribute of cell 'sky130_fd_sc_hd__sedfxbp_2' - skipping.
Warning: Found unsupported expression 'D&DE&!SCE|IQ&!DE&!SCE|SCD&SCE' in pin attribute of cell 'sky130_fd_sc_hd__sedfxtp_1' - skipping.
Warning: Found unsupported expression 'D&DE&!SCE|IQ&!DE&!SCE|SCD&SCE' in pin attribute of cell 'sky130_fd_sc_hd__sedfxtp_2' - skipping.
Warning: Found unsupported expression 'D&DE&!SCE|IQ&!DE&!SCE|SCD&SCE' in pin attribute of cell 'sky130_fd_sc_hd__sedfxtp_4' - skipping.
  cell sky130_fd_sc_hd__dfrtp_1 (noninv, pins=4, area=25.02) is a direct match for cell type $_DFF_PN0_.
Warning: Found unsupported expression 'D&DE|IQ&!DE' in pin attribute of cell 'sky130_fd_sc_hd__edfxbp_1' - skipping.
Warning: Found unsupported expression 'D&DE|IQ&!DE' in pin attribute of cell 'sky130_fd_sc_hd__edfxtp_1' - skipping.
Warning: Found unsupported expression 'D&!SCE|SCD&SCE' in pin attribute of cell 'sky130_fd_sc_hd__sdfbbp_1' - skipping.
Warning: Found unsupported expression 'D&!SCE|SCD&SCE' in pin attribute of cell 'sky130_fd_sc_hd__sdfrbp_1' - skipping.
Warning: Found unsupported expression 'D&!SCE|SCD&SCE' in pin attribute of cell 'sky130_fd_sc_hd__sdfrbp_2' - skipping.
Warning: Found unsupported expression 'D&!SCE|SCD&SCE' in pin attribute of cell 'sky130_fd_sc_hd__sdfrtp_1' - skipping.
Warning: Found unsupported expression 'D&!SCE|SCD&SCE' in pin attribute of cell 'sky130_fd_sc_hd__sdfrtp_2' - skipping.
Warning: Found unsupported expression 'D&!SCE|SCD&SCE' in pin attribute of cell 'sky130_fd_sc_hd__sdfrtp_4' - skipping.
Warning: Found unsupported expression 'D&!SCE|SCD&SCE' in pin attribute of cell 'sky130_fd_sc_hd__sdfsbp_1' - skipping.
Warning: Found unsupported expression 'D&!SCE|SCD&SCE' in pin attribute of cell 'sky130_fd_sc_hd__sdfsbp_2' - skipping.
Warning: Found unsupported expression 'D&!SCE|SCD&SCE' in pin attribute of cell 'sky130_fd_sc_hd__sdfstp_1' - skipping.
Warning: Found unsupported expression 'D&!SCE|SCD&SCE' in pin attribute of cell 'sky130_fd_sc_hd__sdfstp_2' - skipping.
Warning: Found unsupported expression 'D&!SCE|SCD&SCE' in pin attribute of cell 'sky130_fd_sc_hd__sdfstp_4' - skipping.
Warning: Found unsupported expression 'D&!SCE|SCD&SCE' in pin attribute of cell 'sky130_fd_sc_hd__sdfxbp_1' - skipping.
Warning: Found unsupported expression 'D&!SCE|SCD&SCE' in pin attribute of cell 'sky130_fd_sc_hd__sdfxbp_2' - skipping.
Warning: Found unsupported expression 'D&!SCE|SCD&SCE' in pin attribute of cell 'sky130_fd_sc_hd__sdfxtp_1' - skipping.
Warning: Found unsupported expression 'D&!SCE|SCD&SCE' in pin attribute of cell 'sky130_fd_sc_hd__sdfxtp_2' - skipping.
Warning: Found unsupported expression 'D&!SCE|SCD&SCE' in pin attribute of cell 'sky130_fd_sc_hd__sdfxtp_4' - skipping.
Warning: Found unsupported expression 'D&DE&!SCE|IQ&!DE&!SCE|SCD&SCE' in pin attribute of cell 'sky130_fd_sc_hd__sedfxbp_1' - skipping.
Warning: Found unsupported expression 'D&DE&!SCE|IQ&!DE&!SCE|SCD&SCE' in pin attribute of cell 'sky130_fd_sc_hd__sedfxbp_2' - skipping.
Warning: Found unsupported expression 'D&DE&!SCE|IQ&!DE&!SCE|SCD&SCE' in pin attribute of cell 'sky130_fd_sc_hd__sedfxtp_1' - skipping.
Warning: Found unsupported expression 'D&DE&!SCE|IQ&!DE&!SCE|SCD&SCE' in pin attribute of cell 'sky130_fd_sc_hd__sedfxtp_2' - skipping.
Warning: Found unsupported expression 'D&DE&!SCE|IQ&!DE&!SCE|SCD&SCE' in pin attribute of cell 'sky130_fd_sc_hd__sedfxtp_4' - skipping.
  cell sky130_fd_sc_hd__dfstp_2 (noninv, pins=4, area=26.28) is a direct match for cell type $_DFF_PN1_.
Warning: Found unsupported expression 'D&DE|IQ&!DE' in pin attribute of cell 'sky130_fd_sc_hd__edfxbp_1' - skipping.
Warning: Found unsupported expression 'D&DE|IQ&!DE' in pin attribute of cell 'sky130_fd_sc_hd__edfxtp_1' - skipping.
Warning: Found unsupported expression 'D&!SCE|SCD&SCE' in pin attribute of cell 'sky130_fd_sc_hd__sdfbbp_1' - skipping.
Warning: Found unsupported expression 'D&!SCE|SCD&SCE' in pin attribute of cell 'sky130_fd_sc_hd__sdfrbp_1' - skipping.
Warning: Found unsupported expression 'D&!SCE|SCD&SCE' in pin attribute of cell 'sky130_fd_sc_hd__sdfrbp_2' - skipping.
Warning: Found unsupported expression 'D&!SCE|SCD&SCE' in pin attribute of cell 'sky130_fd_sc_hd__sdfrtp_1' - skipping.
Warning: Found unsupported expression 'D&!SCE|SCD&SCE' in pin attribute of cell 'sky130_fd_sc_hd__sdfrtp_2' - skipping.
Warning: Found unsupported expression 'D&!SCE|SCD&SCE' in pin attribute of cell 'sky130_fd_sc_hd__sdfrtp_4' - skipping.
Warning: Found unsupported expression 'D&!SCE|SCD&SCE' in pin attribute of cell 'sky130_fd_sc_hd__sdfsbp_1' - skipping.
Warning: Found unsupported expression 'D&!SCE|SCD&SCE' in pin attribute of cell 'sky130_fd_sc_hd__sdfsbp_2' - skipping.
Warning: Found unsupported expression 'D&!SCE|SCD&SCE' in pin attribute of cell 'sky130_fd_sc_hd__sdfstp_1' - skipping.
Warning: Found unsupported expression 'D&!SCE|SCD&SCE' in pin attribute of cell 'sky130_fd_sc_hd__sdfstp_2' - skipping.
Warning: Found unsupported expression 'D&!SCE|SCD&SCE' in pin attribute of cell 'sky130_fd_sc_hd__sdfstp_4' - skipping.
Warning: Found unsupported expression 'D&!SCE|SCD&SCE' in pin attribute of cell 'sky130_fd_sc_hd__sdfxbp_1' - skipping.
Warning: Found unsupported expression 'D&!SCE|SCD&SCE' in pin attribute of cell 'sky130_fd_sc_hd__sdfxbp_2' - skipping.
Warning: Found unsupported expression 'D&!SCE|SCD&SCE' in pin attribute of cell 'sky130_fd_sc_hd__sdfxtp_1' - skipping.
Warning: Found unsupported expression 'D&!SCE|SCD&SCE' in pin attribute of cell 'sky130_fd_sc_hd__sdfxtp_2' - skipping.
Warning: Found unsupported expression 'D&!SCE|SCD&SCE' in pin attribute of cell 'sky130_fd_sc_hd__sdfxtp_4' - skipping.
Warning: Found unsupported expression 'D&DE&!SCE|IQ&!DE&!SCE|SCD&SCE' in pin attribute of cell 'sky130_fd_sc_hd__sedfxbp_1' - skipping.
Warning: Found unsupported expression 'D&DE&!SCE|IQ&!DE&!SCE|SCD&SCE' in pin attribute of cell 'sky130_fd_sc_hd__sedfxbp_2' - skipping.
Warning: Found unsupported expression 'D&DE&!SCE|IQ&!DE&!SCE|SCD&SCE' in pin attribute of cell 'sky130_fd_sc_hd__sedfxtp_1' - skipping.
Warning: Found unsupported expression 'D&DE&!SCE|IQ&!DE&!SCE|SCD&SCE' in pin attribute of cell 'sky130_fd_sc_hd__sedfxtp_2' - skipping.
Warning: Found unsupported expression 'D&DE&!SCE|IQ&!DE&!SCE|SCD&SCE' in pin attribute of cell 'sky130_fd_sc_hd__sedfxtp_4' - skipping.
Warning: Found unsupported expression 'D&DE|IQ&!DE' in pin attribute of cell 'sky130_fd_sc_hd__edfxbp_1' - skipping.
Warning: Found unsupported expression 'D&DE|IQ&!DE' in pin attribute of cell 'sky130_fd_sc_hd__edfxtp_1' - skipping.
Warning: Found unsupported expression 'D&!SCE|SCD&SCE' in pin attribute of cell 'sky130_fd_sc_hd__sdfbbp_1' - skipping.
Warning: Found unsupported expression 'D&!SCE|SCD&SCE' in pin attribute of cell 'sky130_fd_sc_hd__sdfrbp_1' - skipping.
Warning: Found unsupported expression 'D&!SCE|SCD&SCE' in pin attribute of cell 'sky130_fd_sc_hd__sdfrbp_2' - skipping.
Warning: Found unsupported expression 'D&!SCE|SCD&SCE' in pin attribute of cell 'sky130_fd_sc_hd__sdfrtp_1' - skipping.
Warning: Found unsupported expression 'D&!SCE|SCD&SCE' in pin attribute of cell 'sky130_fd_sc_hd__sdfrtp_2' - skipping.
Warning: Found unsupported expression 'D&!SCE|SCD&SCE' in pin attribute of cell 'sky130_fd_sc_hd__sdfrtp_4' - skipping.
Warning: Found unsupported expression 'D&!SCE|SCD&SCE' in pin attribute of cell 'sky130_fd_sc_hd__sdfsbp_1' - skipping.
Warning: Found unsupported expression 'D&!SCE|SCD&SCE' in pin attribute of cell 'sky130_fd_sc_hd__sdfsbp_2' - skipping.
Warning: Found unsupported expression 'D&!SCE|SCD&SCE' in pin attribute of cell 'sky130_fd_sc_hd__sdfstp_1' - skipping.
Warning: Found unsupported expression 'D&!SCE|SCD&SCE' in pin attribute of cell 'sky130_fd_sc_hd__sdfstp_2' - skipping.
Warning: Found unsupported expression 'D&!SCE|SCD&SCE' in pin attribute of cell 'sky130_fd_sc_hd__sdfstp_4' - skipping.
Warning: Found unsupported expression 'D&!SCE|SCD&SCE' in pin attribute of cell 'sky130_fd_sc_hd__sdfxbp_1' - skipping.
Warning: Found unsupported expression 'D&!SCE|SCD&SCE' in pin attribute of cell 'sky130_fd_sc_hd__sdfxbp_2' - skipping.
Warning: Found unsupported expression 'D&!SCE|SCD&SCE' in pin attribute of cell 'sky130_fd_sc_hd__sdfxtp_1' - skipping.
Warning: Found unsupported expression 'D&!SCE|SCD&SCE' in pin attribute of cell 'sky130_fd_sc_hd__sdfxtp_2' - skipping.
Warning: Found unsupported expression 'D&!SCE|SCD&SCE' in pin attribute of cell 'sky130_fd_sc_hd__sdfxtp_4' - skipping.
Warning: Found unsupported expression 'D&DE&!SCE|IQ&!DE&!SCE|SCD&SCE' in pin attribute of cell 'sky130_fd_sc_hd__sedfxbp_1' - skipping.
Warning: Found unsupported expression 'D&DE&!SCE|IQ&!DE&!SCE|SCD&SCE' in pin attribute of cell 'sky130_fd_sc_hd__sedfxbp_2' - skipping.
Warning: Found unsupported expression 'D&DE&!SCE|IQ&!DE&!SCE|SCD&SCE' in pin attribute of cell 'sky130_fd_sc_hd__sedfxtp_1' - skipping.
Warning: Found unsupported expression 'D&DE&!SCE|IQ&!DE&!SCE|SCD&SCE' in pin attribute of cell 'sky130_fd_sc_hd__sedfxtp_2' - skipping.
Warning: Found unsupported expression 'D&DE&!SCE|IQ&!DE&!SCE|SCD&SCE' in pin attribute of cell 'sky130_fd_sc_hd__sedfxtp_4' - skipping.
Warning: Found unsupported expression 'D&!SCE|SCD&SCE' in pin attribute of cell 'sky130_fd_sc_hd__sdfbbn_1' - skipping.
Warning: Found unsupported expression 'D&!SCE|SCD&SCE' in pin attribute of cell 'sky130_fd_sc_hd__sdfbbn_2' - skipping.
Warning: Found unsupported expression 'D&!SCE|SCD&SCE' in pin attribute of cell 'sky130_fd_sc_hd__sdfrtn_1' - skipping.
  cell sky130_fd_sc_hd__dfbbn_1 (noninv, pins=6, area=32.53) is a direct match for cell type $_DFFSR_NNN_.
Warning: Found unsupported expression 'D&!SCE|SCD&SCE' in pin attribute of cell 'sky130_fd_sc_hd__sdfbbn_1' - skipping.
Warning: Found unsupported expression 'D&!SCE|SCD&SCE' in pin attribute of cell 'sky130_fd_sc_hd__sdfbbn_2' - skipping.
Warning: Found unsupported expression 'D&!SCE|SCD&SCE' in pin attribute of cell 'sky130_fd_sc_hd__sdfrtn_1' - skipping.
Warning: Found unsupported expression 'D&!SCE|SCD&SCE' in pin attribute of cell 'sky130_fd_sc_hd__sdfbbn_1' - skipping.
Warning: Found unsupported expression 'D&!SCE|SCD&SCE' in pin attribute of cell 'sky130_fd_sc_hd__sdfbbn_2' - skipping.
Warning: Found unsupported expression 'D&!SCE|SCD&SCE' in pin attribute of cell 'sky130_fd_sc_hd__sdfrtn_1' - skipping.
Warning: Found unsupported expression 'D&!SCE|SCD&SCE' in pin attribute of cell 'sky130_fd_sc_hd__sdfbbn_1' - skipping.
Warning: Found unsupported expression 'D&!SCE|SCD&SCE' in pin attribute of cell 'sky130_fd_sc_hd__sdfbbn_2' - skipping.
Warning: Found unsupported expression 'D&!SCE|SCD&SCE' in pin attribute of cell 'sky130_fd_sc_hd__sdfrtn_1' - skipping.
Warning: Found unsupported expression 'D&DE|IQ&!DE' in pin attribute of cell 'sky130_fd_sc_hd__edfxbp_1' - skipping.
Warning: Found unsupported expression 'D&DE|IQ&!DE' in pin attribute of cell 'sky130_fd_sc_hd__edfxtp_1' - skipping.
Warning: Found unsupported expression 'D&!SCE|SCD&SCE' in pin attribute of cell 'sky130_fd_sc_hd__sdfbbp_1' - skipping.
Warning: Found unsupported expression 'D&!SCE|SCD&SCE' in pin attribute of cell 'sky130_fd_sc_hd__sdfrbp_1' - skipping.
Warning: Found unsupported expression 'D&!SCE|SCD&SCE' in pin attribute of cell 'sky130_fd_sc_hd__sdfrbp_2' - skipping.
Warning: Found unsupported expression 'D&!SCE|SCD&SCE' in pin attribute of cell 'sky130_fd_sc_hd__sdfrtp_1' - skipping.
Warning: Found unsupported expression 'D&!SCE|SCD&SCE' in pin attribute of cell 'sky130_fd_sc_hd__sdfrtp_2' - skipping.
Warning: Found unsupported expression 'D&!SCE|SCD&SCE' in pin attribute of cell 'sky130_fd_sc_hd__sdfrtp_4' - skipping.
Warning: Found unsupported expression 'D&!SCE|SCD&SCE' in pin attribute of cell 'sky130_fd_sc_hd__sdfsbp_1' - skipping.
Warning: Found unsupported expression 'D&!SCE|SCD&SCE' in pin attribute of cell 'sky130_fd_sc_hd__sdfsbp_2' - skipping.
Warning: Found unsupported expression 'D&!SCE|SCD&SCE' in pin attribute of cell 'sky130_fd_sc_hd__sdfstp_1' - skipping.
Warning: Found unsupported expression 'D&!SCE|SCD&SCE' in pin attribute of cell 'sky130_fd_sc_hd__sdfstp_2' - skipping.
Warning: Found unsupported expression 'D&!SCE|SCD&SCE' in pin attribute of cell 'sky130_fd_sc_hd__sdfstp_4' - skipping.
Warning: Found unsupported expression 'D&!SCE|SCD&SCE' in pin attribute of cell 'sky130_fd_sc_hd__sdfxbp_1' - skipping.
Warning: Found unsupported expression 'D&!SCE|SCD&SCE' in pin attribute of cell 'sky130_fd_sc_hd__sdfxbp_2' - skipping.
Warning: Found unsupported expression 'D&!SCE|SCD&SCE' in pin attribute of cell 'sky130_fd_sc_hd__sdfxtp_1' - skipping.
Warning: Found unsupported expression 'D&!SCE|SCD&SCE' in pin attribute of cell 'sky130_fd_sc_hd__sdfxtp_2' - skipping.
Warning: Found unsupported expression 'D&!SCE|SCD&SCE' in pin attribute of cell 'sky130_fd_sc_hd__sdfxtp_4' - skipping.
Warning: Found unsupported expression 'D&DE&!SCE|IQ&!DE&!SCE|SCD&SCE' in pin attribute of cell 'sky130_fd_sc_hd__sedfxbp_1' - skipping.
Warning: Found unsupported expression 'D&DE&!SCE|IQ&!DE&!SCE|SCD&SCE' in pin attribute of cell 'sky130_fd_sc_hd__sedfxbp_2' - skipping.
Warning: Found unsupported expression 'D&DE&!SCE|IQ&!DE&!SCE|SCD&SCE' in pin attribute of cell 'sky130_fd_sc_hd__sedfxtp_1' - skipping.
Warning: Found unsupported expression 'D&DE&!SCE|IQ&!DE&!SCE|SCD&SCE' in pin attribute of cell 'sky130_fd_sc_hd__sedfxtp_2' - skipping.
Warning: Found unsupported expression 'D&DE&!SCE|IQ&!DE&!SCE|SCD&SCE' in pin attribute of cell 'sky130_fd_sc_hd__sedfxtp_4' - skipping.
  cell sky130_fd_sc_hd__dfbbp_1 (noninv, pins=6, area=32.53) is a direct match for cell type $_DFFSR_PNN_.
Warning: Found unsupported expression 'D&DE|IQ&!DE' in pin attribute of cell 'sky130_fd_sc_hd__edfxbp_1' - skipping.
Warning: Found unsupported expression 'D&DE|IQ&!DE' in pin attribute of cell 'sky130_fd_sc_hd__edfxtp_1' - skipping.
Warning: Found unsupported expression 'D&!SCE|SCD&SCE' in pin attribute of cell 'sky130_fd_sc_hd__sdfbbp_1' - skipping.
Warning: Found unsupported expression 'D&!SCE|SCD&SCE' in pin attribute of cell 'sky130_fd_sc_hd__sdfrbp_1' - skipping.
Warning: Found unsupported expression 'D&!SCE|SCD&SCE' in pin attribute of cell 'sky130_fd_sc_hd__sdfrbp_2' - skipping.
Warning: Found unsupported expression 'D&!SCE|SCD&SCE' in pin attribute of cell 'sky130_fd_sc_hd__sdfrtp_1' - skipping.
Warning: Found unsupported expression 'D&!SCE|SCD&SCE' in pin attribute of cell 'sky130_fd_sc_hd__sdfrtp_2' - skipping.
Warning: Found unsupported expression 'D&!SCE|SCD&SCE' in pin attribute of cell 'sky130_fd_sc_hd__sdfrtp_4' - skipping.
Warning: Found unsupported expression 'D&!SCE|SCD&SCE' in pin attribute of cell 'sky130_fd_sc_hd__sdfsbp_1' - skipping.
Warning: Found unsupported expression 'D&!SCE|SCD&SCE' in pin attribute of cell 'sky130_fd_sc_hd__sdfsbp_2' - skipping.
Warning: Found unsupported expression 'D&!SCE|SCD&SCE' in pin attribute of cell 'sky130_fd_sc_hd__sdfstp_1' - skipping.
Warning: Found unsupported expression 'D&!SCE|SCD&SCE' in pin attribute of cell 'sky130_fd_sc_hd__sdfstp_2' - skipping.
Warning: Found unsupported expression 'D&!SCE|SCD&SCE' in pin attribute of cell 'sky130_fd_sc_hd__sdfstp_4' - skipping.
Warning: Found unsupported expression 'D&!SCE|SCD&SCE' in pin attribute of cell 'sky130_fd_sc_hd__sdfxbp_1' - skipping.
Warning: Found unsupported expression 'D&!SCE|SCD&SCE' in pin attribute of cell 'sky130_fd_sc_hd__sdfxbp_2' - skipping.
Warning: Found unsupported expression 'D&!SCE|SCD&SCE' in pin attribute of cell 'sky130_fd_sc_hd__sdfxtp_1' - skipping.
Warning: Found unsupported expression 'D&!SCE|SCD&SCE' in pin attribute of cell 'sky130_fd_sc_hd__sdfxtp_2' - skipping.
Warning: Found unsupported expression 'D&!SCE|SCD&SCE' in pin attribute of cell 'sky130_fd_sc_hd__sdfxtp_4' - skipping.
Warning: Found unsupported expression 'D&DE&!SCE|IQ&!DE&!SCE|SCD&SCE' in pin attribute of cell 'sky130_fd_sc_hd__sedfxbp_1' - skipping.
Warning: Found unsupported expression 'D&DE&!SCE|IQ&!DE&!SCE|SCD&SCE' in pin attribute of cell 'sky130_fd_sc_hd__sedfxbp_2' - skipping.
Warning: Found unsupported expression 'D&DE&!SCE|IQ&!DE&!SCE|SCD&SCE' in pin attribute of cell 'sky130_fd_sc_hd__sedfxtp_1' - skipping.
Warning: Found unsupported expression 'D&DE&!SCE|IQ&!DE&!SCE|SCD&SCE' in pin attribute of cell 'sky130_fd_sc_hd__sedfxtp_2' - skipping.
Warning: Found unsupported expression 'D&DE&!SCE|IQ&!DE&!SCE|SCD&SCE' in pin attribute of cell 'sky130_fd_sc_hd__sedfxtp_4' - skipping.
Warning: Found unsupported expression 'D&DE|IQ&!DE' in pin attribute of cell 'sky130_fd_sc_hd__edfxbp_1' - skipping.
Warning: Found unsupported expression 'D&DE|IQ&!DE' in pin attribute of cell 'sky130_fd_sc_hd__edfxtp_1' - skipping.
Warning: Found unsupported expression 'D&!SCE|SCD&SCE' in pin attribute of cell 'sky130_fd_sc_hd__sdfbbp_1' - skipping.
Warning: Found unsupported expression 'D&!SCE|SCD&SCE' in pin attribute of cell 'sky130_fd_sc_hd__sdfrbp_1' - skipping.
Warning: Found unsupported expression 'D&!SCE|SCD&SCE' in pin attribute of cell 'sky130_fd_sc_hd__sdfrbp_2' - skipping.
Warning: Found unsupported expression 'D&!SCE|SCD&SCE' in pin attribute of cell 'sky130_fd_sc_hd__sdfrtp_1' - skipping.
Warning: Found unsupported expression 'D&!SCE|SCD&SCE' in pin attribute of cell 'sky130_fd_sc_hd__sdfrtp_2' - skipping.
Warning: Found unsupported expression 'D&!SCE|SCD&SCE' in pin attribute of cell 'sky130_fd_sc_hd__sdfrtp_4' - skipping.
Warning: Found unsupported expression 'D&!SCE|SCD&SCE' in pin attribute of cell 'sky130_fd_sc_hd__sdfsbp_1' - skipping.
Warning: Found unsupported expression 'D&!SCE|SCD&SCE' in pin attribute of cell 'sky130_fd_sc_hd__sdfsbp_2' - skipping.
Warning: Found unsupported expression 'D&!SCE|SCD&SCE' in pin attribute of cell 'sky130_fd_sc_hd__sdfstp_1' - skipping.
Warning: Found unsupported expression 'D&!SCE|SCD&SCE' in pin attribute of cell 'sky130_fd_sc_hd__sdfstp_2' - skipping.
Warning: Found unsupported expression 'D&!SCE|SCD&SCE' in pin attribute of cell 'sky130_fd_sc_hd__sdfstp_4' - skipping.
Warning: Found unsupported expression 'D&!SCE|SCD&SCE' in pin attribute of cell 'sky130_fd_sc_hd__sdfxbp_1' - skipping.
Warning: Found unsupported expression 'D&!SCE|SCD&SCE' in pin attribute of cell 'sky130_fd_sc_hd__sdfxbp_2' - skipping.
Warning: Found unsupported expression 'D&!SCE|SCD&SCE' in pin attribute of cell 'sky130_fd_sc_hd__sdfxtp_1' - skipping.
Warning: Found unsupported expression 'D&!SCE|SCD&SCE' in pin attribute of cell 'sky130_fd_sc_hd__sdfxtp_2' - skipping.
Warning: Found unsupported expression 'D&!SCE|SCD&SCE' in pin attribute of cell 'sky130_fd_sc_hd__sdfxtp_4' - skipping.
Warning: Found unsupported expression 'D&DE&!SCE|IQ&!DE&!SCE|SCD&SCE' in pin attribute of cell 'sky130_fd_sc_hd__sedfxbp_1' - skipping.
Warning: Found unsupported expression 'D&DE&!SCE|IQ&!DE&!SCE|SCD&SCE' in pin attribute of cell 'sky130_fd_sc_hd__sedfxbp_2' - skipping.
Warning: Found unsupported expression 'D&DE&!SCE|IQ&!DE&!SCE|SCD&SCE' in pin attribute of cell 'sky130_fd_sc_hd__sedfxtp_1' - skipping.
Warning: Found unsupported expression 'D&DE&!SCE|IQ&!DE&!SCE|SCD&SCE' in pin attribute of cell 'sky130_fd_sc_hd__sedfxtp_2' - skipping.
Warning: Found unsupported expression 'D&DE&!SCE|IQ&!DE&!SCE|SCD&SCE' in pin attribute of cell 'sky130_fd_sc_hd__sedfxtp_4' - skipping.
Warning: Found unsupported expression 'D&DE|IQ&!DE' in pin attribute of cell 'sky130_fd_sc_hd__edfxbp_1' - skipping.
Warning: Found unsupported expression 'D&DE|IQ&!DE' in pin attribute of cell 'sky130_fd_sc_hd__edfxtp_1' - skipping.
Warning: Found unsupported expression 'D&!SCE|SCD&SCE' in pin attribute of cell 'sky130_fd_sc_hd__sdfbbp_1' - skipping.
Warning: Found unsupported expression 'D&!SCE|SCD&SCE' in pin attribute of cell 'sky130_fd_sc_hd__sdfrbp_1' - skipping.
Warning: Found unsupported expression 'D&!SCE|SCD&SCE' in pin attribute of cell 'sky130_fd_sc_hd__sdfrbp_2' - skipping.
Warning: Found unsupported expression 'D&!SCE|SCD&SCE' in pin attribute of cell 'sky130_fd_sc_hd__sdfrtp_1' - skipping.
Warning: Found unsupported expression 'D&!SCE|SCD&SCE' in pin attribute of cell 'sky130_fd_sc_hd__sdfrtp_2' - skipping.
Warning: Found unsupported expression 'D&!SCE|SCD&SCE' in pin attribute of cell 'sky130_fd_sc_hd__sdfrtp_4' - skipping.
Warning: Found unsupported expression 'D&!SCE|SCD&SCE' in pin attribute of cell 'sky130_fd_sc_hd__sdfsbp_1' - skipping.
Warning: Found unsupported expression 'D&!SCE|SCD&SCE' in pin attribute of cell 'sky130_fd_sc_hd__sdfsbp_2' - skipping.
Warning: Found unsupported expression 'D&!SCE|SCD&SCE' in pin attribute of cell 'sky130_fd_sc_hd__sdfstp_1' - skipping.
Warning: Found unsupported expression 'D&!SCE|SCD&SCE' in pin attribute of cell 'sky130_fd_sc_hd__sdfstp_2' - skipping.
Warning: Found unsupported expression 'D&!SCE|SCD&SCE' in pin attribute of cell 'sky130_fd_sc_hd__sdfstp_4' - skipping.
Warning: Found unsupported expression 'D&!SCE|SCD&SCE' in pin attribute of cell 'sky130_fd_sc_hd__sdfxbp_1' - skipping.
Warning: Found unsupported expression 'D&!SCE|SCD&SCE' in pin attribute of cell 'sky130_fd_sc_hd__sdfxbp_2' - skipping.
Warning: Found unsupported expression 'D&!SCE|SCD&SCE' in pin attribute of cell 'sky130_fd_sc_hd__sdfxtp_1' - skipping.
Warning: Found unsupported expression 'D&!SCE|SCD&SCE' in pin attribute of cell 'sky130_fd_sc_hd__sdfxtp_2' - skipping.
Warning: Found unsupported expression 'D&!SCE|SCD&SCE' in pin attribute of cell 'sky130_fd_sc_hd__sdfxtp_4' - skipping.
Warning: Found unsupported expression 'D&DE&!SCE|IQ&!DE&!SCE|SCD&SCE' in pin attribute of cell 'sky130_fd_sc_hd__sedfxbp_1' - skipping.
Warning: Found unsupported expression 'D&DE&!SCE|IQ&!DE&!SCE|SCD&SCE' in pin attribute of cell 'sky130_fd_sc_hd__sedfxbp_2' - skipping.
Warning: Found unsupported expression 'D&DE&!SCE|IQ&!DE&!SCE|SCD&SCE' in pin attribute of cell 'sky130_fd_sc_hd__sedfxtp_1' - skipping.
Warning: Found unsupported expression 'D&DE&!SCE|IQ&!DE&!SCE|SCD&SCE' in pin attribute of cell 'sky130_fd_sc_hd__sedfxtp_2' - skipping.
Warning: Found unsupported expression 'D&DE&!SCE|IQ&!DE&!SCE|SCD&SCE' in pin attribute of cell 'sky130_fd_sc_hd__sedfxtp_4' - skipping.
  create mapping for $_DFF_NP0_ from mapping for $_DFF_NN0_.
  create mapping for $_DFF_PP0_ from mapping for $_DFF_PN0_.
  create mapping for $_DFF_PP1_ from mapping for $_DFF_PN1_.
  create mapping for $_DFFSR_NPN_ from mapping for $_DFFSR_NNN_.
  create mapping for $_DFFSR_PPN_ from mapping for $_DFFSR_PNN_.
  create mapping for $_DFFSR_NNP_ from mapping for $_DFFSR_NNN_.
  create mapping for $_DFFSR_NPP_ from mapping for $_DFFSR_NNP_.
  create mapping for $_DFFSR_PNP_ from mapping for $_DFFSR_PNN_.
  create mapping for $_DFFSR_PPP_ from mapping for $_DFFSR_PNP_.
  create mapping for $_DFF_NN1_ from mapping for $_DFF_NN0_.
  create mapping for $_DFF_NP1_ from mapping for $_DFF_NN1_.
  create mapping for $_DFF_N_ from mapping for $_DFF_P_.
  final dff cell mappings:
    sky130_fd_sc_hd__dfxtp_1 _DFF_N_ (.CLK(~C), .D( D), .Q( Q));
    sky130_fd_sc_hd__dfxtp_1 _DFF_P_ (.CLK( C), .D( D), .Q( Q));
    sky130_fd_sc_hd__dfrtn_1 _DFF_NN0_ (.CLK_N( C), .D( D), .Q( Q), .RESET_B( R));
    sky130_fd_sc_hd__dfrtn_1 _DFF_NN1_ (.CLK_N( C), .D(~D), .Q(~Q), .RESET_B( R));
    sky130_fd_sc_hd__dfrtn_1 _DFF_NP0_ (.CLK_N( C), .D( D), .Q( Q), .RESET_B(~R));
    sky130_fd_sc_hd__dfrtn_1 _DFF_NP1_ (.CLK_N( C), .D(~D), .Q(~Q), .RESET_B(~R));
    sky130_fd_sc_hd__dfrtp_1 _DFF_PN0_ (.CLK( C), .D( D), .Q( Q), .RESET_B( R));
    sky130_fd_sc_hd__dfstp_2 _DFF_PN1_ (.CLK( C), .D( D), .Q( Q), .SET_B( R));
    sky130_fd_sc_hd__dfrtp_1 _DFF_PP0_ (.CLK( C), .D( D), .Q( Q), .RESET_B(~R));
    sky130_fd_sc_hd__dfstp_2 _DFF_PP1_ (.CLK( C), .D( D), .Q( Q), .SET_B(~R));
    sky130_fd_sc_hd__dfbbn_1 _DFFSR_NNN_ (.CLK_N( C), .D( D), .Q( Q), .Q_N(~Q), .RESET_B( R), .SET_B( S));
    sky130_fd_sc_hd__dfbbn_1 _DFFSR_NNP_ (.CLK_N( C), .D( D), .Q( Q), .Q_N(~Q), .RESET_B(~R), .SET_B( S));
    sky130_fd_sc_hd__dfbbn_1 _DFFSR_NPN_ (.CLK_N( C), .D( D), .Q( Q), .Q_N(~Q), .RESET_B( R), .SET_B(~S));
    sky130_fd_sc_hd__dfbbn_1 _DFFSR_NPP_ (.CLK_N( C), .D( D), .Q( Q), .Q_N(~Q), .RESET_B(~R), .SET_B(~S));
    sky130_fd_sc_hd__dfbbp_1 _DFFSR_PNN_ (.CLK( C), .D( D), .Q( Q), .Q_N(~Q), .RESET_B( R), .SET_B( S));
    sky130_fd_sc_hd__dfbbp_1 _DFFSR_PNP_ (.CLK( C), .D( D), .Q( Q), .Q_N(~Q), .RESET_B(~R), .SET_B( S));
    sky130_fd_sc_hd__dfbbp_1 _DFFSR_PPN_ (.CLK( C), .D( D), .Q( Q), .Q_N(~Q), .RESET_B( R), .SET_B(~S));
    sky130_fd_sc_hd__dfbbp_1 _DFFSR_PPP_ (.CLK( C), .D( D), .Q( Q), .Q_N(~Q), .RESET_B(~R), .SET_B(~S));
Mapping DFF cells in module `\horus_norm':
  mapped 105 $_DFF_P_ cells to \sky130_fd_sc_hd__dfxtp_1 cells.

4. Executing ABC pass (technology mapping using ABC).

4.1. Extracting gate netlist of module `\horus_norm' to `<abc-temp-dir>/input.blif'..
Extracted 740 gates and 846 wires to a netlist network with 106 inputs and 105 outputs.

4.1.1. Executing ABC.
Running ABC command: berkeley-abc -s -f <abc-temp-dir>/abc.script 2>&1
ABC: ABC command line: "source <abc-temp-dir>/abc.script".
ABC: 
ABC: + read_blif <abc-temp-dir>/input.blif 
ABC: + read_lib -w /home/sotiriosc/.volare/volare/sky130/versions/c6d73a35f524070e85faff4a6a9eef49553ebc2b/sky130A/libs.ref/sky130_fd_sc_hd/lib/sky130_fd_sc_hd__tt_025C_1v80.lib 
ABC: Parsing finished successfully.  Parsing time =     0.05 sec
ABC: Scl_LibertyReadGenlib() skipped cell "sky130_fd_sc_hd__decap_12" without logic function.
ABC: Scl_LibertyReadGenlib() skipped cell "sky130_fd_sc_hd__decap_3" without logic function.
ABC: Scl_LibertyReadGenlib() skipped cell "sky130_fd_sc_hd__decap_4" without logic function.
ABC: Scl_LibertyReadGenlib() skipped cell "sky130_fd_sc_hd__decap_6" without logic function.
ABC: Scl_LibertyReadGenlib() skipped cell "sky130_fd_sc_hd__decap_8" without logic function.
ABC: Scl_LibertyReadGenlib() skipped sequential cell "sky130_fd_sc_hd__dfbbn_1".
ABC: Scl_LibertyReadGenlib() skipped sequential cell "sky130_fd_sc_hd__dfbbn_2".
ABC: Scl_LibertyReadGenlib() skipped sequential cell "sky130_fd_sc_hd__dfbbp_1".
ABC: Scl_LibertyReadGenlib() skipped sequential cell "sky130_fd_sc_hd__dfrbp_1".
ABC: Scl_LibertyReadGenlib() skipped sequential cell "sky130_fd_sc_hd__dfrbp_2".
ABC: Scl_LibertyReadGenlib() skipped sequential cell "sky130_fd_sc_hd__dfrtn_1".
ABC: Scl_LibertyReadGenlib() skipped sequential cell "sky130_fd_sc_hd__dfrtp_1".
ABC: Scl_LibertyReadGenlib() skipped sequential cell "sky130_fd_sc_hd__dfrtp_2".
ABC: Scl_LibertyReadGenlib() skipped sequential cell "sky130_fd_sc_hd__dfrtp_4".
ABC: Scl_LibertyReadGenlib() skipped sequential cell "sky130_fd_sc_hd__dfsbp_1".
ABC: Scl_LibertyReadGenlib() skipped sequential cell "sky130_fd_sc_hd__dfsbp_2".
ABC: Scl_LibertyReadGenlib() skipped sequential cell "sky130_fd_sc_hd__dfstp_1".
ABC: Scl_LibertyReadGenlib() skipped sequential cell "sky130_fd_sc_hd__dfstp_2".
ABC: Scl_LibertyReadGenlib() skipped sequential cell "sky130_fd_sc_hd__dfstp_4".
ABC: Scl_LibertyReadGenlib() skipped sequential cell "sky130_fd_sc_hd__dfxbp_1".
ABC: Scl_LibertyReadGenlib() skipped sequential cell "sky130_fd_sc_hd__dfxbp_2".
ABC: Scl_LibertyReadGenlib() skipped sequential cell "sky130_fd_sc_hd__dfxtp_1".
ABC: Scl_LibertyReadGenlib() skipped sequential cell "sky130_fd_sc_hd__dfxtp_2".
ABC: Scl_LibertyReadGenlib() skipped sequential cell "sky130_fd_sc_hd__dfxtp_4".
ABC: Scl_LibertyReadGenlib() skipped cell "sky130_fd_sc_hd__diode_2" without logic function.
ABC: Scl_LibertyReadGenlib() skipped cell "sky130_fd_sc_hd__dlclkp_1" without logic function.
ABC: Scl_LibertyReadGenlib() skipped cell "sky130_fd_sc_hd__dlclkp_2" without logic function.
ABC: Scl_LibertyReadGenlib() skipped cell "sky130_fd_sc_hd__dlclkp_4" without logic function.
ABC: Scl_LibertyReadGenlib() skipped sequential cell "sky130_fd_sc_hd__dlrbn_1".
ABC: Scl_LibertyReadGenlib() skipped sequential cell "sky130_fd_sc_hd__dlrbn_2".
ABC: Scl_LibertyReadGenlib() skipped sequential cell "sky130_fd_sc_hd__dlrbp_1".
ABC: Scl_LibertyReadGenlib() skipped sequential cell "sky130_fd_sc_hd__dlrbp_2".
ABC: Scl_LibertyReadGenlib() skipped sequential cell "sky130_fd_sc_hd__dlrtn_1".
ABC: Scl_LibertyReadGenlib() skipped sequential cell "sky130_fd_sc_hd__dlrtn_2".
ABC: Scl_LibertyReadGenlib() skipped sequential cell "sky130_fd_sc_hd__dlrtn_4".
ABC: Scl_LibertyReadGenlib() skipped sequential cell "sky130_fd_sc_hd__dlrtp_1".
ABC: Scl_LibertyReadGenlib() skipped sequential cell "sky130_fd_sc_hd__dlrtp_2".
ABC: Scl_LibertyReadGenlib() skipped sequential cell "sky130_fd_sc_hd__dlrtp_4".
ABC: Scl_LibertyReadGenlib() skipped sequential cell "sky130_fd_sc_hd__dlxbn_1".
ABC: Scl_LibertyReadGenlib() skipped sequential cell "sky130_fd_sc_hd__dlxbn_2".
ABC: Scl_LibertyReadGenlib() skipped sequential cell "sky130_fd_sc_hd__dlxbp_1".
ABC: Scl_LibertyReadGenlib() skipped sequential cell "sky130_fd_sc_hd__dlxtn_1".
ABC: Scl_LibertyReadGenlib() skipped sequential cell "sky130_fd_sc_hd__dlxtn_2".
ABC: Scl_LibertyReadGenlib() skipped sequential cell "sky130_fd_sc_hd__dlxtn_4".
ABC: Scl_LibertyReadGenlib() skipped sequential cell "sky130_fd_sc_hd__dlxtp_1".
ABC: Scl_LibertyReadGenlib() skipped three-state cell "sky130_fd_sc_hd__ebufn_1".
ABC: Scl_LibertyReadGenlib() skipped three-state cell "sky130_fd_sc_hd__ebufn_2".
ABC: Scl_LibertyReadGenlib() skipped three-state cell "sky130_fd_sc_hd__ebufn_4".
ABC: Scl_LibertyReadGenlib() skipped three-state cell "sky130_fd_sc_hd__ebufn_8".
ABC: Scl_LibertyReadGenlib() skipped sequential cell "sky130_fd_sc_hd__edfxbp_1".
ABC: Scl_LibertyReadGenlib() skipped sequential cell "sky130_fd_sc_hd__edfxtp_1".
ABC: Scl_LibertyReadGenlib() skipped three-state cell "sky130_fd_sc_hd__einvn_0".
ABC: Scl_LibertyReadGenlib() skipped three-state cell "sky130_fd_sc_hd__einvn_1".
ABC: Scl_LibertyReadGenlib() skipped three-state cell "sky130_fd_sc_hd__einvn_2".
ABC: Scl_LibertyReadGenlib() skipped three-state cell "sky130_fd_sc_hd__einvn_4".
ABC: Scl_LibertyReadGenlib() skipped three-state cell "sky130_fd_sc_hd__einvn_8".
ABC: Scl_LibertyReadGenlib() skipped three-state cell "sky130_fd_sc_hd__einvp_1".
ABC: Scl_LibertyReadGenlib() skipped three-state cell "sky130_fd_sc_hd__einvp_2".
ABC: Scl_LibertyReadGenlib() skipped three-state cell "sky130_fd_sc_hd__einvp_4".
ABC: Scl_LibertyReadGenlib() skipped three-state cell "sky130_fd_sc_hd__einvp_8".
ABC: Scl_LibertyReadGenlib() skipped cell "sky130_fd_sc_hd__lpflow_bleeder_1" without logic function.
ABC: Scl_LibertyReadGenlib() skipped cell "sky130_fd_sc_hd__lpflow_decapkapwr_12" without logic function.
ABC: Scl_LibertyReadGenlib() skipped cell "sky130_fd_sc_hd__lpflow_decapkapwr_3" without logic function.
ABC: Scl_LibertyReadGenlib() skipped cell "sky130_fd_sc_hd__lpflow_decapkapwr_4" without logic function.
ABC: Scl_LibertyReadGenlib() skipped cell "sky130_fd_sc_hd__lpflow_decapkapwr_6" without logic function.
ABC: Scl_LibertyReadGenlib() skipped cell "sky130_fd_sc_hd__lpflow_decapkapwr_8" without logic function.
ABC: Scl_LibertyReadGenlib() skipped sequential cell "sky130_fd_sc_hd__lpflow_inputisolatch_1".
ABC: Scl_LibertyReadGenlib() skipped sequential cell "sky130_fd_sc_hd__sdfbbn_1".
ABC: Scl_LibertyReadGenlib() skipped sequential cell "sky130_fd_sc_hd__sdfbbn_2".
ABC: Scl_LibertyReadGenlib() skipped sequential cell "sky130_fd_sc_hd__sdfbbp_1".
ABC: Scl_LibertyReadGenlib() skipped sequential cell "sky130_fd_sc_hd__sdfrbp_1".
ABC: Scl_LibertyReadGenlib() skipped sequential cell "sky130_fd_sc_hd__sdfrbp_2".
ABC: Scl_LibertyReadGenlib() skipped sequential cell "sky130_fd_sc_hd__sdfrtn_1".
ABC: Scl_LibertyReadGenlib() skipped sequential cell "sky130_fd_sc_hd__sdfrtp_1".
ABC: Scl_LibertyReadGenlib() skipped sequential cell "sky130_fd_sc_hd__sdfrtp_2".
ABC: Scl_LibertyReadGenlib() skipped sequential cell "sky130_fd_sc_hd__sdfrtp_4".
ABC: Scl_LibertyReadGenlib() skipped sequential cell "sky130_fd_sc_hd__sdfsbp_1".
ABC: Scl_LibertyReadGenlib() skipped sequential cell "sky130_fd_sc_hd__sdfsbp_2".
ABC: Scl_LibertyReadGenlib() skipped sequential cell "sky130_fd_sc_hd__sdfstp_1".
ABC: Scl_LibertyReadGenlib() skipped sequential cell "sky130_fd_sc_hd__sdfstp_2".
ABC: Scl_LibertyReadGenlib() skipped sequential cell "sky130_fd_sc_hd__sdfstp_4".
ABC: Scl_LibertyReadGenlib() skipped sequential cell "sky130_fd_sc_hd__sdfxbp_1".
ABC: Scl_LibertyReadGenlib() skipped sequential cell "sky130_fd_sc_hd__sdfxbp_2".
ABC: Scl_LibertyReadGenlib() skipped sequential cell "sky130_fd_sc_hd__sdfxtp_1".
ABC: Scl_LibertyReadGenlib() skipped sequential cell "sky130_fd_sc_hd__sdfxtp_2".
ABC: Scl_LibertyReadGenlib() skipped sequential cell "sky130_fd_sc_hd__sdfxtp_4".
ABC: Scl_LibertyReadGenlib() skipped cell "sky130_fd_sc_hd__sdlclkp_1" without logic function.
ABC: Scl_LibertyReadGenlib() skipped cell "sky130_fd_sc_hd__sdlclkp_2" without logic function.
ABC: Scl_LibertyReadGenlib() skipped cell "sky130_fd_sc_hd__sdlclkp_4" without logic function.
ABC: Scl_LibertyReadGenlib() skipped sequential cell "sky130_fd_sc_hd__sedfxbp_1".
ABC: Scl_LibertyReadGenlib() skipped sequential cell "sky130_fd_sc_hd__sedfxbp_2".
ABC: Scl_LibertyReadGenlib() skipped sequential cell "sky130_fd_sc_hd__sedfxtp_1".
ABC: Scl_LibertyReadGenlib() skipped sequential cell "sky130_fd_sc_hd__sedfxtp_2".
ABC: Scl_LibertyReadGenlib() skipped sequential cell "sky130_fd_sc_hd__sedfxtp_4".
ABC: Library "sky130_fd_sc_hd__tt_025C_1v80" from "/home/sotiriosc/.volare/volare/sky130/versions/c6d73a35f524070e85faff4a6a9eef49553ebc2b/sky130A/libs.ref/sky130_fd_sc_hd/lib/sky130_fd_sc_hd__tt_025C_1v80.lib" has 334 cells (94 skipped: 63 seq; 13 tri-state; 18 no func; 0 dont_use).  Time =     0.08 sec
ABC: Memory =   16.05 MB. Time =     0.08 sec
ABC: Warning: Detected 9 multi-output gates (for example, "sky130_fd_sc_hd__fa_1").
ABC: + strash 
ABC: + ifraig 
ABC: + scorr 
ABC: Warning: The network is combinational (run "fraig" or "fraig_sweep").
ABC: + dc2 
ABC: + dretime 
ABC: + retime 
ABC: + strash 
ABC: + &get -n 
ABC: + &dch -f 
ABC: + &nf 
ABC: + &put 
ABC: + write_blif <abc-temp-dir>/output.blif 

4.1.2. Re-integrating ABC results.
ABC RESULTS:   sky130_fd_sc_hd__a211oi_1 cells:        1
ABC RESULTS:   sky130_fd_sc_hd__a21o_1 cells:        3
ABC RESULTS:   sky130_fd_sc_hd__a21oi_1 cells:       31
ABC RESULTS:   sky130_fd_sc_hd__a221o_1 cells:        2
ABC RESULTS:   sky130_fd_sc_hd__a221oi_1 cells:        3
ABC RESULTS:   sky130_fd_sc_hd__a22oi_1 cells:        6
ABC RESULTS:   sky130_fd_sc_hd__a311oi_1 cells:        8
ABC RESULTS:   sky130_fd_sc_hd__a31o_1 cells:        1
ABC RESULTS:   sky130_fd_sc_hd__a32oi_1 cells:        1
ABC RESULTS:   sky130_fd_sc_hd__a41oi_1 cells:        1
ABC RESULTS:   sky130_fd_sc_hd__and2_0 cells:       25
ABC RESULTS:   sky130_fd_sc_hd__and3_1 cells:        9
ABC RESULTS:   sky130_fd_sc_hd__clkinv_1 cells:       42
ABC RESULTS:   sky130_fd_sc_hd__lpflow_inputiso1p_1 cells:        1
ABC RESULTS:   sky130_fd_sc_hd__lpflow_isobufsrc_1 cells:        3
ABC RESULTS:   sky130_fd_sc_hd__maj3_1 cells:        9
ABC RESULTS:   sky130_fd_sc_hd__mux2_1 cells:        6
ABC RESULTS:   sky130_fd_sc_hd__mux2i_1 cells:       17
ABC RESULTS:   sky130_fd_sc_hd__nand2_1 cells:       24
ABC RESULTS:   sky130_fd_sc_hd__nand2b_1 cells:        7
ABC RESULTS:   sky130_fd_sc_hd__nand3_1 cells:       15
ABC RESULTS:   sky130_fd_sc_hd__nor2_1 cells:       25
ABC RESULTS:   sky130_fd_sc_hd__nor3_1 cells:       33
ABC RESULTS:   sky130_fd_sc_hd__nor3b_1 cells:       50
ABC RESULTS:   sky130_fd_sc_hd__nor4_1 cells:       17
ABC RESULTS:   sky130_fd_sc_hd__o211ai_1 cells:        1
ABC RESULTS:   sky130_fd_sc_hd__o21a_1 cells:        1
ABC RESULTS:   sky130_fd_sc_hd__o21ai_0 cells:       18
ABC RESULTS:   sky130_fd_sc_hd__o221ai_1 cells:       11
ABC RESULTS:   sky130_fd_sc_hd__o22a_1 cells:        1
ABC RESULTS:   sky130_fd_sc_hd__o22ai_1 cells:       10
ABC RESULTS:   sky130_fd_sc_hd__o2bb2ai_1 cells:        2
ABC RESULTS:   sky130_fd_sc_hd__o311a_1 cells:        8
ABC RESULTS:   sky130_fd_sc_hd__o32a_1 cells:        1
ABC RESULTS:   sky130_fd_sc_hd__or3_1 cells:        1
ABC RESULTS:   sky130_fd_sc_hd__or3b_1 cells:        8
ABC RESULTS:   sky130_fd_sc_hd__xnor2_1 cells:       41
ABC RESULTS:   sky130_fd_sc_hd__xnor3_1 cells:       12
ABC RESULTS:   sky130_fd_sc_hd__xor3_1 cells:        5
ABC RESULTS:        internal signals:      635
ABC RESULTS:           input signals:      106
ABC RESULTS:          output signals:      105
Removing temp directory.
Removed 0 unused cells and 846 unused wires.

5. Printing statistics.

=== horus_norm ===

   Number of wires:                400
   Number of wire bits:            824
   Number of public wires:          36
   Number of public wire bits:     364
   Number of memories:               0
   Number of memory bits:            0
   Number of processes:              0
   Number of cells:                565
     sky130_fd_sc_hd__a211oi_1       1
     sky130_fd_sc_hd__a21o_1         3
     sky130_fd_sc_hd__a21oi_1       31
     sky130_fd_sc_hd__a221o_1        2
     sky130_fd_sc_hd__a221oi_1       3
     sky130_fd_sc_hd__a22oi_1        6
     sky130_fd_sc_hd__a311oi_1       8
     sky130_fd_sc_hd__a31o_1         1
     sky130_fd_sc_hd__a32oi_1        1
     sky130_fd_sc_hd__a41oi_1        1
     sky130_fd_sc_hd__and2_0        25
     sky130_fd_sc_hd__and3_1         9
     sky130_fd_sc_hd__clkinv_1      42
     sky130_fd_sc_hd__dfxtp_1      105
     sky130_fd_sc_hd__lpflow_inputiso1p_1      1
     sky130_fd_sc_hd__lpflow_isobufsrc_1      3
     sky130_fd_sc_hd__maj3_1         9
     sky130_fd_sc_hd__mux2_1         6
     sky130_fd_sc_hd__mux2i_1       17
     sky130_fd_sc_hd__nand2_1       24
     sky130_fd_sc_hd__nand2b_1       7
     sky130_fd_sc_hd__nand3_1       15
     sky130_fd_sc_hd__nor2_1        25
     sky130_fd_sc_hd__nor3_1        33
     sky130_fd_sc_hd__nor3b_1       50
     sky130_fd_sc_hd__nor4_1        17
     sky130_fd_sc_hd__o211ai_1       1
     sky130_fd_sc_hd__o21a_1         1
     sky130_fd_sc_hd__o21ai_0       18
     sky130_fd_sc_hd__o221ai_1      11
     sky130_fd_sc_hd__o22a_1         1
     sky130_fd_sc_hd__o22ai_1       10
     sky130_fd_sc_hd__o2bb2ai_1      2
     sky130_fd_sc_hd__o311a_1        8
     sky130_fd_sc_hd__o32a_1         1
     sky130_fd_sc_hd__or3_1          1
     sky130_fd_sc_hd__or3b_1         8
     sky130_fd_sc_hd__xnor2_1       41
     sky130_fd_sc_hd__xnor3_1       12
     sky130_fd_sc_hd__xor3_1         5

   Chip area for module '\horus_norm': 5352.633600

Warnings: 26 unique messages, 234 total
End of script. Logfile hash: fe619d3e44
CPU: user 0.36s system 0.02s, MEM: 46.64 MB total, 39.79 MB resident
Yosys 0.9 (git sha1 1979e0b)
Time spent: 20% 1x dfflibmap (0 sec), 19% 2x stat (0 sec), ...
