
 /----------------------------------------------------------------------------\
 |                                                                            |
 |  yosys -- Yosys Open SYnthesis Suite                                       |
 |                                                                            |
 |  Copyright (C) 2012 - 2019  Clifford Wolf <clifford@clifford.at>           |
 |                                                                            |
 |  Permission to use, copy, modify, and/or distribute this software for any  |
 |  purpose with or without fee is hereby granted, provided that the above    |
 |  copyright notice and this permission notice appear in all copies.         |
 |                                                                            |
 |  THE SOFTWARE IS PROVIDED "AS IS" AND THE AUTHOR DISCLAIMS ALL WARRANTIES  |
 |  WITH REGARD TO THIS SOFTWARE INCLUDING ALL IMPLIED WARRANTIES OF          |
 |  MERCHANTABILITY AND FITNESS. IN NO EVENT SHALL THE AUTHOR BE LIABLE FOR   |
 |  ANY SPECIAL, DIRECT, INDIRECT, OR CONSEQUENTIAL DAMAGES OR ANY DAMAGES    |
 |  WHATSOEVER RESULTING FROM LOSS OF USE, DATA OR PROFITS, WHETHER IN AN     |
 |  ACTION OF CONTRACT, NEGLIGENCE OR OTHER TORTIOUS ACTION, ARISING OUT OF   |
 |  OR IN CONNECTION WITH THE USE OR PERFORMANCE OF THIS SOFTWARE.            |
 |                                                                            |
 \----------------------------------------------------------------------------/

 Yosys 0.9 (git sha1 1979e0b)


-- Executing script file `synth_add_circuits.ys' --

1. Executing Verilog-2005 frontend: synth_add_isolated.v
Parsing Verilog input from `synth_add_isolated.v' to AST representation.
Generating RTLIL representation for module `\nfe_add_frac_comb'.
Generating RTLIL representation for module `\blk_add9_comb'.
Generating RTLIL representation for module `\blk_add17_comb'.
Successfully finished Verilog frontend.

2. Executing HIERARCHY pass (managing design hierarchy).

2.1. Analyzing design hierarchy..
Top module:  \nfe_add_frac_comb

2.2. Analyzing design hierarchy..
Top module:  \nfe_add_frac_comb
Removing unused module `\blk_add17_comb'.
Removing unused module `\blk_add9_comb'.
Removed 2 unused modules.

3. Executing PROC pass (convert processes to netlists).

3.1. Executing PROC_CLEAN pass (remove empty switches from decision trees).
Cleaned up 0 empty switches.

3.2. Executing PROC_RMDEAD pass (remove dead branches from decision trees).
Removed a total of 0 dead cases.

3.3. Executing PROC_INIT pass (extract init attributes).

3.4. Executing PROC_ARST pass (detect async resets in processes).

3.5. Executing PROC_MUX pass (convert decision trees to multiplexers).

3.6. Executing PROC_DLATCH pass (convert process syncs to latches).

3.7. Executing PROC_DFF pass (convert process syncs to FFs).

3.8. Executing PROC_CLEAN pass (remove empty switches from decision trees).
Cleaned up 0 empty switches.

4. Executing OPT pass (performing simple optimizations).

4.1. Executing OPT_EXPR pass (perform const folding).
Optimizing module nfe_add_frac_comb.

4.2. Executing OPT_MERGE pass (detect identical cells).
Finding identical cells in module `\nfe_add_frac_comb'.
Removed a total of 0 cells.

4.3. Executing OPT_MUXTREE pass (detect dead branches in mux trees).
Running muxtree optimizer on module \nfe_add_frac_comb..
  Creating internal representation of mux trees.
  Evaluating internal representation of mux trees.
  Analyzing evaluation results.
Removed 0 multiplexer ports.
<suppressed ~1 debug messages>

4.4. Executing OPT_REDUCE pass (consolidate $*mux and $reduce_* inputs).
  Optimizing cells in module \nfe_add_frac_comb.
Performed a total of 0 changes.

4.5. Executing OPT_MERGE pass (detect identical cells).
Finding identical cells in module `\nfe_add_frac_comb'.
Removed a total of 0 cells.

4.6. Executing OPT_RMDFF pass (remove dff with constant values).

4.7. Executing OPT_CLEAN pass (remove unused cells and wires).
Finding unused cells or wires in module \nfe_add_frac_comb..
Removed 0 unused cells and 4 unused wires.
<suppressed ~1 debug messages>

4.8. Executing OPT_EXPR pass (perform const folding).
Optimizing module nfe_add_frac_comb.

4.9. Finished OPT passes. (There is nothing left to do.)

5. Executing FLATTEN pass (flatten design).
No more expansions possible.

6. Executing OPT pass (performing simple optimizations).

6.1. Executing OPT_EXPR pass (perform const folding).
Optimizing module nfe_add_frac_comb.

6.2. Executing OPT_MERGE pass (detect identical cells).
Finding identical cells in module `\nfe_add_frac_comb'.
Removed a total of 0 cells.

6.3. Executing OPT_MUXTREE pass (detect dead branches in mux trees).
Running muxtree optimizer on module \nfe_add_frac_comb..
  Creating internal representation of mux trees.
  Evaluating internal representation of mux trees.
  Analyzing evaluation results.
Removed 0 multiplexer ports.
<suppressed ~1 debug messages>

6.4. Executing OPT_REDUCE pass (consolidate $*mux and $reduce_* inputs).
  Optimizing cells in module \nfe_add_frac_comb.
Performed a total of 0 changes.

6.5. Executing OPT_MERGE pass (detect identical cells).
Finding identical cells in module `\nfe_add_frac_comb'.
Removed a total of 0 cells.

6.6. Executing OPT_RMDFF pass (remove dff with constant values).

6.7. Executing OPT_CLEAN pass (remove unused cells and wires).
Finding unused cells or wires in module \nfe_add_frac_comb..

6.8. Executing OPT_EXPR pass (perform const folding).
Optimizing module nfe_add_frac_comb.

6.9. Finished OPT passes. (There is nothing left to do.)

7. Executing TECHMAP pass (map to technology primitives).

7.1. Executing Verilog-2005 frontend: <techmap.v>
Parsing Verilog input from `<techmap.v>' to AST representation.
Generating RTLIL representation for module `\_90_simplemap_bool_ops'.
Generating RTLIL representation for module `\_90_simplemap_reduce_ops'.
Generating RTLIL representation for module `\_90_simplemap_logic_ops'.
Generating RTLIL representation for module `\_90_simplemap_compare_ops'.
Generating RTLIL representation for module `\_90_simplemap_various'.
Generating RTLIL representation for module `\_90_simplemap_registers'.
Generating RTLIL representation for module `\_90_shift_ops_shr_shl_sshl_sshr'.
Generating RTLIL representation for module `\_90_shift_shiftx'.
Generating RTLIL representation for module `\_90_fa'.
Generating RTLIL representation for module `\_90_lcu'.
Generating RTLIL representation for module `\_90_alu'.
Generating RTLIL representation for module `\_90_macc'.
Generating RTLIL representation for module `\_90_alumacc'.
Generating RTLIL representation for module `\$__div_mod_u'.
Generating RTLIL representation for module `\$__div_mod'.
Generating RTLIL representation for module `\_90_div'.
Generating RTLIL representation for module `\_90_mod'.
Generating RTLIL representation for module `\_90_pow'.
Generating RTLIL representation for module `\_90_pmux'.
Generating RTLIL representation for module `\_90_lut'.
Successfully finished Verilog frontend.

7.2. Continuing TECHMAP pass.
Running "alumacc" on wrapper $extern:wrap:$add:A_SIGNED=0:A_WIDTH=8:B_SIGNED=0:B_WIDTH=8:Y_WIDTH=8:394426c56d1a028ba8fdd5469b163e04011def47.
Using template $extern:wrap:$add:A_SIGNED=0:A_WIDTH=8:B_SIGNED=0:B_WIDTH=8:Y_WIDTH=8:394426c56d1a028ba8fdd5469b163e04011def47 for cells of type $extern:wrap:$add:A_SIGNED=0:A_WIDTH=8:B_SIGNED=0:B_WIDTH=8:Y_WIDTH=8:394426c56d1a028ba8fdd5469b163e04011def47.
Running "alumacc" on wrapper $extern:wrap:$add:A_SIGNED=0:A_WIDTH=7:B_SIGNED=0:B_WIDTH=7:Y_WIDTH=7:394426c56d1a028ba8fdd5469b163e04011def47.
Using template $extern:wrap:$add:A_SIGNED=0:A_WIDTH=7:B_SIGNED=0:B_WIDTH=7:Y_WIDTH=7:394426c56d1a028ba8fdd5469b163e04011def47 for cells of type $extern:wrap:$add:A_SIGNED=0:A_WIDTH=7:B_SIGNED=0:B_WIDTH=7:Y_WIDTH=7:394426c56d1a028ba8fdd5469b163e04011def47.
Using extmapper simplemap for cells of type $logic_and.
Using extmapper simplemap for cells of type $mux.
Using template $paramod\_90_alu\A_SIGNED=0\B_SIGNED=0\A_WIDTH=8\B_WIDTH=8\Y_WIDTH=8 for cells of type $alu.
Using template $paramod\_90_alu\A_SIGNED=0\B_SIGNED=0\A_WIDTH=7\B_WIDTH=7\Y_WIDTH=7 for cells of type $alu.
Using extmapper simplemap for cells of type $and.
Using extmapper simplemap for cells of type $xor.
Using template $paramod\_90_lcu\WIDTH=8 for cells of type $lcu.
Using extmapper simplemap for cells of type $not.
Using extmapper simplemap for cells of type $pos.
Using template $paramod\_90_lcu\WIDTH=7 for cells of type $lcu.
Using extmapper simplemap for cells of type $or.
No more expansions possible.
<suppressed ~346 debug messages>

8. Executing OPT pass (performing simple optimizations).

8.1. Executing OPT_EXPR pass (perform const folding).
Optimizing module nfe_add_frac_comb.
<suppressed ~74 debug messages>

8.2. Executing OPT_MERGE pass (detect identical cells).
Finding identical cells in module `\nfe_add_frac_comb'.
Removed a total of 0 cells.

8.3. Executing OPT_MUXTREE pass (detect dead branches in mux trees).
Running muxtree optimizer on module \nfe_add_frac_comb..
  Creating internal representation of mux trees.
  No muxes found in this module.
Removed 0 multiplexer ports.

8.4. Executing OPT_REDUCE pass (consolidate $*mux and $reduce_* inputs).
  Optimizing cells in module \nfe_add_frac_comb.
Performed a total of 0 changes.

8.5. Executing OPT_MERGE pass (detect identical cells).
Finding identical cells in module `\nfe_add_frac_comb'.
Removed a total of 0 cells.

8.6. Executing OPT_RMDFF pass (remove dff with constant values).

8.7. Executing OPT_CLEAN pass (remove unused cells and wires).
Finding unused cells or wires in module \nfe_add_frac_comb..
Removed 6 unused cells and 76 unused wires.
<suppressed ~7 debug messages>

8.8. Executing OPT_EXPR pass (perform const folding).
Optimizing module nfe_add_frac_comb.

8.9. Rerunning OPT passes. (Maybe there is more to do..)

8.10. Executing OPT_MUXTREE pass (detect dead branches in mux trees).
Running muxtree optimizer on module \nfe_add_frac_comb..
  Creating internal representation of mux trees.
  No muxes found in this module.
Removed 0 multiplexer ports.

8.11. Executing OPT_REDUCE pass (consolidate $*mux and $reduce_* inputs).
  Optimizing cells in module \nfe_add_frac_comb.
Performed a total of 0 changes.

8.12. Executing OPT_MERGE pass (detect identical cells).
Finding identical cells in module `\nfe_add_frac_comb'.
Removed a total of 0 cells.

8.13. Executing OPT_RMDFF pass (remove dff with constant values).

8.14. Executing OPT_CLEAN pass (remove unused cells and wires).
Finding unused cells or wires in module \nfe_add_frac_comb..

8.15. Executing OPT_EXPR pass (perform const folding).
Optimizing module nfe_add_frac_comb.

8.16. Finished OPT passes. (There is nothing left to do.)

9. Executing ABC pass (technology mapping using ABC).

9.1. Extracting gate netlist of module `\nfe_add_frac_comb' to `<abc-temp-dir>/input.blif'..
Extracted 72 gates and 91 wires to a netlist network with 18 inputs and 14 outputs.

9.1.1. Executing ABC.
Running ABC command: berkeley-abc -s -f <abc-temp-dir>/abc.script 2>&1
ABC: ABC command line: "source <abc-temp-dir>/abc.script".
ABC: 
ABC: + read_blif <abc-temp-dir>/input.blif 
ABC: + read_library <abc-temp-dir>/stdcells.genlib 
ABC: Entered genlib library with 12 gates from file "<abc-temp-dir>/stdcells.genlib".
ABC: + strash 
ABC: + ifraig 
ABC: + scorr 
ABC: Warning: The network is combinational (run "fraig" or "fraig_sweep").
ABC: + dc2 
ABC: + dretime 
ABC: + retime 
ABC: + strash 
ABC: + &get -n 
ABC: + &dch -f 
ABC: + &nf 
ABC: + &put 
ABC: + write_blif <abc-temp-dir>/output.blif 

9.1.2. Re-integrating ABC results.
ABC RESULTS:               AND cells:       17
ABC RESULTS:            ANDNOT cells:        3
ABC RESULTS:              NAND cells:       25
ABC RESULTS:               NOR cells:        3
ABC RESULTS:               NOT cells:        1
ABC RESULTS:                OR cells:        5
ABC RESULTS:             ORNOT cells:        4
ABC RESULTS:              XNOR cells:        8
ABC RESULTS:               XOR cells:        5
ABC RESULTS:        internal signals:       59
ABC RESULTS:           input signals:       18
ABC RESULTS:          output signals:       14
Removing temp directory.
Removed 0 unused cells and 50 unused wires.

10. Printing statistics.

=== nfe_add_frac_comb ===

   Number of wires:                 70
   Number of wire bits:            158
   Number of public wires:          13
   Number of public wire bits:     101
   Number of memories:               0
   Number of memory bits:            0
   Number of processes:              0
   Number of cells:                 71
     $_ANDNOT_                       3
     $_AND_                         17
     $_NAND_                        25
     $_NOR_                          3
     $_NOT_                          1
     $_ORNOT_                        4
     $_OR_                           5
     $_XNOR_                         8
     $_XOR_                          5

11. Executing Verilog-2005 frontend: synth_add_isolated.v
Parsing Verilog input from `synth_add_isolated.v' to AST representation.
Generating RTLIL representation for module `\nfe_add_frac_comb'.
Generating RTLIL representation for module `\blk_add9_comb'.
Generating RTLIL representation for module `\blk_add17_comb'.
Successfully finished Verilog frontend.

12. Executing HIERARCHY pass (managing design hierarchy).

12.1. Analyzing design hierarchy..
Top module:  \nfe_add_frac_comb

12.2. Analyzing design hierarchy..
Top module:  \nfe_add_frac_comb
Removing unused module `\blk_add17_comb'.
Removing unused module `\blk_add9_comb'.
Removed 2 unused modules.

13. Executing PROC pass (convert processes to netlists).

13.1. Executing PROC_CLEAN pass (remove empty switches from decision trees).
Cleaned up 0 empty switches.

13.2. Executing PROC_RMDEAD pass (remove dead branches from decision trees).
Removed a total of 0 dead cases.

13.3. Executing PROC_INIT pass (extract init attributes).

13.4. Executing PROC_ARST pass (detect async resets in processes).

13.5. Executing PROC_MUX pass (convert decision trees to multiplexers).

13.6. Executing PROC_DLATCH pass (convert process syncs to latches).

13.7. Executing PROC_DFF pass (convert process syncs to FFs).

13.8. Executing PROC_CLEAN pass (remove empty switches from decision trees).
Cleaned up 0 empty switches.

14. Executing OPT pass (performing simple optimizations).

14.1. Executing OPT_EXPR pass (perform const folding).
Optimizing module nfe_add_frac_comb.

14.2. Executing OPT_MERGE pass (detect identical cells).
Finding identical cells in module `\nfe_add_frac_comb'.
Removed a total of 0 cells.

14.3. Executing OPT_MUXTREE pass (detect dead branches in mux trees).
Running muxtree optimizer on module \nfe_add_frac_comb..
  Creating internal representation of mux trees.
  Evaluating internal representation of mux trees.
  Analyzing evaluation results.
Removed 0 multiplexer ports.
<suppressed ~1 debug messages>

14.4. Executing OPT_REDUCE pass (consolidate $*mux and $reduce_* inputs).
  Optimizing cells in module \nfe_add_frac_comb.
Performed a total of 0 changes.

14.5. Executing OPT_MERGE pass (detect identical cells).
Finding identical cells in module `\nfe_add_frac_comb'.
Removed a total of 0 cells.

14.6. Executing OPT_RMDFF pass (remove dff with constant values).

14.7. Executing OPT_CLEAN pass (remove unused cells and wires).
Finding unused cells or wires in module \nfe_add_frac_comb..
Removed 0 unused cells and 4 unused wires.
<suppressed ~1 debug messages>

14.8. Executing OPT_EXPR pass (perform const folding).
Optimizing module nfe_add_frac_comb.

14.9. Finished OPT passes. (There is nothing left to do.)

15. Executing FLATTEN pass (flatten design).
No more expansions possible.

16. Executing OPT pass (performing simple optimizations).

16.1. Executing OPT_EXPR pass (perform const folding).
Optimizing module nfe_add_frac_comb.

16.2. Executing OPT_MERGE pass (detect identical cells).
Finding identical cells in module `\nfe_add_frac_comb'.
Removed a total of 0 cells.

16.3. Executing OPT_MUXTREE pass (detect dead branches in mux trees).
Running muxtree optimizer on module \nfe_add_frac_comb..
  Creating internal representation of mux trees.
  Evaluating internal representation of mux trees.
  Analyzing evaluation results.
Removed 0 multiplexer ports.
<suppressed ~1 debug messages>

16.4. Executing OPT_REDUCE pass (consolidate $*mux and $reduce_* inputs).
  Optimizing cells in module \nfe_add_frac_comb.
Performed a total of 0 changes.

16.5. Executing OPT_MERGE pass (detect identical cells).
Finding identical cells in module `\nfe_add_frac_comb'.
Removed a total of 0 cells.

16.6. Executing OPT_RMDFF pass (remove dff with constant values).

16.7. Executing OPT_CLEAN pass (remove unused cells and wires).
Finding unused cells or wires in module \nfe_add_frac_comb..

16.8. Executing OPT_EXPR pass (perform const folding).
Optimizing module nfe_add_frac_comb.

16.9. Finished OPT passes. (There is nothing left to do.)

17. Executing TECHMAP pass (map to technology primitives).

17.1. Executing Verilog-2005 frontend: <techmap.v>
Parsing Verilog input from `<techmap.v>' to AST representation.
Generating RTLIL representation for module `\_90_simplemap_bool_ops'.
Generating RTLIL representation for module `\_90_simplemap_reduce_ops'.
Generating RTLIL representation for module `\_90_simplemap_logic_ops'.
Generating RTLIL representation for module `\_90_simplemap_compare_ops'.
Generating RTLIL representation for module `\_90_simplemap_various'.
Generating RTLIL representation for module `\_90_simplemap_registers'.
Generating RTLIL representation for module `\_90_shift_ops_shr_shl_sshl_sshr'.
Generating RTLIL representation for module `\_90_shift_shiftx'.
Generating RTLIL representation for module `\_90_fa'.
Generating RTLIL representation for module `\_90_lcu'.
Generating RTLIL representation for module `\_90_alu'.
Generating RTLIL representation for module `\_90_macc'.
Generating RTLIL representation for module `\_90_alumacc'.
Generating RTLIL representation for module `\$__div_mod_u'.
Generating RTLIL representation for module `\$__div_mod'.
Generating RTLIL representation for module `\_90_div'.
Generating RTLIL representation for module `\_90_mod'.
Generating RTLIL representation for module `\_90_pow'.
Generating RTLIL representation for module `\_90_pmux'.
Generating RTLIL representation for module `\_90_lut'.
Successfully finished Verilog frontend.

17.2. Continuing TECHMAP pass.
Running "alumacc" on wrapper $extern:wrap:$add:A_SIGNED=0:A_WIDTH=7:B_SIGNED=0:B_WIDTH=7:Y_WIDTH=7:394426c56d1a028ba8fdd5469b163e04011def47.
Using template $extern:wrap:$add:A_SIGNED=0:A_WIDTH=7:B_SIGNED=0:B_WIDTH=7:Y_WIDTH=7:394426c56d1a028ba8fdd5469b163e04011def47 for cells of type $extern:wrap:$add:A_SIGNED=0:A_WIDTH=7:B_SIGNED=0:B_WIDTH=7:Y_WIDTH=7:394426c56d1a028ba8fdd5469b163e04011def47.
Using extmapper simplemap for cells of type $mux.
Using extmapper simplemap for cells of type $logic_and.
Running "alumacc" on wrapper $extern:wrap:$add:A_SIGNED=0:A_WIDTH=8:B_SIGNED=0:B_WIDTH=8:Y_WIDTH=8:394426c56d1a028ba8fdd5469b163e04011def47.
Using template $extern:wrap:$add:A_SIGNED=0:A_WIDTH=8:B_SIGNED=0:B_WIDTH=8:Y_WIDTH=8:394426c56d1a028ba8fdd5469b163e04011def47 for cells of type $extern:wrap:$add:A_SIGNED=0:A_WIDTH=8:B_SIGNED=0:B_WIDTH=8:Y_WIDTH=8:394426c56d1a028ba8fdd5469b163e04011def47.
Using template $paramod\_90_alu\A_SIGNED=0\B_SIGNED=0\A_WIDTH=7\B_WIDTH=7\Y_WIDTH=7 for cells of type $alu.
Using template $paramod\_90_alu\A_SIGNED=0\B_SIGNED=0\A_WIDTH=8\B_WIDTH=8\Y_WIDTH=8 for cells of type $alu.
Using extmapper simplemap for cells of type $not.
Using extmapper simplemap for cells of type $xor.
Using template $paramod\_90_lcu\WIDTH=7 for cells of type $lcu.
Using template $paramod\_90_lcu\WIDTH=8 for cells of type $lcu.
Using extmapper simplemap for cells of type $pos.
Using extmapper simplemap for cells of type $and.
Using extmapper simplemap for cells of type $or.
No more expansions possible.
<suppressed ~346 debug messages>

18. Executing OPT pass (performing simple optimizations).

18.1. Executing OPT_EXPR pass (perform const folding).
Optimizing module nfe_add_frac_comb.
<suppressed ~74 debug messages>

18.2. Executing OPT_MERGE pass (detect identical cells).
Finding identical cells in module `\nfe_add_frac_comb'.
Removed a total of 0 cells.

18.3. Executing OPT_MUXTREE pass (detect dead branches in mux trees).
Running muxtree optimizer on module \nfe_add_frac_comb..
  Creating internal representation of mux trees.
  No muxes found in this module.
Removed 0 multiplexer ports.

18.4. Executing OPT_REDUCE pass (consolidate $*mux and $reduce_* inputs).
  Optimizing cells in module \nfe_add_frac_comb.
Performed a total of 0 changes.

18.5. Executing OPT_MERGE pass (detect identical cells).
Finding identical cells in module `\nfe_add_frac_comb'.
Removed a total of 0 cells.

18.6. Executing OPT_RMDFF pass (remove dff with constant values).

18.7. Executing OPT_CLEAN pass (remove unused cells and wires).
Finding unused cells or wires in module \nfe_add_frac_comb..
Removed 6 unused cells and 76 unused wires.
<suppressed ~7 debug messages>

18.8. Executing OPT_EXPR pass (perform const folding).
Optimizing module nfe_add_frac_comb.

18.9. Rerunning OPT passes. (Maybe there is more to do..)

18.10. Executing OPT_MUXTREE pass (detect dead branches in mux trees).
Running muxtree optimizer on module \nfe_add_frac_comb..
  Creating internal representation of mux trees.
  No muxes found in this module.
Removed 0 multiplexer ports.

18.11. Executing OPT_REDUCE pass (consolidate $*mux and $reduce_* inputs).
  Optimizing cells in module \nfe_add_frac_comb.
Performed a total of 0 changes.

18.12. Executing OPT_MERGE pass (detect identical cells).
Finding identical cells in module `\nfe_add_frac_comb'.
Removed a total of 0 cells.

18.13. Executing OPT_RMDFF pass (remove dff with constant values).

18.14. Executing OPT_CLEAN pass (remove unused cells and wires).
Finding unused cells or wires in module \nfe_add_frac_comb..

18.15. Executing OPT_EXPR pass (perform const folding).
Optimizing module nfe_add_frac_comb.

18.16. Finished OPT passes. (There is nothing left to do.)

19. Executing ABC pass (technology mapping using ABC).

19.1. Extracting gate netlist of module `\nfe_add_frac_comb' to `<abc-temp-dir>/input.blif'..
Extracted 72 gates and 91 wires to a netlist network with 18 inputs and 14 outputs.

19.1.1. Executing ABC.
Running ABC command: berkeley-abc -s -f <abc-temp-dir>/abc.script 2>&1
ABC: ABC command line: "source <abc-temp-dir>/abc.script".
ABC: 
ABC: + read_blif <abc-temp-dir>/input.blif 
ABC: + read_library <abc-temp-dir>/stdcells.genlib 
ABC: Entered genlib library with 5 gates from file "<abc-temp-dir>/stdcells.genlib".
ABC: + strash 
ABC: + ifraig 
ABC: + scorr 
ABC: Warning: The network is combinational (run "fraig" or "fraig_sweep").
ABC: + dc2 
ABC: + dretime 
ABC: + retime 
ABC: + strash 
ABC: + &get -n 
ABC: + &dch -f 
ABC: + &nf 
ABC: + &put 
ABC: + write_blif <abc-temp-dir>/output.blif 

19.1.2. Re-integrating ABC results.
ABC RESULTS:              NAND cells:       84
ABC RESULTS:               NOT cells:       43
ABC RESULTS:        internal signals:       59
ABC RESULTS:           input signals:       18
ABC RESULTS:          output signals:       14
Removing temp directory.
Removed 0 unused cells and 50 unused wires.

20. Printing statistics.

=== nfe_add_frac_comb ===

   Number of wires:                126
   Number of wire bits:            214
   Number of public wires:          13
   Number of public wire bits:     101
   Number of memories:               0
   Number of memory bits:            0
   Number of processes:              0
   Number of cells:                127
     $_NAND_                        84
     $_NOT_                         43

21. Executing Verilog-2005 frontend: synth_add_isolated.v
Parsing Verilog input from `synth_add_isolated.v' to AST representation.
Generating RTLIL representation for module `\nfe_add_frac_comb'.
Generating RTLIL representation for module `\blk_add9_comb'.
Generating RTLIL representation for module `\blk_add17_comb'.
Successfully finished Verilog frontend.

22. Executing HIERARCHY pass (managing design hierarchy).

22.1. Analyzing design hierarchy..
Top module:  \blk_add9_comb

22.2. Analyzing design hierarchy..
Top module:  \blk_add9_comb
Removing unused module `\blk_add17_comb'.
Removing unused module `\nfe_add_frac_comb'.
Removed 2 unused modules.

23. Executing PROC pass (convert processes to netlists).

23.1. Executing PROC_CLEAN pass (remove empty switches from decision trees).
Cleaned up 0 empty switches.

23.2. Executing PROC_RMDEAD pass (remove dead branches from decision trees).
Removed a total of 0 dead cases.

23.3. Executing PROC_INIT pass (extract init attributes).

23.4. Executing PROC_ARST pass (detect async resets in processes).

23.5. Executing PROC_MUX pass (convert decision trees to multiplexers).

23.6. Executing PROC_DLATCH pass (convert process syncs to latches).

23.7. Executing PROC_DFF pass (convert process syncs to FFs).

23.8. Executing PROC_CLEAN pass (remove empty switches from decision trees).
Cleaned up 0 empty switches.

24. Executing OPT pass (performing simple optimizations).

24.1. Executing OPT_EXPR pass (perform const folding).
Optimizing module blk_add9_comb.

24.2. Executing OPT_MERGE pass (detect identical cells).
Finding identical cells in module `\blk_add9_comb'.
Removed a total of 0 cells.

24.3. Executing OPT_MUXTREE pass (detect dead branches in mux trees).
Running muxtree optimizer on module \blk_add9_comb..
  Creating internal representation of mux trees.
  No muxes found in this module.
Removed 0 multiplexer ports.

24.4. Executing OPT_REDUCE pass (consolidate $*mux and $reduce_* inputs).
  Optimizing cells in module \blk_add9_comb.
Performed a total of 0 changes.

24.5. Executing OPT_MERGE pass (detect identical cells).
Finding identical cells in module `\blk_add9_comb'.
Removed a total of 0 cells.

24.6. Executing OPT_RMDFF pass (remove dff with constant values).

24.7. Executing OPT_CLEAN pass (remove unused cells and wires).
Finding unused cells or wires in module \blk_add9_comb..
Removed 0 unused cells and 1 unused wires.
<suppressed ~1 debug messages>

24.8. Executing OPT_EXPR pass (perform const folding).
Optimizing module blk_add9_comb.

24.9. Finished OPT passes. (There is nothing left to do.)

25. Executing FLATTEN pass (flatten design).
No more expansions possible.

26. Executing OPT pass (performing simple optimizations).

26.1. Executing OPT_EXPR pass (perform const folding).
Optimizing module blk_add9_comb.

26.2. Executing OPT_MERGE pass (detect identical cells).
Finding identical cells in module `\blk_add9_comb'.
Removed a total of 0 cells.

26.3. Executing OPT_MUXTREE pass (detect dead branches in mux trees).
Running muxtree optimizer on module \blk_add9_comb..
  Creating internal representation of mux trees.
  No muxes found in this module.
Removed 0 multiplexer ports.

26.4. Executing OPT_REDUCE pass (consolidate $*mux and $reduce_* inputs).
  Optimizing cells in module \blk_add9_comb.
Performed a total of 0 changes.

26.5. Executing OPT_MERGE pass (detect identical cells).
Finding identical cells in module `\blk_add9_comb'.
Removed a total of 0 cells.

26.6. Executing OPT_RMDFF pass (remove dff with constant values).

26.7. Executing OPT_CLEAN pass (remove unused cells and wires).
Finding unused cells or wires in module \blk_add9_comb..

26.8. Executing OPT_EXPR pass (perform const folding).
Optimizing module blk_add9_comb.

26.9. Finished OPT passes. (There is nothing left to do.)

27. Executing TECHMAP pass (map to technology primitives).

27.1. Executing Verilog-2005 frontend: <techmap.v>
Parsing Verilog input from `<techmap.v>' to AST representation.
Generating RTLIL representation for module `\_90_simplemap_bool_ops'.
Generating RTLIL representation for module `\_90_simplemap_reduce_ops'.
Generating RTLIL representation for module `\_90_simplemap_logic_ops'.
Generating RTLIL representation for module `\_90_simplemap_compare_ops'.
Generating RTLIL representation for module `\_90_simplemap_various'.
Generating RTLIL representation for module `\_90_simplemap_registers'.
Generating RTLIL representation for module `\_90_shift_ops_shr_shl_sshl_sshr'.
Generating RTLIL representation for module `\_90_shift_shiftx'.
Generating RTLIL representation for module `\_90_fa'.
Generating RTLIL representation for module `\_90_lcu'.
Generating RTLIL representation for module `\_90_alu'.
Generating RTLIL representation for module `\_90_macc'.
Generating RTLIL representation for module `\_90_alumacc'.
Generating RTLIL representation for module `\$__div_mod_u'.
Generating RTLIL representation for module `\$__div_mod'.
Generating RTLIL representation for module `\_90_div'.
Generating RTLIL representation for module `\_90_mod'.
Generating RTLIL representation for module `\_90_pow'.
Generating RTLIL representation for module `\_90_pmux'.
Generating RTLIL representation for module `\_90_lut'.
Successfully finished Verilog frontend.

27.2. Continuing TECHMAP pass.
Running "alumacc" on wrapper $extern:wrap:$add:A_SIGNED=0:A_WIDTH=9:B_SIGNED=0:B_WIDTH=9:Y_WIDTH=9:394426c56d1a028ba8fdd5469b163e04011def47.
Using template $extern:wrap:$add:A_SIGNED=0:A_WIDTH=9:B_SIGNED=0:B_WIDTH=9:Y_WIDTH=9:394426c56d1a028ba8fdd5469b163e04011def47 for cells of type $extern:wrap:$add:A_SIGNED=0:A_WIDTH=9:B_SIGNED=0:B_WIDTH=9:Y_WIDTH=9:394426c56d1a028ba8fdd5469b163e04011def47.
Using template $paramod\_90_alu\A_SIGNED=0\B_SIGNED=0\A_WIDTH=9\B_WIDTH=9\Y_WIDTH=9 for cells of type $alu.
Using extmapper simplemap for cells of type $mux.
Using template $paramod\_90_lcu\WIDTH=9 for cells of type $lcu.
Using extmapper simplemap for cells of type $not.
Using extmapper simplemap for cells of type $pos.
Using extmapper simplemap for cells of type $and.
Using extmapper simplemap for cells of type $xor.
Using extmapper simplemap for cells of type $or.
No more expansions possible.
<suppressed ~182 debug messages>

28. Executing OPT pass (performing simple optimizations).

28.1. Executing OPT_EXPR pass (perform const folding).
Optimizing module blk_add9_comb.
<suppressed ~13 debug messages>

28.2. Executing OPT_MERGE pass (detect identical cells).
Finding identical cells in module `\blk_add9_comb'.
Removed a total of 0 cells.

28.3. Executing OPT_MUXTREE pass (detect dead branches in mux trees).
Running muxtree optimizer on module \blk_add9_comb..
  Creating internal representation of mux trees.
  No muxes found in this module.
Removed 0 multiplexer ports.

28.4. Executing OPT_REDUCE pass (consolidate $*mux and $reduce_* inputs).
  Optimizing cells in module \blk_add9_comb.
Performed a total of 0 changes.

28.5. Executing OPT_MERGE pass (detect identical cells).
Finding identical cells in module `\blk_add9_comb'.
Removed a total of 0 cells.

28.6. Executing OPT_RMDFF pass (remove dff with constant values).

28.7. Executing OPT_CLEAN pass (remove unused cells and wires).
Finding unused cells or wires in module \blk_add9_comb..
Removed 12 unused cells and 29 unused wires.
<suppressed ~13 debug messages>

28.8. Executing OPT_EXPR pass (perform const folding).
Optimizing module blk_add9_comb.

28.9. Rerunning OPT passes. (Maybe there is more to do..)

28.10. Executing OPT_MUXTREE pass (detect dead branches in mux trees).
Running muxtree optimizer on module \blk_add9_comb..
  Creating internal representation of mux trees.
  No muxes found in this module.
Removed 0 multiplexer ports.

28.11. Executing OPT_REDUCE pass (consolidate $*mux and $reduce_* inputs).
  Optimizing cells in module \blk_add9_comb.
Performed a total of 0 changes.

28.12. Executing OPT_MERGE pass (detect identical cells).
Finding identical cells in module `\blk_add9_comb'.
Removed a total of 0 cells.

28.13. Executing OPT_RMDFF pass (remove dff with constant values).

28.14. Executing OPT_CLEAN pass (remove unused cells and wires).
Finding unused cells or wires in module \blk_add9_comb..

28.15. Executing OPT_EXPR pass (perform const folding).
Optimizing module blk_add9_comb.

28.16. Finished OPT passes. (There is nothing left to do.)

29. Executing ABC pass (technology mapping using ABC).

29.1. Extracting gate netlist of module `\blk_add9_comb' to `<abc-temp-dir>/input.blif'..
Extracted 51 gates and 69 wires to a netlist network with 18 inputs and 9 outputs.

29.1.1. Executing ABC.
Running ABC command: berkeley-abc -s -f <abc-temp-dir>/abc.script 2>&1
ABC: ABC command line: "source <abc-temp-dir>/abc.script".
ABC: 
ABC: + read_blif <abc-temp-dir>/input.blif 
ABC: + read_library <abc-temp-dir>/stdcells.genlib 
ABC: Entered genlib library with 12 gates from file "<abc-temp-dir>/stdcells.genlib".
ABC: + strash 
ABC: + ifraig 
ABC: + scorr 
ABC: Warning: The network is combinational (run "fraig" or "fraig_sweep").
ABC: + dc2 
ABC: + dretime 
ABC: + retime 
ABC: + strash 
ABC: + &get -n 
ABC: + &dch -f 
ABC: + &nf 
ABC: + &put 
ABC: + write_blif <abc-temp-dir>/output.blif 

29.1.2. Re-integrating ABC results.
ABC RESULTS:               AND cells:        3
ABC RESULTS:              NAND cells:       20
ABC RESULTS:                OR cells:        1
ABC RESULTS:              XNOR cells:        2
ABC RESULTS:               XOR cells:       14
ABC RESULTS:        internal signals:       42
ABC RESULTS:           input signals:       18
ABC RESULTS:          output signals:        9
Removing temp directory.
Removed 0 unused cells and 49 unused wires.

30. Printing statistics.

=== blk_add9_comb ===

   Number of wires:                 34
   Number of wire bits:             58
   Number of public wires:           3
   Number of public wire bits:      27
   Number of memories:               0
   Number of memory bits:            0
   Number of processes:              0
   Number of cells:                 40
     $_AND_                          3
     $_NAND_                        20
     $_OR_                           1
     $_XNOR_                         2
     $_XOR_                         14

31. Executing Verilog-2005 frontend: synth_add_isolated.v
Parsing Verilog input from `synth_add_isolated.v' to AST representation.
Generating RTLIL representation for module `\nfe_add_frac_comb'.
Generating RTLIL representation for module `\blk_add9_comb'.
Generating RTLIL representation for module `\blk_add17_comb'.
Successfully finished Verilog frontend.

32. Executing HIERARCHY pass (managing design hierarchy).

32.1. Analyzing design hierarchy..
Top module:  \blk_add9_comb

32.2. Analyzing design hierarchy..
Top module:  \blk_add9_comb
Removing unused module `\blk_add17_comb'.
Removing unused module `\nfe_add_frac_comb'.
Removed 2 unused modules.

33. Executing PROC pass (convert processes to netlists).

33.1. Executing PROC_CLEAN pass (remove empty switches from decision trees).
Cleaned up 0 empty switches.

33.2. Executing PROC_RMDEAD pass (remove dead branches from decision trees).
Removed a total of 0 dead cases.

33.3. Executing PROC_INIT pass (extract init attributes).

33.4. Executing PROC_ARST pass (detect async resets in processes).

33.5. Executing PROC_MUX pass (convert decision trees to multiplexers).

33.6. Executing PROC_DLATCH pass (convert process syncs to latches).

33.7. Executing PROC_DFF pass (convert process syncs to FFs).

33.8. Executing PROC_CLEAN pass (remove empty switches from decision trees).
Cleaned up 0 empty switches.

34. Executing OPT pass (performing simple optimizations).

34.1. Executing OPT_EXPR pass (perform const folding).
Optimizing module blk_add9_comb.

34.2. Executing OPT_MERGE pass (detect identical cells).
Finding identical cells in module `\blk_add9_comb'.
Removed a total of 0 cells.

34.3. Executing OPT_MUXTREE pass (detect dead branches in mux trees).
Running muxtree optimizer on module \blk_add9_comb..
  Creating internal representation of mux trees.
  No muxes found in this module.
Removed 0 multiplexer ports.

34.4. Executing OPT_REDUCE pass (consolidate $*mux and $reduce_* inputs).
  Optimizing cells in module \blk_add9_comb.
Performed a total of 0 changes.

34.5. Executing OPT_MERGE pass (detect identical cells).
Finding identical cells in module `\blk_add9_comb'.
Removed a total of 0 cells.

34.6. Executing OPT_RMDFF pass (remove dff with constant values).

34.7. Executing OPT_CLEAN pass (remove unused cells and wires).
Finding unused cells or wires in module \blk_add9_comb..
Removed 0 unused cells and 1 unused wires.
<suppressed ~1 debug messages>

34.8. Executing OPT_EXPR pass (perform const folding).
Optimizing module blk_add9_comb.

34.9. Finished OPT passes. (There is nothing left to do.)

35. Executing FLATTEN pass (flatten design).
No more expansions possible.

36. Executing OPT pass (performing simple optimizations).

36.1. Executing OPT_EXPR pass (perform const folding).
Optimizing module blk_add9_comb.

36.2. Executing OPT_MERGE pass (detect identical cells).
Finding identical cells in module `\blk_add9_comb'.
Removed a total of 0 cells.

36.3. Executing OPT_MUXTREE pass (detect dead branches in mux trees).
Running muxtree optimizer on module \blk_add9_comb..
  Creating internal representation of mux trees.
  No muxes found in this module.
Removed 0 multiplexer ports.

36.4. Executing OPT_REDUCE pass (consolidate $*mux and $reduce_* inputs).
  Optimizing cells in module \blk_add9_comb.
Performed a total of 0 changes.

36.5. Executing OPT_MERGE pass (detect identical cells).
Finding identical cells in module `\blk_add9_comb'.
Removed a total of 0 cells.

36.6. Executing OPT_RMDFF pass (remove dff with constant values).

36.7. Executing OPT_CLEAN pass (remove unused cells and wires).
Finding unused cells or wires in module \blk_add9_comb..

36.8. Executing OPT_EXPR pass (perform const folding).
Optimizing module blk_add9_comb.

36.9. Finished OPT passes. (There is nothing left to do.)

37. Executing TECHMAP pass (map to technology primitives).

37.1. Executing Verilog-2005 frontend: <techmap.v>
Parsing Verilog input from `<techmap.v>' to AST representation.
Generating RTLIL representation for module `\_90_simplemap_bool_ops'.
Generating RTLIL representation for module `\_90_simplemap_reduce_ops'.
Generating RTLIL representation for module `\_90_simplemap_logic_ops'.
Generating RTLIL representation for module `\_90_simplemap_compare_ops'.
Generating RTLIL representation for module `\_90_simplemap_various'.
Generating RTLIL representation for module `\_90_simplemap_registers'.
Generating RTLIL representation for module `\_90_shift_ops_shr_shl_sshl_sshr'.
Generating RTLIL representation for module `\_90_shift_shiftx'.
Generating RTLIL representation for module `\_90_fa'.
Generating RTLIL representation for module `\_90_lcu'.
Generating RTLIL representation for module `\_90_alu'.
Generating RTLIL representation for module `\_90_macc'.
Generating RTLIL representation for module `\_90_alumacc'.
Generating RTLIL representation for module `\$__div_mod_u'.
Generating RTLIL representation for module `\$__div_mod'.
Generating RTLIL representation for module `\_90_div'.
Generating RTLIL representation for module `\_90_mod'.
Generating RTLIL representation for module `\_90_pow'.
Generating RTLIL representation for module `\_90_pmux'.
Generating RTLIL representation for module `\_90_lut'.
Successfully finished Verilog frontend.

37.2. Continuing TECHMAP pass.
Running "alumacc" on wrapper $extern:wrap:$add:A_SIGNED=0:A_WIDTH=9:B_SIGNED=0:B_WIDTH=9:Y_WIDTH=9:394426c56d1a028ba8fdd5469b163e04011def47.
Using template $extern:wrap:$add:A_SIGNED=0:A_WIDTH=9:B_SIGNED=0:B_WIDTH=9:Y_WIDTH=9:394426c56d1a028ba8fdd5469b163e04011def47 for cells of type $extern:wrap:$add:A_SIGNED=0:A_WIDTH=9:B_SIGNED=0:B_WIDTH=9:Y_WIDTH=9:394426c56d1a028ba8fdd5469b163e04011def47.
Using template $paramod\_90_alu\A_SIGNED=0\B_SIGNED=0\A_WIDTH=9\B_WIDTH=9\Y_WIDTH=9 for cells of type $alu.
Using extmapper simplemap for cells of type $and.
Using extmapper simplemap for cells of type $pos.
Using extmapper simplemap for cells of type $mux.
Using extmapper simplemap for cells of type $xor.
Using template $paramod\_90_lcu\WIDTH=9 for cells of type $lcu.
Using extmapper simplemap for cells of type $not.
Using extmapper simplemap for cells of type $or.
No more expansions possible.
<suppressed ~182 debug messages>

38. Executing OPT pass (performing simple optimizations).

38.1. Executing OPT_EXPR pass (perform const folding).
Optimizing module blk_add9_comb.
<suppressed ~13 debug messages>

38.2. Executing OPT_MERGE pass (detect identical cells).
Finding identical cells in module `\blk_add9_comb'.
Removed a total of 0 cells.

38.3. Executing OPT_MUXTREE pass (detect dead branches in mux trees).
Running muxtree optimizer on module \blk_add9_comb..
  Creating internal representation of mux trees.
  No muxes found in this module.
Removed 0 multiplexer ports.

38.4. Executing OPT_REDUCE pass (consolidate $*mux and $reduce_* inputs).
  Optimizing cells in module \blk_add9_comb.
Performed a total of 0 changes.

38.5. Executing OPT_MERGE pass (detect identical cells).
Finding identical cells in module `\blk_add9_comb'.
Removed a total of 0 cells.

38.6. Executing OPT_RMDFF pass (remove dff with constant values).

38.7. Executing OPT_CLEAN pass (remove unused cells and wires).
Finding unused cells or wires in module \blk_add9_comb..
Removed 12 unused cells and 29 unused wires.
<suppressed ~13 debug messages>

38.8. Executing OPT_EXPR pass (perform const folding).
Optimizing module blk_add9_comb.

38.9. Rerunning OPT passes. (Maybe there is more to do..)

38.10. Executing OPT_MUXTREE pass (detect dead branches in mux trees).
Running muxtree optimizer on module \blk_add9_comb..
  Creating internal representation of mux trees.
  No muxes found in this module.
Removed 0 multiplexer ports.

38.11. Executing OPT_REDUCE pass (consolidate $*mux and $reduce_* inputs).
  Optimizing cells in module \blk_add9_comb.
Performed a total of 0 changes.

38.12. Executing OPT_MERGE pass (detect identical cells).
Finding identical cells in module `\blk_add9_comb'.
Removed a total of 0 cells.

38.13. Executing OPT_RMDFF pass (remove dff with constant values).

38.14. Executing OPT_CLEAN pass (remove unused cells and wires).
Finding unused cells or wires in module \blk_add9_comb..

38.15. Executing OPT_EXPR pass (perform const folding).
Optimizing module blk_add9_comb.

38.16. Finished OPT passes. (There is nothing left to do.)

39. Executing ABC pass (technology mapping using ABC).

39.1. Extracting gate netlist of module `\blk_add9_comb' to `<abc-temp-dir>/input.blif'..
Extracted 51 gates and 69 wires to a netlist network with 18 inputs and 9 outputs.

39.1.1. Executing ABC.
Running ABC command: berkeley-abc -s -f <abc-temp-dir>/abc.script 2>&1
ABC: ABC command line: "source <abc-temp-dir>/abc.script".
ABC: 
ABC: + read_blif <abc-temp-dir>/input.blif 
ABC: + read_library <abc-temp-dir>/stdcells.genlib 
ABC: Entered genlib library with 5 gates from file "<abc-temp-dir>/stdcells.genlib".
ABC: + strash 
ABC: + ifraig 
ABC: + scorr 
ABC: Warning: The network is combinational (run "fraig" or "fraig_sweep").
ABC: + dc2 
ABC: + dretime 
ABC: + retime 
ABC: + strash 
ABC: + &get -n 
ABC: + &dch -f 
ABC: + &nf 
ABC: + &put 
ABC: + write_blif <abc-temp-dir>/output.blif 

39.1.2. Re-integrating ABC results.
ABC RESULTS:              NAND cells:       64
ABC RESULTS:               NOT cells:       39
ABC RESULTS:        internal signals:       42
ABC RESULTS:           input signals:       18
ABC RESULTS:          output signals:        9
Removing temp directory.
Removed 0 unused cells and 49 unused wires.

40. Printing statistics.

=== blk_add9_comb ===

   Number of wires:                 97
   Number of wire bits:            121
   Number of public wires:           3
   Number of public wire bits:      27
   Number of memories:               0
   Number of memory bits:            0
   Number of processes:              0
   Number of cells:                103
     $_NAND_                        64
     $_NOT_                         39

41. Executing Verilog-2005 frontend: synth_add_isolated.v
Parsing Verilog input from `synth_add_isolated.v' to AST representation.
Generating RTLIL representation for module `\nfe_add_frac_comb'.
Generating RTLIL representation for module `\blk_add9_comb'.
Generating RTLIL representation for module `\blk_add17_comb'.
Successfully finished Verilog frontend.

42. Executing HIERARCHY pass (managing design hierarchy).

42.1. Analyzing design hierarchy..
Top module:  \blk_add17_comb

42.2. Analyzing design hierarchy..
Top module:  \blk_add17_comb
Removing unused module `\blk_add9_comb'.
Removing unused module `\nfe_add_frac_comb'.
Removed 2 unused modules.

43. Executing PROC pass (convert processes to netlists).

43.1. Executing PROC_CLEAN pass (remove empty switches from decision trees).
Cleaned up 0 empty switches.

43.2. Executing PROC_RMDEAD pass (remove dead branches from decision trees).
Removed a total of 0 dead cases.

43.3. Executing PROC_INIT pass (extract init attributes).

43.4. Executing PROC_ARST pass (detect async resets in processes).

43.5. Executing PROC_MUX pass (convert decision trees to multiplexers).

43.6. Executing PROC_DLATCH pass (convert process syncs to latches).

43.7. Executing PROC_DFF pass (convert process syncs to FFs).

43.8. Executing PROC_CLEAN pass (remove empty switches from decision trees).
Cleaned up 0 empty switches.

44. Executing OPT pass (performing simple optimizations).

44.1. Executing OPT_EXPR pass (perform const folding).
Optimizing module blk_add17_comb.

44.2. Executing OPT_MERGE pass (detect identical cells).
Finding identical cells in module `\blk_add17_comb'.
Removed a total of 0 cells.

44.3. Executing OPT_MUXTREE pass (detect dead branches in mux trees).
Running muxtree optimizer on module \blk_add17_comb..
  Creating internal representation of mux trees.
  No muxes found in this module.
Removed 0 multiplexer ports.

44.4. Executing OPT_REDUCE pass (consolidate $*mux and $reduce_* inputs).
  Optimizing cells in module \blk_add17_comb.
Performed a total of 0 changes.

44.5. Executing OPT_MERGE pass (detect identical cells).
Finding identical cells in module `\blk_add17_comb'.
Removed a total of 0 cells.

44.6. Executing OPT_RMDFF pass (remove dff with constant values).

44.7. Executing OPT_CLEAN pass (remove unused cells and wires).
Finding unused cells or wires in module \blk_add17_comb..
Removed 0 unused cells and 1 unused wires.
<suppressed ~1 debug messages>

44.8. Executing OPT_EXPR pass (perform const folding).
Optimizing module blk_add17_comb.

44.9. Finished OPT passes. (There is nothing left to do.)

45. Executing FLATTEN pass (flatten design).
No more expansions possible.

46. Executing OPT pass (performing simple optimizations).

46.1. Executing OPT_EXPR pass (perform const folding).
Optimizing module blk_add17_comb.

46.2. Executing OPT_MERGE pass (detect identical cells).
Finding identical cells in module `\blk_add17_comb'.
Removed a total of 0 cells.

46.3. Executing OPT_MUXTREE pass (detect dead branches in mux trees).
Running muxtree optimizer on module \blk_add17_comb..
  Creating internal representation of mux trees.
  No muxes found in this module.
Removed 0 multiplexer ports.

46.4. Executing OPT_REDUCE pass (consolidate $*mux and $reduce_* inputs).
  Optimizing cells in module \blk_add17_comb.
Performed a total of 0 changes.

46.5. Executing OPT_MERGE pass (detect identical cells).
Finding identical cells in module `\blk_add17_comb'.
Removed a total of 0 cells.

46.6. Executing OPT_RMDFF pass (remove dff with constant values).

46.7. Executing OPT_CLEAN pass (remove unused cells and wires).
Finding unused cells or wires in module \blk_add17_comb..

46.8. Executing OPT_EXPR pass (perform const folding).
Optimizing module blk_add17_comb.

46.9. Finished OPT passes. (There is nothing left to do.)

47. Executing TECHMAP pass (map to technology primitives).

47.1. Executing Verilog-2005 frontend: <techmap.v>
Parsing Verilog input from `<techmap.v>' to AST representation.
Generating RTLIL representation for module `\_90_simplemap_bool_ops'.
Generating RTLIL representation for module `\_90_simplemap_reduce_ops'.
Generating RTLIL representation for module `\_90_simplemap_logic_ops'.
Generating RTLIL representation for module `\_90_simplemap_compare_ops'.
Generating RTLIL representation for module `\_90_simplemap_various'.
Generating RTLIL representation for module `\_90_simplemap_registers'.
Generating RTLIL representation for module `\_90_shift_ops_shr_shl_sshl_sshr'.
Generating RTLIL representation for module `\_90_shift_shiftx'.
Generating RTLIL representation for module `\_90_fa'.
Generating RTLIL representation for module `\_90_lcu'.
Generating RTLIL representation for module `\_90_alu'.
Generating RTLIL representation for module `\_90_macc'.
Generating RTLIL representation for module `\_90_alumacc'.
Generating RTLIL representation for module `\$__div_mod_u'.
Generating RTLIL representation for module `\$__div_mod'.
Generating RTLIL representation for module `\_90_div'.
Generating RTLIL representation for module `\_90_mod'.
Generating RTLIL representation for module `\_90_pow'.
Generating RTLIL representation for module `\_90_pmux'.
Generating RTLIL representation for module `\_90_lut'.
Successfully finished Verilog frontend.

47.2. Continuing TECHMAP pass.
Running "alumacc" on wrapper $extern:wrap:$add:A_SIGNED=0:A_WIDTH=17:B_SIGNED=0:B_WIDTH=17:Y_WIDTH=17:394426c56d1a028ba8fdd5469b163e04011def47.
Using template $extern:wrap:$add:A_SIGNED=0:A_WIDTH=17:B_SIGNED=0:B_WIDTH=17:Y_WIDTH=17:394426c56d1a028ba8fdd5469b163e04011def47 for cells of type $extern:wrap:$add:A_SIGNED=0:A_WIDTH=17:B_SIGNED=0:B_WIDTH=17:Y_WIDTH=17:394426c56d1a028ba8fdd5469b163e04011def47.
Using template $paramod\_90_alu\A_SIGNED=0\B_SIGNED=0\A_WIDTH=17\B_WIDTH=17\Y_WIDTH=17 for cells of type $alu.
Using extmapper simplemap for cells of type $xor.
Using extmapper simplemap for cells of type $mux.
Using extmapper simplemap for cells of type $pos.
Using template $paramod\_90_lcu\WIDTH=17 for cells of type $lcu.
Using extmapper simplemap for cells of type $and.
Using extmapper simplemap for cells of type $not.
Using extmapper simplemap for cells of type $or.
No more expansions possible.
<suppressed ~243 debug messages>

48. Executing OPT pass (performing simple optimizations).

48.1. Executing OPT_EXPR pass (perform const folding).
Optimizing module blk_add17_comb.
<suppressed ~21 debug messages>

48.2. Executing OPT_MERGE pass (detect identical cells).
Finding identical cells in module `\blk_add17_comb'.
Removed a total of 0 cells.

48.3. Executing OPT_MUXTREE pass (detect dead branches in mux trees).
Running muxtree optimizer on module \blk_add17_comb..
  Creating internal representation of mux trees.
  No muxes found in this module.
Removed 0 multiplexer ports.

48.4. Executing OPT_REDUCE pass (consolidate $*mux and $reduce_* inputs).
  Optimizing cells in module \blk_add17_comb.
Performed a total of 0 changes.

48.5. Executing OPT_MERGE pass (detect identical cells).
Finding identical cells in module `\blk_add17_comb'.
Removed a total of 0 cells.

48.6. Executing OPT_RMDFF pass (remove dff with constant values).

48.7. Executing OPT_CLEAN pass (remove unused cells and wires).
Finding unused cells or wires in module \blk_add17_comb..
Removed 20 unused cells and 29 unused wires.
<suppressed ~21 debug messages>

48.8. Executing OPT_EXPR pass (perform const folding).
Optimizing module blk_add17_comb.

48.9. Rerunning OPT passes. (Maybe there is more to do..)

48.10. Executing OPT_MUXTREE pass (detect dead branches in mux trees).
Running muxtree optimizer on module \blk_add17_comb..
  Creating internal representation of mux trees.
  No muxes found in this module.
Removed 0 multiplexer ports.

48.11. Executing OPT_REDUCE pass (consolidate $*mux and $reduce_* inputs).
  Optimizing cells in module \blk_add17_comb.
Performed a total of 0 changes.

48.12. Executing OPT_MERGE pass (detect identical cells).
Finding identical cells in module `\blk_add17_comb'.
Removed a total of 0 cells.

48.13. Executing OPT_RMDFF pass (remove dff with constant values).

48.14. Executing OPT_CLEAN pass (remove unused cells and wires).
Finding unused cells or wires in module \blk_add17_comb..

48.15. Executing OPT_EXPR pass (perform const folding).
Optimizing module blk_add17_comb.

48.16. Finished OPT passes. (There is nothing left to do.)

49. Executing ABC pass (technology mapping using ABC).

49.1. Extracting gate netlist of module `\blk_add17_comb' to `<abc-temp-dir>/input.blif'..
Extracted 112 gates and 146 wires to a netlist network with 34 inputs and 17 outputs.

49.1.1. Executing ABC.
Running ABC command: berkeley-abc -s -f <abc-temp-dir>/abc.script 2>&1
ABC: ABC command line: "source <abc-temp-dir>/abc.script".
ABC: 
ABC: + read_blif <abc-temp-dir>/input.blif 
ABC: + read_library <abc-temp-dir>/stdcells.genlib 
ABC: Entered genlib library with 12 gates from file "<abc-temp-dir>/stdcells.genlib".
ABC: + strash 
ABC: + ifraig 
ABC: + scorr 
ABC: Warning: The network is combinational (run "fraig" or "fraig_sweep").
ABC: + dc2 
ABC: + dretime 
ABC: + retime 
ABC: + strash 
ABC: + &get -n 
ABC: + &dch -f 
ABC: + &nf 
ABC: + &put 
ABC: + write_blif <abc-temp-dir>/output.blif 

49.1.2. Re-integrating ABC results.
ABC RESULTS:               AND cells:       15
ABC RESULTS:              NAND cells:       36
ABC RESULTS:                OR cells:        5
ABC RESULTS:              XNOR cells:        6
ABC RESULTS:               XOR cells:       22
ABC RESULTS:        internal signals:       95
ABC RESULTS:           input signals:       34
ABC RESULTS:          output signals:       17
Removing temp directory.
Removed 0 unused cells and 102 unused wires.

50. Printing statistics.

=== blk_add17_comb ===

   Number of wires:                 70
   Number of wire bits:            118
   Number of public wires:           3
   Number of public wire bits:      51
   Number of memories:               0
   Number of memory bits:            0
   Number of processes:              0
   Number of cells:                 84
     $_AND_                         15
     $_NAND_                        36
     $_OR_                           5
     $_XNOR_                         6
     $_XOR_                         22

51. Executing Verilog-2005 frontend: synth_add_isolated.v
Parsing Verilog input from `synth_add_isolated.v' to AST representation.
Generating RTLIL representation for module `\nfe_add_frac_comb'.
Generating RTLIL representation for module `\blk_add9_comb'.
Generating RTLIL representation for module `\blk_add17_comb'.
Successfully finished Verilog frontend.

52. Executing HIERARCHY pass (managing design hierarchy).

52.1. Analyzing design hierarchy..
Top module:  \blk_add17_comb

52.2. Analyzing design hierarchy..
Top module:  \blk_add17_comb
Removing unused module `\blk_add9_comb'.
Removing unused module `\nfe_add_frac_comb'.
Removed 2 unused modules.

53. Executing PROC pass (convert processes to netlists).

53.1. Executing PROC_CLEAN pass (remove empty switches from decision trees).
Cleaned up 0 empty switches.

53.2. Executing PROC_RMDEAD pass (remove dead branches from decision trees).
Removed a total of 0 dead cases.

53.3. Executing PROC_INIT pass (extract init attributes).

53.4. Executing PROC_ARST pass (detect async resets in processes).

53.5. Executing PROC_MUX pass (convert decision trees to multiplexers).

53.6. Executing PROC_DLATCH pass (convert process syncs to latches).

53.7. Executing PROC_DFF pass (convert process syncs to FFs).

53.8. Executing PROC_CLEAN pass (remove empty switches from decision trees).
Cleaned up 0 empty switches.

54. Executing OPT pass (performing simple optimizations).

54.1. Executing OPT_EXPR pass (perform const folding).
Optimizing module blk_add17_comb.

54.2. Executing OPT_MERGE pass (detect identical cells).
Finding identical cells in module `\blk_add17_comb'.
Removed a total of 0 cells.

54.3. Executing OPT_MUXTREE pass (detect dead branches in mux trees).
Running muxtree optimizer on module \blk_add17_comb..
  Creating internal representation of mux trees.
  No muxes found in this module.
Removed 0 multiplexer ports.

54.4. Executing OPT_REDUCE pass (consolidate $*mux and $reduce_* inputs).
  Optimizing cells in module \blk_add17_comb.
Performed a total of 0 changes.

54.5. Executing OPT_MERGE pass (detect identical cells).
Finding identical cells in module `\blk_add17_comb'.
Removed a total of 0 cells.

54.6. Executing OPT_RMDFF pass (remove dff with constant values).

54.7. Executing OPT_CLEAN pass (remove unused cells and wires).
Finding unused cells or wires in module \blk_add17_comb..
Removed 0 unused cells and 1 unused wires.
<suppressed ~1 debug messages>

54.8. Executing OPT_EXPR pass (perform const folding).
Optimizing module blk_add17_comb.

54.9. Finished OPT passes. (There is nothing left to do.)

55. Executing FLATTEN pass (flatten design).
No more expansions possible.

56. Executing OPT pass (performing simple optimizations).

56.1. Executing OPT_EXPR pass (perform const folding).
Optimizing module blk_add17_comb.

56.2. Executing OPT_MERGE pass (detect identical cells).
Finding identical cells in module `\blk_add17_comb'.
Removed a total of 0 cells.

56.3. Executing OPT_MUXTREE pass (detect dead branches in mux trees).
Running muxtree optimizer on module \blk_add17_comb..
  Creating internal representation of mux trees.
  No muxes found in this module.
Removed 0 multiplexer ports.

56.4. Executing OPT_REDUCE pass (consolidate $*mux and $reduce_* inputs).
  Optimizing cells in module \blk_add17_comb.
Performed a total of 0 changes.

56.5. Executing OPT_MERGE pass (detect identical cells).
Finding identical cells in module `\blk_add17_comb'.
Removed a total of 0 cells.

56.6. Executing OPT_RMDFF pass (remove dff with constant values).

56.7. Executing OPT_CLEAN pass (remove unused cells and wires).
Finding unused cells or wires in module \blk_add17_comb..

56.8. Executing OPT_EXPR pass (perform const folding).
Optimizing module blk_add17_comb.

56.9. Finished OPT passes. (There is nothing left to do.)

57. Executing TECHMAP pass (map to technology primitives).

57.1. Executing Verilog-2005 frontend: <techmap.v>
Parsing Verilog input from `<techmap.v>' to AST representation.
Generating RTLIL representation for module `\_90_simplemap_bool_ops'.
Generating RTLIL representation for module `\_90_simplemap_reduce_ops'.
Generating RTLIL representation for module `\_90_simplemap_logic_ops'.
Generating RTLIL representation for module `\_90_simplemap_compare_ops'.
Generating RTLIL representation for module `\_90_simplemap_various'.
Generating RTLIL representation for module `\_90_simplemap_registers'.
Generating RTLIL representation for module `\_90_shift_ops_shr_shl_sshl_sshr'.
Generating RTLIL representation for module `\_90_shift_shiftx'.
Generating RTLIL representation for module `\_90_fa'.
Generating RTLIL representation for module `\_90_lcu'.
Generating RTLIL representation for module `\_90_alu'.
Generating RTLIL representation for module `\_90_macc'.
Generating RTLIL representation for module `\_90_alumacc'.
Generating RTLIL representation for module `\$__div_mod_u'.
Generating RTLIL representation for module `\$__div_mod'.
Generating RTLIL representation for module `\_90_div'.
Generating RTLIL representation for module `\_90_mod'.
Generating RTLIL representation for module `\_90_pow'.
Generating RTLIL representation for module `\_90_pmux'.
Generating RTLIL representation for module `\_90_lut'.
Successfully finished Verilog frontend.

57.2. Continuing TECHMAP pass.
Running "alumacc" on wrapper $extern:wrap:$add:A_SIGNED=0:A_WIDTH=17:B_SIGNED=0:B_WIDTH=17:Y_WIDTH=17:394426c56d1a028ba8fdd5469b163e04011def47.
Using template $extern:wrap:$add:A_SIGNED=0:A_WIDTH=17:B_SIGNED=0:B_WIDTH=17:Y_WIDTH=17:394426c56d1a028ba8fdd5469b163e04011def47 for cells of type $extern:wrap:$add:A_SIGNED=0:A_WIDTH=17:B_SIGNED=0:B_WIDTH=17:Y_WIDTH=17:394426c56d1a028ba8fdd5469b163e04011def47.
Using template $paramod\_90_alu\A_SIGNED=0\B_SIGNED=0\A_WIDTH=17\B_WIDTH=17\Y_WIDTH=17 for cells of type $alu.
Using extmapper simplemap for cells of type $xor.
Using extmapper simplemap for cells of type $not.
Using template $paramod\_90_lcu\WIDTH=17 for cells of type $lcu.
Using extmapper simplemap for cells of type $pos.
Using extmapper simplemap for cells of type $and.
Using extmapper simplemap for cells of type $mux.
Using extmapper simplemap for cells of type $or.
No more expansions possible.
<suppressed ~243 debug messages>

58. Executing OPT pass (performing simple optimizations).

58.1. Executing OPT_EXPR pass (perform const folding).
Optimizing module blk_add17_comb.
<suppressed ~21 debug messages>

58.2. Executing OPT_MERGE pass (detect identical cells).
Finding identical cells in module `\blk_add17_comb'.
Removed a total of 0 cells.

58.3. Executing OPT_MUXTREE pass (detect dead branches in mux trees).
Running muxtree optimizer on module \blk_add17_comb..
  Creating internal representation of mux trees.
  No muxes found in this module.
Removed 0 multiplexer ports.

58.4. Executing OPT_REDUCE pass (consolidate $*mux and $reduce_* inputs).
  Optimizing cells in module \blk_add17_comb.
Performed a total of 0 changes.

58.5. Executing OPT_MERGE pass (detect identical cells).
Finding identical cells in module `\blk_add17_comb'.
Removed a total of 0 cells.

58.6. Executing OPT_RMDFF pass (remove dff with constant values).

58.7. Executing OPT_CLEAN pass (remove unused cells and wires).
Finding unused cells or wires in module \blk_add17_comb..
Removed 20 unused cells and 29 unused wires.
<suppressed ~21 debug messages>

58.8. Executing OPT_EXPR pass (perform const folding).
Optimizing module blk_add17_comb.

58.9. Rerunning OPT passes. (Maybe there is more to do..)

58.10. Executing OPT_MUXTREE pass (detect dead branches in mux trees).
Running muxtree optimizer on module \blk_add17_comb..
  Creating internal representation of mux trees.
  No muxes found in this module.
Removed 0 multiplexer ports.

58.11. Executing OPT_REDUCE pass (consolidate $*mux and $reduce_* inputs).
  Optimizing cells in module \blk_add17_comb.
Performed a total of 0 changes.

58.12. Executing OPT_MERGE pass (detect identical cells).
Finding identical cells in module `\blk_add17_comb'.
Removed a total of 0 cells.

58.13. Executing OPT_RMDFF pass (remove dff with constant values).

58.14. Executing OPT_CLEAN pass (remove unused cells and wires).
Finding unused cells or wires in module \blk_add17_comb..

58.15. Executing OPT_EXPR pass (perform const folding).
Optimizing module blk_add17_comb.

58.16. Finished OPT passes. (There is nothing left to do.)

59. Executing ABC pass (technology mapping using ABC).

59.1. Extracting gate netlist of module `\blk_add17_comb' to `<abc-temp-dir>/input.blif'..
Extracted 112 gates and 146 wires to a netlist network with 34 inputs and 17 outputs.

59.1.1. Executing ABC.
Running ABC command: berkeley-abc -s -f <abc-temp-dir>/abc.script 2>&1
ABC: ABC command line: "source <abc-temp-dir>/abc.script".
ABC: 
ABC: + read_blif <abc-temp-dir>/input.blif 
ABC: + read_library <abc-temp-dir>/stdcells.genlib 
ABC: Entered genlib library with 5 gates from file "<abc-temp-dir>/stdcells.genlib".
ABC: + strash 
ABC: + ifraig 
ABC: + scorr 
ABC: Warning: The network is combinational (run "fraig" or "fraig_sweep").
ABC: + dc2 
ABC: + dretime 
ABC: + retime 
ABC: + strash 
ABC: + &get -n 
ABC: + &dch -f 
ABC: + &nf 
ABC: + &put 
ABC: + write_blif <abc-temp-dir>/output.blif 

59.1.2. Re-integrating ABC results.
ABC RESULTS:              NAND cells:      132
ABC RESULTS:               NOT cells:       71
ABC RESULTS:        internal signals:       95
ABC RESULTS:           input signals:       34
ABC RESULTS:          output signals:       17
Removing temp directory.
Removed 0 unused cells and 102 unused wires.

60. Printing statistics.

=== blk_add17_comb ===

   Number of wires:                189
   Number of wire bits:            237
   Number of public wires:           3
   Number of public wire bits:      51
   Number of memories:               0
   Number of memory bits:            0
   Number of processes:              0
   Number of cells:                203
     $_NAND_                       132
     $_NOT_                         71

End of script. Logfile hash: 786c26e475
CPU: user 0.18s system 0.02s, MEM: 17.74 MB total, 12.00 MB resident
Yosys 0.9 (git sha1 1979e0b)
Time spent: 19% 6x techmap (0 sec), 14% 32x opt_clean (0 sec), ...
