
-- Executing script file `synth_horus_tile.ys' --

1. Executing Verilog-2005 frontend: ../rtl/horus_tile.v
Parsing Verilog input from `../rtl/horus_tile.v' to AST representation.
Generating RTLIL representation for module `\horus_tile'.
Successfully finished Verilog frontend.

2. Executing Verilog-2005 frontend: ../rtl/fp8_e4m3_mul.v
Parsing Verilog input from `../rtl/fp8_e4m3_mul.v' to AST representation.
Generating RTLIL representation for module `\fp8_e4m3_mul'.
Successfully finished Verilog frontend.

3. Executing Verilog-2005 frontend: ../rtl/horus_e3m6_core.v
Parsing Verilog input from `../rtl/horus_e3m6_core.v' to AST representation.
Generating RTLIL representation for module `\horus_e3m6_core'.
Successfully finished Verilog frontend.

4. Executing Verilog-2005 frontend: ../rtl/horus_norm_v2.v
Parsing Verilog input from `../rtl/horus_norm_v2.v' to AST representation.
Generating RTLIL representation for module `\horus_norm_v2'.
Successfully finished Verilog frontend.

5. Executing SYNTH pass.

5.1. Executing HIERARCHY pass (managing design hierarchy).

5.1.1. Analyzing design hierarchy..
Top module:  \horus_tile
Used module:     \horus_norm_v2
Used module:     \horus_e3m6_core
Used module:     \fp8_e4m3_mul

5.1.2. Executing AST frontend in derive mode using pre-parsed AST for module `\horus_norm_v2'.
Parameter \E_TARGET = 6'100000
Generating RTLIL representation for module `$paramod\horus_norm_v2\E_TARGET=6'100000'.

5.1.3. Analyzing design hierarchy..
Top module:  \horus_tile
Used module:     $paramod\horus_norm_v2\E_TARGET=6'100000
Used module:     \horus_e3m6_core
Used module:     \fp8_e4m3_mul

5.1.4. Analyzing design hierarchy..
Top module:  \horus_tile
Used module:     $paramod\horus_norm_v2\E_TARGET=6'100000
Used module:     \horus_e3m6_core
Used module:     \fp8_e4m3_mul
Removing unused module `\horus_norm_v2'.
Removed 1 unused modules.

5.2. Executing PROC pass (convert processes to netlists).

5.2.1. Executing PROC_CLEAN pass (remove empty switches from decision trees).
Cleaned up 0 empty switches.

5.2.2. Executing PROC_RMDEAD pass (remove dead branches from decision trees).
Marked 2 switch rules as full_case in process $proc$../rtl/horus_norm_v2.v:124$338 in module $paramod\horus_norm_v2\E_TARGET=6'100000.
Marked 2 switch rules as full_case in process $proc$../rtl/horus_norm_v2.v:124$330 in module $paramod\horus_norm_v2\E_TARGET=6'100000.
Marked 2 switch rules as full_case in process $proc$../rtl/horus_norm_v2.v:124$322 in module $paramod\horus_norm_v2\E_TARGET=6'100000.
Marked 2 switch rules as full_case in process $proc$../rtl/horus_norm_v2.v:124$314 in module $paramod\horus_norm_v2\E_TARGET=6'100000.
Marked 2 switch rules as full_case in process $proc$../rtl/horus_norm_v2.v:124$306 in module $paramod\horus_norm_v2\E_TARGET=6'100000.
Marked 2 switch rules as full_case in process $proc$../rtl/horus_norm_v2.v:124$298 in module $paramod\horus_norm_v2\E_TARGET=6'100000.
Marked 2 switch rules as full_case in process $proc$../rtl/horus_norm_v2.v:124$290 in module $paramod\horus_norm_v2\E_TARGET=6'100000.
Marked 2 switch rules as full_case in process $proc$../rtl/horus_norm_v2.v:124$282 in module $paramod\horus_norm_v2\E_TARGET=6'100000.
Marked 1 switch rules as full_case in process $proc$../rtl/horus_norm_v2.v:150$280 in module $paramod\horus_norm_v2\E_TARGET=6'100000.
Marked 1 switch rules as full_case in process $proc$../rtl/horus_e3m6_core.v:92$121 in module horus_e3m6_core.
Marked 5 switch rules as full_case in process $proc$../rtl/fp8_e4m3_mul.v:143$100 in module fp8_e4m3_mul.
Marked 1 switch rules as full_case in process $proc$../rtl/fp8_e4m3_mul.v:69$62 in module fp8_e4m3_mul.
Marked 1 switch rules as full_case in process $proc$../rtl/horus_tile.v:120$28 in module horus_tile.
Marked 1 switch rules as full_case in process $proc$../rtl/horus_tile.v:91$12 in module horus_tile.
Marked 2 switch rules as full_case in process $proc$../rtl/horus_tile.v:156$8 in module horus_tile.
Marked 1 switch rules as full_case in process $proc$../rtl/horus_tile.v:58$5 in module horus_tile.
Removed a total of 0 dead cases.

5.2.3. Executing PROC_INIT pass (extract init attributes).

5.2.4. Executing PROC_ARST pass (detect async resets in processes).
Found async reset \rst_n in `\horus_tile.$proc$../rtl/horus_tile.v:156$8'.
Found async reset \rst_n in `\horus_tile.$proc$../rtl/horus_tile.v:58$5'.

5.2.5. Executing PROC_MUX pass (convert decision trees to multiplexers).
Creating decoders for process `$paramod\horus_norm_v2\E_TARGET=6'100000.$proc$../rtl/horus_norm_v2.v:124$338'.
     1/7: $2$func$\clamp_nfe$../rtl/horus_norm_v2.v:146$253$\clamp_nfe[12:0]$345
     2/7: $1$func$\clamp_nfe$../rtl/horus_norm_v2.v:146$253$\clamp_nfe[12:0]$344
     3/7: $0$func$\clamp_nfe$../rtl/horus_norm_v2.v:146$245$\clamp_nfe[12:0]$339
     4/7: $0$func$\clamp_nfe$../rtl/horus_norm_v2.v:146$253$\clamp_nfe[12:0]$340
     5/7: $0$func$\clamp_nfe$../rtl/horus_norm_v2.v:146$253$\ne[7:0]$343
     6/7: $0$func$\clamp_nfe$../rtl/horus_norm_v2.v:146$253$\frac[5:0]$342
     7/7: $0$func$\clamp_nfe$../rtl/horus_norm_v2.v:146$253$\sgn[0:0]$341
Creating decoders for process `$paramod\horus_norm_v2\E_TARGET=6'100000.$proc$../rtl/horus_norm_v2.v:124$330'.
     1/7: $2$func$\clamp_nfe$../rtl/horus_norm_v2.v:145$252$\clamp_nfe[12:0]$337
     2/7: $1$func$\clamp_nfe$../rtl/horus_norm_v2.v:145$252$\clamp_nfe[12:0]$336
     3/7: $0$func$\clamp_nfe$../rtl/horus_norm_v2.v:145$244$\clamp_nfe[12:0]$331
     4/7: $0$func$\clamp_nfe$../rtl/horus_norm_v2.v:145$252$\clamp_nfe[12:0]$332
     5/7: $0$func$\clamp_nfe$../rtl/horus_norm_v2.v:145$252$\ne[7:0]$335
     6/7: $0$func$\clamp_nfe$../rtl/horus_norm_v2.v:145$252$\frac[5:0]$334
     7/7: $0$func$\clamp_nfe$../rtl/horus_norm_v2.v:145$252$\sgn[0:0]$333
Creating decoders for process `$paramod\horus_norm_v2\E_TARGET=6'100000.$proc$../rtl/horus_norm_v2.v:124$322'.
     1/7: $2$func$\clamp_nfe$../rtl/horus_norm_v2.v:144$251$\clamp_nfe[12:0]$329
     2/7: $1$func$\clamp_nfe$../rtl/horus_norm_v2.v:144$251$\clamp_nfe[12:0]$328
     3/7: $0$func$\clamp_nfe$../rtl/horus_norm_v2.v:144$243$\clamp_nfe[12:0]$323
     4/7: $0$func$\clamp_nfe$../rtl/horus_norm_v2.v:144$251$\clamp_nfe[12:0]$324
     5/7: $0$func$\clamp_nfe$../rtl/horus_norm_v2.v:144$251$\ne[7:0]$327
     6/7: $0$func$\clamp_nfe$../rtl/horus_norm_v2.v:144$251$\frac[5:0]$326
     7/7: $0$func$\clamp_nfe$../rtl/horus_norm_v2.v:144$251$\sgn[0:0]$325
Creating decoders for process `$paramod\horus_norm_v2\E_TARGET=6'100000.$proc$../rtl/horus_norm_v2.v:124$314'.
     1/7: $2$func$\clamp_nfe$../rtl/horus_norm_v2.v:143$250$\clamp_nfe[12:0]$321
     2/7: $1$func$\clamp_nfe$../rtl/horus_norm_v2.v:143$250$\clamp_nfe[12:0]$320
     3/7: $0$func$\clamp_nfe$../rtl/horus_norm_v2.v:143$242$\clamp_nfe[12:0]$315
     4/7: $0$func$\clamp_nfe$../rtl/horus_norm_v2.v:143$250$\clamp_nfe[12:0]$316
     5/7: $0$func$\clamp_nfe$../rtl/horus_norm_v2.v:143$250$\ne[7:0]$319
     6/7: $0$func$\clamp_nfe$../rtl/horus_norm_v2.v:143$250$\frac[5:0]$318
     7/7: $0$func$\clamp_nfe$../rtl/horus_norm_v2.v:143$250$\sgn[0:0]$317
Creating decoders for process `$paramod\horus_norm_v2\E_TARGET=6'100000.$proc$../rtl/horus_norm_v2.v:124$306'.
     1/7: $2$func$\clamp_nfe$../rtl/horus_norm_v2.v:142$249$\clamp_nfe[12:0]$313
     2/7: $1$func$\clamp_nfe$../rtl/horus_norm_v2.v:142$249$\clamp_nfe[12:0]$312
     3/7: $0$func$\clamp_nfe$../rtl/horus_norm_v2.v:142$241$\clamp_nfe[12:0]$307
     4/7: $0$func$\clamp_nfe$../rtl/horus_norm_v2.v:142$249$\clamp_nfe[12:0]$308
     5/7: $0$func$\clamp_nfe$../rtl/horus_norm_v2.v:142$249$\ne[7:0]$311
     6/7: $0$func$\clamp_nfe$../rtl/horus_norm_v2.v:142$249$\frac[5:0]$310
     7/7: $0$func$\clamp_nfe$../rtl/horus_norm_v2.v:142$249$\sgn[0:0]$309
Creating decoders for process `$paramod\horus_norm_v2\E_TARGET=6'100000.$proc$../rtl/horus_norm_v2.v:124$298'.
     1/7: $2$func$\clamp_nfe$../rtl/horus_norm_v2.v:141$248$\clamp_nfe[12:0]$305
     2/7: $1$func$\clamp_nfe$../rtl/horus_norm_v2.v:141$248$\clamp_nfe[12:0]$304
     3/7: $0$func$\clamp_nfe$../rtl/horus_norm_v2.v:141$240$\clamp_nfe[12:0]$299
     4/7: $0$func$\clamp_nfe$../rtl/horus_norm_v2.v:141$248$\clamp_nfe[12:0]$300
     5/7: $0$func$\clamp_nfe$../rtl/horus_norm_v2.v:141$248$\ne[7:0]$303
     6/7: $0$func$\clamp_nfe$../rtl/horus_norm_v2.v:141$248$\frac[5:0]$302
     7/7: $0$func$\clamp_nfe$../rtl/horus_norm_v2.v:141$248$\sgn[0:0]$301
Creating decoders for process `$paramod\horus_norm_v2\E_TARGET=6'100000.$proc$../rtl/horus_norm_v2.v:124$290'.
     1/7: $2$func$\clamp_nfe$../rtl/horus_norm_v2.v:140$247$\clamp_nfe[12:0]$297
     2/7: $1$func$\clamp_nfe$../rtl/horus_norm_v2.v:140$247$\clamp_nfe[12:0]$296
     3/7: $0$func$\clamp_nfe$../rtl/horus_norm_v2.v:140$239$\clamp_nfe[12:0]$291
     4/7: $0$func$\clamp_nfe$../rtl/horus_norm_v2.v:140$247$\clamp_nfe[12:0]$292
     5/7: $0$func$\clamp_nfe$../rtl/horus_norm_v2.v:140$247$\ne[7:0]$295
     6/7: $0$func$\clamp_nfe$../rtl/horus_norm_v2.v:140$247$\frac[5:0]$294
     7/7: $0$func$\clamp_nfe$../rtl/horus_norm_v2.v:140$247$\sgn[0:0]$293
Creating decoders for process `$paramod\horus_norm_v2\E_TARGET=6'100000.$proc$../rtl/horus_norm_v2.v:124$282'.
     1/7: $2$func$\clamp_nfe$../rtl/horus_norm_v2.v:139$246$\clamp_nfe[12:0]$289
     2/7: $1$func$\clamp_nfe$../rtl/horus_norm_v2.v:139$246$\clamp_nfe[12:0]$288
     3/7: $0$func$\clamp_nfe$../rtl/horus_norm_v2.v:139$238$\clamp_nfe[12:0]$284
     4/7: $0$func$\clamp_nfe$../rtl/horus_norm_v2.v:139$246$\clamp_nfe[12:0]$283
     5/7: $0$func$\clamp_nfe$../rtl/horus_norm_v2.v:139$246$\ne[7:0]$287
     6/7: $0$func$\clamp_nfe$../rtl/horus_norm_v2.v:139$246$\frac[5:0]$286
     7/7: $0$func$\clamp_nfe$../rtl/horus_norm_v2.v:139$246$\sgn[0:0]$285
Creating decoders for process `$paramod\horus_norm_v2\E_TARGET=6'100000.$proc$../rtl/horus_norm_v2.v:150$280'.
     1/10: $0\out_7[12:0]
     2/10: $0\out_6[12:0]
     3/10: $0\out_5[12:0]
     4/10: $0\out_4[12:0]
     5/10: $0\out_3[12:0]
     6/10: $0\out_2[12:0]
     7/10: $0\out_1[12:0]
     8/10: $0\out_0[12:0]
     9/10: $0\e_max_out[5:0]
    10/10: $0\valid_out[0:0]
Creating decoders for process `\horus_e3m6_core.$proc$../rtl/horus_e3m6_core.v:92$121'.
     1/2: $1\f_sub[5:0]
     2/2: $0\f_sub[5:0]
Creating decoders for process `\fp8_e4m3_mul.$proc$../rtl/fp8_e4m3_mul.v:143$100'.
     1/6: $5\result[7:0]
     2/6: $4\result[7:0]
     3/6: $3\result[7:0]
     4/6: $2\result[7:0]
     5/6: $1\result[7:0]
     6/6: $0\result[7:0]
Creating decoders for process `\fp8_e4m3_mul.$proc$../rtl/fp8_e4m3_mul.v:69$62'.
     1/2: $1\norm_shift[2:0]
     2/2: $0\norm_shift[2:0]
Creating decoders for process `\horus_tile.$proc$../rtl/horus_tile.v:120$28'.
     1/9: $1$func$\shim_e3m6_to_nfe13$../rtl/horus_tile.v:139$4$\shim_e3m6_to_nfe13[12:0]$37
     2/9: $1$func$\shim_e3m6_to_nfe13$../rtl/horus_tile.v:139$4$\e6[5:0]$38
     3/9: $0$func$\shim_e3m6_to_nfe13$../rtl/horus_tile.v:139$2$\shim_e3m6_to_nfe13[12:0]$29
     4/9: $0$func$\shim_e3m6_to_nfe13$../rtl/horus_tile.v:139$4$\e6[5:0]$35
     5/9: $0$func$\shim_e3m6_to_nfe13$../rtl/horus_tile.v:139$4$\shim_e3m6_to_nfe13[12:0]$30
     6/9: $0$func$\shim_e3m6_to_nfe13$../rtl/horus_tile.v:139$4$\f6[5:0]$34
     7/9: $0$func$\shim_e3m6_to_nfe13$../rtl/horus_tile.v:139$4$\e3[2:0]$33
     8/9: $0$func$\shim_e3m6_to_nfe13$../rtl/horus_tile.v:139$4$\s[0:0]$32
     9/9: $0$func$\shim_e3m6_to_nfe13$../rtl/horus_tile.v:139$4$\cw[9:0]$31
Creating decoders for process `\horus_tile.$proc$../rtl/horus_tile.v:91$12'.
     1/9: $1$func$\shim_e4m3_to_nfe13$../rtl/horus_tile.v:110$3$\shim_e4m3_to_nfe13[12:0]$25
     2/9: $1$func$\shim_e4m3_to_nfe13$../rtl/horus_tile.v:110$3$\e6[5:0]$26
     3/9: $0$func$\shim_e4m3_to_nfe13$../rtl/horus_tile.v:110$1$\shim_e4m3_to_nfe13[12:0]$13
     4/9: $0$func$\shim_e4m3_to_nfe13$../rtl/horus_tile.v:110$3$\e6[5:0]$19
     5/9: $0$func$\shim_e4m3_to_nfe13$../rtl/horus_tile.v:110$3$\shim_e4m3_to_nfe13[12:0]$14
     6/9: $0$func$\shim_e4m3_to_nfe13$../rtl/horus_tile.v:110$3$\f3[2:0]$18
     7/9: $0$func$\shim_e4m3_to_nfe13$../rtl/horus_tile.v:110$3$\e4[3:0]$17
     8/9: $0$func$\shim_e4m3_to_nfe13$../rtl/horus_tile.v:110$3$\s[0:0]$16
     9/9: $0$func$\shim_e4m3_to_nfe13$../rtl/horus_tile.v:110$3$\cw[7:0]$15
Creating decoders for process `\horus_tile.$proc$../rtl/horus_tile.v:156$8'.
     1/10: $0\fire_pending[0:0]
     2/10: $0\cnt[2:0]
     3/10: $0\buf_7[12:0]
     4/10: $0\buf_6[12:0]
     5/10: $0\buf_5[12:0]
     6/10: $0\buf_4[12:0]
     7/10: $0\buf_3[12:0]
     8/10: $0\buf_2[12:0]
     9/10: $0\buf_1[12:0]
    10/10: $0\buf_0[12:0]
Creating decoders for process `\horus_tile.$proc$../rtl/horus_tile.v:58$5'.
     1/1: $0\mode_r[0:0]

5.2.6. Executing PROC_DLATCH pass (convert process syncs to latches).
No latch inferred for signal `$paramod\horus_norm_v2\E_TARGET=6'100000.$func$\clamp_nfe$../rtl/horus_norm_v2.v:146$245$\clamp_nfe' from process `$paramod\horus_norm_v2\E_TARGET=6'100000.$proc$../rtl/horus_norm_v2.v:124$338'.
No latch inferred for signal `$paramod\horus_norm_v2\E_TARGET=6'100000.$func$\clamp_nfe$../rtl/horus_norm_v2.v:146$253$\clamp_nfe' from process `$paramod\horus_norm_v2\E_TARGET=6'100000.$proc$../rtl/horus_norm_v2.v:124$338'.
No latch inferred for signal `$paramod\horus_norm_v2\E_TARGET=6'100000.$func$\clamp_nfe$../rtl/horus_norm_v2.v:146$253$\sgn' from process `$paramod\horus_norm_v2\E_TARGET=6'100000.$proc$../rtl/horus_norm_v2.v:124$338'.
No latch inferred for signal `$paramod\horus_norm_v2\E_TARGET=6'100000.$func$\clamp_nfe$../rtl/horus_norm_v2.v:146$253$\frac' from process `$paramod\horus_norm_v2\E_TARGET=6'100000.$proc$../rtl/horus_norm_v2.v:124$338'.
No latch inferred for signal `$paramod\horus_norm_v2\E_TARGET=6'100000.$func$\clamp_nfe$../rtl/horus_norm_v2.v:146$253$\ne' from process `$paramod\horus_norm_v2\E_TARGET=6'100000.$proc$../rtl/horus_norm_v2.v:124$338'.
No latch inferred for signal `$paramod\horus_norm_v2\E_TARGET=6'100000.$func$\clamp_nfe$../rtl/horus_norm_v2.v:145$244$\clamp_nfe' from process `$paramod\horus_norm_v2\E_TARGET=6'100000.$proc$../rtl/horus_norm_v2.v:124$330'.
No latch inferred for signal `$paramod\horus_norm_v2\E_TARGET=6'100000.$func$\clamp_nfe$../rtl/horus_norm_v2.v:145$252$\clamp_nfe' from process `$paramod\horus_norm_v2\E_TARGET=6'100000.$proc$../rtl/horus_norm_v2.v:124$330'.
No latch inferred for signal `$paramod\horus_norm_v2\E_TARGET=6'100000.$func$\clamp_nfe$../rtl/horus_norm_v2.v:145$252$\sgn' from process `$paramod\horus_norm_v2\E_TARGET=6'100000.$proc$../rtl/horus_norm_v2.v:124$330'.
No latch inferred for signal `$paramod\horus_norm_v2\E_TARGET=6'100000.$func$\clamp_nfe$../rtl/horus_norm_v2.v:145$252$\frac' from process `$paramod\horus_norm_v2\E_TARGET=6'100000.$proc$../rtl/horus_norm_v2.v:124$330'.
No latch inferred for signal `$paramod\horus_norm_v2\E_TARGET=6'100000.$func$\clamp_nfe$../rtl/horus_norm_v2.v:145$252$\ne' from process `$paramod\horus_norm_v2\E_TARGET=6'100000.$proc$../rtl/horus_norm_v2.v:124$330'.
No latch inferred for signal `$paramod\horus_norm_v2\E_TARGET=6'100000.$func$\clamp_nfe$../rtl/horus_norm_v2.v:144$243$\clamp_nfe' from process `$paramod\horus_norm_v2\E_TARGET=6'100000.$proc$../rtl/horus_norm_v2.v:124$322'.
No latch inferred for signal `$paramod\horus_norm_v2\E_TARGET=6'100000.$func$\clamp_nfe$../rtl/horus_norm_v2.v:144$251$\clamp_nfe' from process `$paramod\horus_norm_v2\E_TARGET=6'100000.$proc$../rtl/horus_norm_v2.v:124$322'.
No latch inferred for signal `$paramod\horus_norm_v2\E_TARGET=6'100000.$func$\clamp_nfe$../rtl/horus_norm_v2.v:144$251$\sgn' from process `$paramod\horus_norm_v2\E_TARGET=6'100000.$proc$../rtl/horus_norm_v2.v:124$322'.
No latch inferred for signal `$paramod\horus_norm_v2\E_TARGET=6'100000.$func$\clamp_nfe$../rtl/horus_norm_v2.v:144$251$\frac' from process `$paramod\horus_norm_v2\E_TARGET=6'100000.$proc$../rtl/horus_norm_v2.v:124$322'.
No latch inferred for signal `$paramod\horus_norm_v2\E_TARGET=6'100000.$func$\clamp_nfe$../rtl/horus_norm_v2.v:144$251$\ne' from process `$paramod\horus_norm_v2\E_TARGET=6'100000.$proc$../rtl/horus_norm_v2.v:124$322'.
No latch inferred for signal `$paramod\horus_norm_v2\E_TARGET=6'100000.$func$\clamp_nfe$../rtl/horus_norm_v2.v:143$242$\clamp_nfe' from process `$paramod\horus_norm_v2\E_TARGET=6'100000.$proc$../rtl/horus_norm_v2.v:124$314'.
No latch inferred for signal `$paramod\horus_norm_v2\E_TARGET=6'100000.$func$\clamp_nfe$../rtl/horus_norm_v2.v:143$250$\clamp_nfe' from process `$paramod\horus_norm_v2\E_TARGET=6'100000.$proc$../rtl/horus_norm_v2.v:124$314'.
No latch inferred for signal `$paramod\horus_norm_v2\E_TARGET=6'100000.$func$\clamp_nfe$../rtl/horus_norm_v2.v:143$250$\sgn' from process `$paramod\horus_norm_v2\E_TARGET=6'100000.$proc$../rtl/horus_norm_v2.v:124$314'.
No latch inferred for signal `$paramod\horus_norm_v2\E_TARGET=6'100000.$func$\clamp_nfe$../rtl/horus_norm_v2.v:143$250$\frac' from process `$paramod\horus_norm_v2\E_TARGET=6'100000.$proc$../rtl/horus_norm_v2.v:124$314'.
No latch inferred for signal `$paramod\horus_norm_v2\E_TARGET=6'100000.$func$\clamp_nfe$../rtl/horus_norm_v2.v:143$250$\ne' from process `$paramod\horus_norm_v2\E_TARGET=6'100000.$proc$../rtl/horus_norm_v2.v:124$314'.
No latch inferred for signal `$paramod\horus_norm_v2\E_TARGET=6'100000.$func$\clamp_nfe$../rtl/horus_norm_v2.v:142$241$\clamp_nfe' from process `$paramod\horus_norm_v2\E_TARGET=6'100000.$proc$../rtl/horus_norm_v2.v:124$306'.
No latch inferred for signal `$paramod\horus_norm_v2\E_TARGET=6'100000.$func$\clamp_nfe$../rtl/horus_norm_v2.v:142$249$\clamp_nfe' from process `$paramod\horus_norm_v2\E_TARGET=6'100000.$proc$../rtl/horus_norm_v2.v:124$306'.
No latch inferred for signal `$paramod\horus_norm_v2\E_TARGET=6'100000.$func$\clamp_nfe$../rtl/horus_norm_v2.v:142$249$\sgn' from process `$paramod\horus_norm_v2\E_TARGET=6'100000.$proc$../rtl/horus_norm_v2.v:124$306'.
No latch inferred for signal `$paramod\horus_norm_v2\E_TARGET=6'100000.$func$\clamp_nfe$../rtl/horus_norm_v2.v:142$249$\frac' from process `$paramod\horus_norm_v2\E_TARGET=6'100000.$proc$../rtl/horus_norm_v2.v:124$306'.
No latch inferred for signal `$paramod\horus_norm_v2\E_TARGET=6'100000.$func$\clamp_nfe$../rtl/horus_norm_v2.v:142$249$\ne' from process `$paramod\horus_norm_v2\E_TARGET=6'100000.$proc$../rtl/horus_norm_v2.v:124$306'.
No latch inferred for signal `$paramod\horus_norm_v2\E_TARGET=6'100000.$func$\clamp_nfe$../rtl/horus_norm_v2.v:141$240$\clamp_nfe' from process `$paramod\horus_norm_v2\E_TARGET=6'100000.$proc$../rtl/horus_norm_v2.v:124$298'.
No latch inferred for signal `$paramod\horus_norm_v2\E_TARGET=6'100000.$func$\clamp_nfe$../rtl/horus_norm_v2.v:141$248$\clamp_nfe' from process `$paramod\horus_norm_v2\E_TARGET=6'100000.$proc$../rtl/horus_norm_v2.v:124$298'.
No latch inferred for signal `$paramod\horus_norm_v2\E_TARGET=6'100000.$func$\clamp_nfe$../rtl/horus_norm_v2.v:141$248$\sgn' from process `$paramod\horus_norm_v2\E_TARGET=6'100000.$proc$../rtl/horus_norm_v2.v:124$298'.
No latch inferred for signal `$paramod\horus_norm_v2\E_TARGET=6'100000.$func$\clamp_nfe$../rtl/horus_norm_v2.v:141$248$\frac' from process `$paramod\horus_norm_v2\E_TARGET=6'100000.$proc$../rtl/horus_norm_v2.v:124$298'.
No latch inferred for signal `$paramod\horus_norm_v2\E_TARGET=6'100000.$func$\clamp_nfe$../rtl/horus_norm_v2.v:141$248$\ne' from process `$paramod\horus_norm_v2\E_TARGET=6'100000.$proc$../rtl/horus_norm_v2.v:124$298'.
No latch inferred for signal `$paramod\horus_norm_v2\E_TARGET=6'100000.$func$\clamp_nfe$../rtl/horus_norm_v2.v:140$239$\clamp_nfe' from process `$paramod\horus_norm_v2\E_TARGET=6'100000.$proc$../rtl/horus_norm_v2.v:124$290'.
No latch inferred for signal `$paramod\horus_norm_v2\E_TARGET=6'100000.$func$\clamp_nfe$../rtl/horus_norm_v2.v:140$247$\clamp_nfe' from process `$paramod\horus_norm_v2\E_TARGET=6'100000.$proc$../rtl/horus_norm_v2.v:124$290'.
No latch inferred for signal `$paramod\horus_norm_v2\E_TARGET=6'100000.$func$\clamp_nfe$../rtl/horus_norm_v2.v:140$247$\sgn' from process `$paramod\horus_norm_v2\E_TARGET=6'100000.$proc$../rtl/horus_norm_v2.v:124$290'.
No latch inferred for signal `$paramod\horus_norm_v2\E_TARGET=6'100000.$func$\clamp_nfe$../rtl/horus_norm_v2.v:140$247$\frac' from process `$paramod\horus_norm_v2\E_TARGET=6'100000.$proc$../rtl/horus_norm_v2.v:124$290'.
No latch inferred for signal `$paramod\horus_norm_v2\E_TARGET=6'100000.$func$\clamp_nfe$../rtl/horus_norm_v2.v:140$247$\ne' from process `$paramod\horus_norm_v2\E_TARGET=6'100000.$proc$../rtl/horus_norm_v2.v:124$290'.
No latch inferred for signal `$paramod\horus_norm_v2\E_TARGET=6'100000.$func$\clamp_nfe$../rtl/horus_norm_v2.v:139$246$\clamp_nfe' from process `$paramod\horus_norm_v2\E_TARGET=6'100000.$proc$../rtl/horus_norm_v2.v:124$282'.
No latch inferred for signal `$paramod\horus_norm_v2\E_TARGET=6'100000.$func$\clamp_nfe$../rtl/horus_norm_v2.v:139$238$\clamp_nfe' from process `$paramod\horus_norm_v2\E_TARGET=6'100000.$proc$../rtl/horus_norm_v2.v:124$282'.
No latch inferred for signal `$paramod\horus_norm_v2\E_TARGET=6'100000.$func$\clamp_nfe$../rtl/horus_norm_v2.v:139$246$\sgn' from process `$paramod\horus_norm_v2\E_TARGET=6'100000.$proc$../rtl/horus_norm_v2.v:124$282'.
No latch inferred for signal `$paramod\horus_norm_v2\E_TARGET=6'100000.$func$\clamp_nfe$../rtl/horus_norm_v2.v:139$246$\frac' from process `$paramod\horus_norm_v2\E_TARGET=6'100000.$proc$../rtl/horus_norm_v2.v:124$282'.
No latch inferred for signal `$paramod\horus_norm_v2\E_TARGET=6'100000.$func$\clamp_nfe$../rtl/horus_norm_v2.v:139$246$\ne' from process `$paramod\horus_norm_v2\E_TARGET=6'100000.$proc$../rtl/horus_norm_v2.v:124$282'.
No latch inferred for signal `\horus_e3m6_core.\f_sub' from process `\horus_e3m6_core.$proc$../rtl/horus_e3m6_core.v:92$121'.
No latch inferred for signal `\fp8_e4m3_mul.\result' from process `\fp8_e4m3_mul.$proc$../rtl/fp8_e4m3_mul.v:143$100'.
No latch inferred for signal `\fp8_e4m3_mul.\norm_shift' from process `\fp8_e4m3_mul.$proc$../rtl/fp8_e4m3_mul.v:69$62'.
No latch inferred for signal `\horus_tile.$func$\shim_e3m6_to_nfe13$../rtl/horus_tile.v:139$2$\shim_e3m6_to_nfe13' from process `\horus_tile.$proc$../rtl/horus_tile.v:120$28'.
No latch inferred for signal `\horus_tile.$func$\shim_e3m6_to_nfe13$../rtl/horus_tile.v:139$4$\shim_e3m6_to_nfe13' from process `\horus_tile.$proc$../rtl/horus_tile.v:120$28'.
No latch inferred for signal `\horus_tile.$func$\shim_e3m6_to_nfe13$../rtl/horus_tile.v:139$4$\cw' from process `\horus_tile.$proc$../rtl/horus_tile.v:120$28'.
No latch inferred for signal `\horus_tile.$func$\shim_e3m6_to_nfe13$../rtl/horus_tile.v:139$4$\s' from process `\horus_tile.$proc$../rtl/horus_tile.v:120$28'.
No latch inferred for signal `\horus_tile.$func$\shim_e3m6_to_nfe13$../rtl/horus_tile.v:139$4$\e3' from process `\horus_tile.$proc$../rtl/horus_tile.v:120$28'.
No latch inferred for signal `\horus_tile.$func$\shim_e3m6_to_nfe13$../rtl/horus_tile.v:139$4$\f6' from process `\horus_tile.$proc$../rtl/horus_tile.v:120$28'.
No latch inferred for signal `\horus_tile.$func$\shim_e3m6_to_nfe13$../rtl/horus_tile.v:139$4$\e6' from process `\horus_tile.$proc$../rtl/horus_tile.v:120$28'.
No latch inferred for signal `\horus_tile.$func$\shim_e4m3_to_nfe13$../rtl/horus_tile.v:110$1$\shim_e4m3_to_nfe13' from process `\horus_tile.$proc$../rtl/horus_tile.v:91$12'.
No latch inferred for signal `\horus_tile.$func$\shim_e4m3_to_nfe13$../rtl/horus_tile.v:110$3$\shim_e4m3_to_nfe13' from process `\horus_tile.$proc$../rtl/horus_tile.v:91$12'.
No latch inferred for signal `\horus_tile.$func$\shim_e4m3_to_nfe13$../rtl/horus_tile.v:110$3$\cw' from process `\horus_tile.$proc$../rtl/horus_tile.v:91$12'.
No latch inferred for signal `\horus_tile.$func$\shim_e4m3_to_nfe13$../rtl/horus_tile.v:110$3$\s' from process `\horus_tile.$proc$../rtl/horus_tile.v:91$12'.
No latch inferred for signal `\horus_tile.$func$\shim_e4m3_to_nfe13$../rtl/horus_tile.v:110$3$\e4' from process `\horus_tile.$proc$../rtl/horus_tile.v:91$12'.
No latch inferred for signal `\horus_tile.$func$\shim_e4m3_to_nfe13$../rtl/horus_tile.v:110$3$\f3' from process `\horus_tile.$proc$../rtl/horus_tile.v:91$12'.
No latch inferred for signal `\horus_tile.$func$\shim_e4m3_to_nfe13$../rtl/horus_tile.v:110$3$\e6' from process `\horus_tile.$proc$../rtl/horus_tile.v:91$12'.

5.2.7. Executing PROC_DFF pass (convert process syncs to FFs).
Creating register for signal `$paramod\horus_norm_v2\E_TARGET=6'100000.\valid_out' using process `$paramod\horus_norm_v2\E_TARGET=6'100000.$proc$../rtl/horus_norm_v2.v:150$280'.
  created $dff cell `$procdff$582' with positive edge clock.
Creating register for signal `$paramod\horus_norm_v2\E_TARGET=6'100000.\e_max_out' using process `$paramod\horus_norm_v2\E_TARGET=6'100000.$proc$../rtl/horus_norm_v2.v:150$280'.
  created $dff cell `$procdff$583' with positive edge clock.
Creating register for signal `$paramod\horus_norm_v2\E_TARGET=6'100000.\out_0' using process `$paramod\horus_norm_v2\E_TARGET=6'100000.$proc$../rtl/horus_norm_v2.v:150$280'.
  created $dff cell `$procdff$584' with positive edge clock.
Creating register for signal `$paramod\horus_norm_v2\E_TARGET=6'100000.\out_1' using process `$paramod\horus_norm_v2\E_TARGET=6'100000.$proc$../rtl/horus_norm_v2.v:150$280'.
  created $dff cell `$procdff$585' with positive edge clock.
Creating register for signal `$paramod\horus_norm_v2\E_TARGET=6'100000.\out_2' using process `$paramod\horus_norm_v2\E_TARGET=6'100000.$proc$../rtl/horus_norm_v2.v:150$280'.
  created $dff cell `$procdff$586' with positive edge clock.
Creating register for signal `$paramod\horus_norm_v2\E_TARGET=6'100000.\out_3' using process `$paramod\horus_norm_v2\E_TARGET=6'100000.$proc$../rtl/horus_norm_v2.v:150$280'.
  created $dff cell `$procdff$587' with positive edge clock.
Creating register for signal `$paramod\horus_norm_v2\E_TARGET=6'100000.\out_4' using process `$paramod\horus_norm_v2\E_TARGET=6'100000.$proc$../rtl/horus_norm_v2.v:150$280'.
  created $dff cell `$procdff$588' with positive edge clock.
Creating register for signal `$paramod\horus_norm_v2\E_TARGET=6'100000.\out_5' using process `$paramod\horus_norm_v2\E_TARGET=6'100000.$proc$../rtl/horus_norm_v2.v:150$280'.
  created $dff cell `$procdff$589' with positive edge clock.
Creating register for signal `$paramod\horus_norm_v2\E_TARGET=6'100000.\out_6' using process `$paramod\horus_norm_v2\E_TARGET=6'100000.$proc$../rtl/horus_norm_v2.v:150$280'.
  created $dff cell `$procdff$590' with positive edge clock.
Creating register for signal `$paramod\horus_norm_v2\E_TARGET=6'100000.\out_7' using process `$paramod\horus_norm_v2\E_TARGET=6'100000.$proc$../rtl/horus_norm_v2.v:150$280'.
  created $dff cell `$procdff$591' with positive edge clock.
Creating register for signal `\horus_tile.\buf_0' using process `\horus_tile.$proc$../rtl/horus_tile.v:156$8'.
  created $adff cell `$procdff$592' with positive edge clock and negative level reset.
Creating register for signal `\horus_tile.\buf_1' using process `\horus_tile.$proc$../rtl/horus_tile.v:156$8'.
  created $adff cell `$procdff$593' with positive edge clock and negative level reset.
Creating register for signal `\horus_tile.\buf_2' using process `\horus_tile.$proc$../rtl/horus_tile.v:156$8'.
  created $adff cell `$procdff$594' with positive edge clock and negative level reset.
Creating register for signal `\horus_tile.\buf_3' using process `\horus_tile.$proc$../rtl/horus_tile.v:156$8'.
  created $adff cell `$procdff$595' with positive edge clock and negative level reset.
Creating register for signal `\horus_tile.\buf_4' using process `\horus_tile.$proc$../rtl/horus_tile.v:156$8'.
  created $adff cell `$procdff$596' with positive edge clock and negative level reset.
Creating register for signal `\horus_tile.\buf_5' using process `\horus_tile.$proc$../rtl/horus_tile.v:156$8'.
  created $adff cell `$procdff$597' with positive edge clock and negative level reset.
Creating register for signal `\horus_tile.\buf_6' using process `\horus_tile.$proc$../rtl/horus_tile.v:156$8'.
  created $adff cell `$procdff$598' with positive edge clock and negative level reset.
Creating register for signal `\horus_tile.\buf_7' using process `\horus_tile.$proc$../rtl/horus_tile.v:156$8'.
  created $adff cell `$procdff$599' with positive edge clock and negative level reset.
Creating register for signal `\horus_tile.\cnt' using process `\horus_tile.$proc$../rtl/horus_tile.v:156$8'.
  created $adff cell `$procdff$600' with positive edge clock and negative level reset.
Creating register for signal `\horus_tile.\fire_pending' using process `\horus_tile.$proc$../rtl/horus_tile.v:156$8'.
  created $adff cell `$procdff$601' with positive edge clock and negative level reset.
Creating register for signal `\horus_tile.\mode_r' using process `\horus_tile.$proc$../rtl/horus_tile.v:58$5'.
  created $adff cell `$procdff$602' with positive edge clock and negative level reset.

5.2.8. Executing PROC_CLEAN pass (remove empty switches from decision trees).
Found and cleaned up 2 empty switches in `$paramod\horus_norm_v2\E_TARGET=6'100000.$proc$../rtl/horus_norm_v2.v:124$338'.
Removing empty process `$paramod\horus_norm_v2\E_TARGET=6'100000.$proc$../rtl/horus_norm_v2.v:124$338'.
Found and cleaned up 2 empty switches in `$paramod\horus_norm_v2\E_TARGET=6'100000.$proc$../rtl/horus_norm_v2.v:124$330'.
Removing empty process `$paramod\horus_norm_v2\E_TARGET=6'100000.$proc$../rtl/horus_norm_v2.v:124$330'.
Found and cleaned up 2 empty switches in `$paramod\horus_norm_v2\E_TARGET=6'100000.$proc$../rtl/horus_norm_v2.v:124$322'.
Removing empty process `$paramod\horus_norm_v2\E_TARGET=6'100000.$proc$../rtl/horus_norm_v2.v:124$322'.
Found and cleaned up 2 empty switches in `$paramod\horus_norm_v2\E_TARGET=6'100000.$proc$../rtl/horus_norm_v2.v:124$314'.
Removing empty process `$paramod\horus_norm_v2\E_TARGET=6'100000.$proc$../rtl/horus_norm_v2.v:124$314'.
Found and cleaned up 2 empty switches in `$paramod\horus_norm_v2\E_TARGET=6'100000.$proc$../rtl/horus_norm_v2.v:124$306'.
Removing empty process `$paramod\horus_norm_v2\E_TARGET=6'100000.$proc$../rtl/horus_norm_v2.v:124$306'.
Found and cleaned up 2 empty switches in `$paramod\horus_norm_v2\E_TARGET=6'100000.$proc$../rtl/horus_norm_v2.v:124$298'.
Removing empty process `$paramod\horus_norm_v2\E_TARGET=6'100000.$proc$../rtl/horus_norm_v2.v:124$298'.
Found and cleaned up 2 empty switches in `$paramod\horus_norm_v2\E_TARGET=6'100000.$proc$../rtl/horus_norm_v2.v:124$290'.
Removing empty process `$paramod\horus_norm_v2\E_TARGET=6'100000.$proc$../rtl/horus_norm_v2.v:124$290'.
Found and cleaned up 2 empty switches in `$paramod\horus_norm_v2\E_TARGET=6'100000.$proc$../rtl/horus_norm_v2.v:124$282'.
Removing empty process `$paramod\horus_norm_v2\E_TARGET=6'100000.$proc$../rtl/horus_norm_v2.v:124$282'.
Found and cleaned up 1 empty switch in `$paramod\horus_norm_v2\E_TARGET=6'100000.$proc$../rtl/horus_norm_v2.v:150$280'.
Removing empty process `$paramod\horus_norm_v2\E_TARGET=6'100000.$proc$../rtl/horus_norm_v2.v:150$280'.
Found and cleaned up 1 empty switch in `\horus_e3m6_core.$proc$../rtl/horus_e3m6_core.v:92$121'.
Removing empty process `horus_e3m6_core.$proc$../rtl/horus_e3m6_core.v:92$121'.
Found and cleaned up 5 empty switches in `\fp8_e4m3_mul.$proc$../rtl/fp8_e4m3_mul.v:143$100'.
Removing empty process `fp8_e4m3_mul.$proc$../rtl/fp8_e4m3_mul.v:143$100'.
Found and cleaned up 1 empty switch in `\fp8_e4m3_mul.$proc$../rtl/fp8_e4m3_mul.v:69$62'.
Removing empty process `fp8_e4m3_mul.$proc$../rtl/fp8_e4m3_mul.v:69$62'.
Found and cleaned up 1 empty switch in `\horus_tile.$proc$../rtl/horus_tile.v:120$28'.
Removing empty process `horus_tile.$proc$../rtl/horus_tile.v:120$28'.
Found and cleaned up 1 empty switch in `\horus_tile.$proc$../rtl/horus_tile.v:91$12'.
Removing empty process `horus_tile.$proc$../rtl/horus_tile.v:91$12'.
Found and cleaned up 3 empty switches in `\horus_tile.$proc$../rtl/horus_tile.v:156$8'.
Removing empty process `horus_tile.$proc$../rtl/horus_tile.v:156$8'.
Removing empty process `horus_tile.$proc$../rtl/horus_tile.v:58$5'.
Cleaned up 29 empty switches.

5.3. Executing OPT_EXPR pass (perform const folding).
Optimizing module $paramod\horus_norm_v2\E_TARGET=6'100000.
<suppressed ~11 debug messages>
Optimizing module horus_e3m6_core.
<suppressed ~3 debug messages>
Optimizing module fp8_e4m3_mul.
<suppressed ~5 debug messages>
Optimizing module horus_tile.
<suppressed ~3 debug messages>

5.4. Executing OPT_CLEAN pass (remove unused cells and wires).
Finding unused cells or wires in module $paramod\horus_norm_v2\E_TARGET=6'100000..
Finding unused cells or wires in module \horus_e3m6_core..
Finding unused cells or wires in module \fp8_e4m3_mul..
Finding unused cells or wires in module \horus_tile..
Removed 5 unused cells and 302 unused wires.
<suppressed ~9 debug messages>

5.5. Executing CHECK pass (checking for obvious problems).
checking module $paramod\horus_norm_v2\E_TARGET=6'100000..
checking module fp8_e4m3_mul..
checking module horus_e3m6_core..
checking module horus_tile..
found and reported 0 problems.

5.6. Executing OPT pass (performing simple optimizations).

5.6.1. Executing OPT_EXPR pass (perform const folding).
Optimizing module $paramod\horus_norm_v2\E_TARGET=6'100000.
Optimizing module fp8_e4m3_mul.
Optimizing module horus_e3m6_core.
Optimizing module horus_tile.

5.6.2. Executing OPT_MERGE pass (detect identical cells).
Finding identical cells in module `$paramod\horus_norm_v2\E_TARGET=6'100000'.
Finding identical cells in module `\fp8_e4m3_mul'.
<suppressed ~9 debug messages>
Finding identical cells in module `\horus_e3m6_core'.
<suppressed ~9 debug messages>
Finding identical cells in module `\horus_tile'.
<suppressed ~3 debug messages>
Removed a total of 7 cells.

5.6.3. Executing OPT_MUXTREE pass (detect dead branches in mux trees).
Running muxtree optimizer on module $paramod\horus_norm_v2\E_TARGET=6'100000..
  Creating internal representation of mux trees.
  Evaluating internal representation of mux trees.
  Analyzing evaluation results.
    dead port 1/2 on $mux $procmux$350.
    dead port 1/2 on $mux $procmux$359.
    dead port 1/2 on $mux $procmux$368.
    dead port 1/2 on $mux $procmux$377.
    dead port 1/2 on $mux $procmux$386.
    dead port 1/2 on $mux $procmux$395.
    dead port 1/2 on $mux $procmux$404.
    dead port 1/2 on $mux $procmux$413.
Running muxtree optimizer on module \fp8_e4m3_mul..
  Creating internal representation of mux trees.
  Evaluating internal representation of mux trees.
  Analyzing evaluation results.
    dead port 1/2 on $mux $procmux$456.
    dead port 1/2 on $mux $procmux$459.
    dead port 1/2 on $mux $procmux$462.
    dead port 2/2 on $mux $procmux$468.
    dead port 1/2 on $mux $procmux$471.
    dead port 1/2 on $mux $procmux$474.
    dead port 1/2 on $mux $procmux$480.
    dead port 1/2 on $mux $procmux$483.
    dead port 1/2 on $mux $procmux$489.
Running muxtree optimizer on module \horus_e3m6_core..
  Creating internal representation of mux trees.
  Evaluating internal representation of mux trees.
  Analyzing evaluation results.
Running muxtree optimizer on module \horus_tile..
  Creating internal representation of mux trees.
  Evaluating internal representation of mux trees.
  Analyzing evaluation results.
Removed 17 multiplexer ports.
<suppressed ~42 debug messages>

5.6.4. Executing OPT_REDUCE pass (consolidate $*mux and $reduce_* inputs).
  Optimizing cells in module $paramod\horus_norm_v2\E_TARGET=6'100000.
  Optimizing cells in module \fp8_e4m3_mul.
    New input vector for $reduce_or cell $reduce_or$../rtl/fp8_e4m3_mul.v:134$92: { \P_sh [0] \P_sh [1] \P_sh [2] \P_sh [3] }
    New input vector for $reduce_or cell $reduce_or$../rtl/fp8_e4m3_mul.v:109$73: { \P_sh [0] \P_sh [1] }
    New input vector for $reduce_or cell $reduce_or$../rtl/fp8_e4m3_mul.v:109$72: { \P_sh [0] \P_sh [1] \P_sh [2] }
    New input vector for $reduce_and cell $reduce_and$../rtl/fp8_e4m3_mul.v:46$44: { \b [0] \b [1] \b [2] }
    New input vector for $reduce_and cell $reduce_and$../rtl/fp8_e4m3_mul.v:45$41: { \a [0] \a [1] \a [2] }
    New input vector for $reduce_and cell $reduce_and$../rtl/fp8_e4m3_mul.v:124$83: { \man_rounded [0] \man_rounded [1] \man_rounded [2] }
    New ctrl vector for $pmux cell $procmux$495: { $auto$opt_reduce.cc:132:opt_mux$604 $procmux$501_CMP $procmux$500_CMP $procmux$499_CMP $procmux$498_CMP $procmux$497_CMP $procmux$496_CMP }
  Optimizing cells in module \fp8_e4m3_mul.
  Optimizing cells in module \horus_e3m6_core.
  Optimizing cells in module \horus_tile.
    New input vector for $reduce_and cell $reduce_and$../rtl/horus_tile.v:101$22: { \e4m3_result [0] \e4m3_result [1] \e4m3_result [2] }
  Optimizing cells in module \horus_tile.
Performed a total of 8 changes.

5.6.5. Executing OPT_MERGE pass (detect identical cells).
Finding identical cells in module `$paramod\horus_norm_v2\E_TARGET=6'100000'.
Finding identical cells in module `\fp8_e4m3_mul'.
Finding identical cells in module `\horus_e3m6_core'.
Finding identical cells in module `\horus_tile'.
Removed a total of 0 cells.

5.6.6. Executing OPT_RMDFF pass (remove dff with constant values).

5.6.7. Executing OPT_CLEAN pass (remove unused cells and wires).
Finding unused cells or wires in module $paramod\horus_norm_v2\E_TARGET=6'100000..
Finding unused cells or wires in module \fp8_e4m3_mul..
Finding unused cells or wires in module \horus_e3m6_core..
Finding unused cells or wires in module \horus_tile..
Removed 0 unused cells and 24 unused wires.
<suppressed ~4 debug messages>

5.6.8. Executing OPT_EXPR pass (perform const folding).
Optimizing module $paramod\horus_norm_v2\E_TARGET=6'100000.
Optimizing module fp8_e4m3_mul.
Optimizing module horus_e3m6_core.
Optimizing module horus_tile.

5.6.9. Rerunning OPT passes. (Maybe there is more to do..)

5.6.10. Executing OPT_MUXTREE pass (detect dead branches in mux trees).
Running muxtree optimizer on module $paramod\horus_norm_v2\E_TARGET=6'100000..
  Creating internal representation of mux trees.
  Evaluating internal representation of mux trees.
  Analyzing evaluation results.
Running muxtree optimizer on module \fp8_e4m3_mul..
  Creating internal representation of mux trees.
  Evaluating internal representation of mux trees.
  Analyzing evaluation results.
Running muxtree optimizer on module \horus_e3m6_core..
  Creating internal representation of mux trees.
  Evaluating internal representation of mux trees.
  Analyzing evaluation results.
Running muxtree optimizer on module \horus_tile..
  Creating internal representation of mux trees.
  Evaluating internal representation of mux trees.
  Analyzing evaluation results.
Removed 0 multiplexer ports.
<suppressed ~42 debug messages>

5.6.11. Executing OPT_REDUCE pass (consolidate $*mux and $reduce_* inputs).
  Optimizing cells in module $paramod\horus_norm_v2\E_TARGET=6'100000.
  Optimizing cells in module \fp8_e4m3_mul.
  Optimizing cells in module \horus_e3m6_core.
  Optimizing cells in module \horus_tile.
Performed a total of 0 changes.

5.6.12. Executing OPT_MERGE pass (detect identical cells).
Finding identical cells in module `$paramod\horus_norm_v2\E_TARGET=6'100000'.
Finding identical cells in module `\fp8_e4m3_mul'.
Finding identical cells in module `\horus_e3m6_core'.
Finding identical cells in module `\horus_tile'.
Removed a total of 0 cells.

5.6.13. Executing OPT_RMDFF pass (remove dff with constant values).

5.6.14. Executing OPT_CLEAN pass (remove unused cells and wires).
Finding unused cells or wires in module $paramod\horus_norm_v2\E_TARGET=6'100000..
Finding unused cells or wires in module \fp8_e4m3_mul..
Finding unused cells or wires in module \horus_e3m6_core..
Finding unused cells or wires in module \horus_tile..

5.6.15. Executing OPT_EXPR pass (perform const folding).
Optimizing module $paramod\horus_norm_v2\E_TARGET=6'100000.
Optimizing module fp8_e4m3_mul.
Optimizing module horus_e3m6_core.
Optimizing module horus_tile.

5.6.16. Finished OPT passes. (There is nothing left to do.)

5.7. Executing WREDUCE pass (reducing word size of cells).
Removed top 1 bits (of 13) from mux cell $paramod\horus_norm_v2\E_TARGET=6'100000.$procmux$410 ($mux).
Removed top 1 bits (of 13) from mux cell $paramod\horus_norm_v2\E_TARGET=6'100000.$procmux$416 ($mux).
Removed top 1 bits (of 13) from mux cell $paramod\horus_norm_v2\E_TARGET=6'100000.$procmux$401 ($mux).
Removed top 1 bits (of 13) from mux cell $paramod\horus_norm_v2\E_TARGET=6'100000.$procmux$407 ($mux).
Removed top 1 bits (of 13) from mux cell $paramod\horus_norm_v2\E_TARGET=6'100000.$procmux$392 ($mux).
Removed top 1 bits (of 13) from mux cell $paramod\horus_norm_v2\E_TARGET=6'100000.$procmux$383 ($mux).
Removed top 1 bits (of 13) from mux cell $paramod\horus_norm_v2\E_TARGET=6'100000.$procmux$374 ($mux).
Removed top 1 bits (of 13) from mux cell $paramod\horus_norm_v2\E_TARGET=6'100000.$procmux$380 ($mux).
Removed top 1 bits (of 13) from mux cell $paramod\horus_norm_v2\E_TARGET=6'100000.$procmux$365 ($mux).
Removed top 1 bits (of 13) from mux cell $paramod\horus_norm_v2\E_TARGET=6'100000.$procmux$371 ($mux).
Removed top 1 bits (of 13) from mux cell $paramod\horus_norm_v2\E_TARGET=6'100000.$procmux$356 ($mux).
Converting cell $paramod\horus_norm_v2\E_TARGET=6'100000.$sub$../rtl/horus_norm_v2.v:107$269 ($sub) from signed to unsigned.
Removed top 1 bits (of 7) from port A of cell $paramod\horus_norm_v2\E_TARGET=6'100000.$sub$../rtl/horus_norm_v2.v:107$269 ($sub).
Removed top 1 bits (of 7) from port B of cell $paramod\horus_norm_v2\E_TARGET=6'100000.$sub$../rtl/horus_norm_v2.v:107$269 ($sub).
Removed top 1 bits (of 8) from port A of cell $paramod\horus_norm_v2\E_TARGET=6'100000.$add$../rtl/horus_norm_v2.v:114$272 ($add).
Removed top 1 bits (of 8) from port B of cell $paramod\horus_norm_v2\E_TARGET=6'100000.$add$../rtl/horus_norm_v2.v:114$272 ($add).
Removed top 1 bits (of 8) from port A of cell $paramod\horus_norm_v2\E_TARGET=6'100000.$add$../rtl/horus_norm_v2.v:115$273 ($add).
Removed top 1 bits (of 8) from port B of cell $paramod\horus_norm_v2\E_TARGET=6'100000.$add$../rtl/horus_norm_v2.v:115$273 ($add).
Removed top 1 bits (of 8) from port A of cell $paramod\horus_norm_v2\E_TARGET=6'100000.$add$../rtl/horus_norm_v2.v:116$274 ($add).
Removed top 1 bits (of 8) from port B of cell $paramod\horus_norm_v2\E_TARGET=6'100000.$add$../rtl/horus_norm_v2.v:116$274 ($add).
Removed top 1 bits (of 8) from port A of cell $paramod\horus_norm_v2\E_TARGET=6'100000.$add$../rtl/horus_norm_v2.v:117$275 ($add).
Removed top 1 bits (of 8) from port B of cell $paramod\horus_norm_v2\E_TARGET=6'100000.$add$../rtl/horus_norm_v2.v:117$275 ($add).
Removed top 1 bits (of 8) from port A of cell $paramod\horus_norm_v2\E_TARGET=6'100000.$add$../rtl/horus_norm_v2.v:118$276 ($add).
Removed top 1 bits (of 8) from port B of cell $paramod\horus_norm_v2\E_TARGET=6'100000.$add$../rtl/horus_norm_v2.v:118$276 ($add).
Removed top 1 bits (of 8) from port A of cell $paramod\horus_norm_v2\E_TARGET=6'100000.$add$../rtl/horus_norm_v2.v:119$277 ($add).
Removed top 1 bits (of 8) from port B of cell $paramod\horus_norm_v2\E_TARGET=6'100000.$add$../rtl/horus_norm_v2.v:119$277 ($add).
Removed top 1 bits (of 8) from port A of cell $paramod\horus_norm_v2\E_TARGET=6'100000.$add$../rtl/horus_norm_v2.v:120$278 ($add).
Removed top 1 bits (of 8) from port B of cell $paramod\horus_norm_v2\E_TARGET=6'100000.$add$../rtl/horus_norm_v2.v:120$278 ($add).
Removed top 1 bits (of 8) from port A of cell $paramod\horus_norm_v2\E_TARGET=6'100000.$add$../rtl/horus_norm_v2.v:121$279 ($add).
Removed top 1 bits (of 8) from port B of cell $paramod\horus_norm_v2\E_TARGET=6'100000.$add$../rtl/horus_norm_v2.v:121$279 ($add).
Removed top 1 bits (of 13) from mux cell $paramod\horus_norm_v2\E_TARGET=6'100000.$procmux$347 ($mux).
Removed top 1 bits (of 13) from mux cell $paramod\horus_norm_v2\E_TARGET=6'100000.$procmux$398 ($mux).
Removed top 1 bits (of 13) from mux cell $paramod\horus_norm_v2\E_TARGET=6'100000.$procmux$389 ($mux).
Removed top 1 bits (of 13) from mux cell $paramod\horus_norm_v2\E_TARGET=6'100000.$procmux$362 ($mux).
Removed top 1 bits (of 13) from mux cell $paramod\horus_norm_v2\E_TARGET=6'100000.$procmux$353 ($mux).
Removed top 6 bits (of 7) from port B of cell fp8_e4m3_mul.$procmux$497_CMP0 ($eq).
Removed top 1 bits (of 8) from port Y of cell fp8_e4m3_mul.$shl$../rtl/fp8_e4m3_mul.v:84$63 ($shl).
Removed top 1 bits (of 5) from mux cell fp8_e4m3_mul.$ternary$../rtl/fp8_e4m3_mul.v:92$64 ($mux).
Removed top 1 bits (of 5) from mux cell fp8_e4m3_mul.$ternary$../rtl/fp8_e4m3_mul.v:93$65 ($mux).
Removed top 3 bits (of 7) from port A of cell fp8_e4m3_mul.$add$../rtl/fp8_e4m3_mul.v:98$66 ($add).
Removed top 3 bits (of 7) from port B of cell fp8_e4m3_mul.$add$../rtl/fp8_e4m3_mul.v:98$66 ($add).
Removed top 2 bits (of 7) from port Y of cell fp8_e4m3_mul.$add$../rtl/fp8_e4m3_mul.v:98$66 ($add).
Removed top 2 bits (of 7) from port A of cell fp8_e4m3_mul.$sub$../rtl/fp8_e4m3_mul.v:99$67 ($sub).
Removed top 4 bits (of 7) from port B of cell fp8_e4m3_mul.$sub$../rtl/fp8_e4m3_mul.v:99$67 ($sub).
Removed top 6 bits (of 7) from port B of cell fp8_e4m3_mul.$add$../rtl/fp8_e4m3_mul.v:100$68 ($add).
Removed top 4 bits (of 7) from port B of cell fp8_e4m3_mul.$sub$../rtl/fp8_e4m3_mul.v:100$69 ($sub).
Removed top 1 bits (of 7) from port Y of cell fp8_e4m3_mul.$sub$../rtl/fp8_e4m3_mul.v:100$69 ($sub).
Removed top 1 bits (of 7) from port A of cell fp8_e4m3_mul.$sub$../rtl/fp8_e4m3_mul.v:100$69 ($sub).
Removed top 1 bits (of 4) from port A of cell fp8_e4m3_mul.$add$../rtl/fp8_e4m3_mul.v:113$77 ($add).
Removed top 3 bits (of 4) from port B of cell fp8_e4m3_mul.$add$../rtl/fp8_e4m3_mul.v:113$77 ($add).
Removed top 5 bits (of 6) from port B of cell fp8_e4m3_mul.$add$../rtl/fp8_e4m3_mul.v:118$78 ($add).
Removed top 1 bits (of 6) from port B of cell fp8_e4m3_mul.$gt$../rtl/fp8_e4m3_mul.v:123$81 ($gt).
Removed top 1 bits (of 6) from port B of cell fp8_e4m3_mul.$eq$../rtl/fp8_e4m3_mul.v:124$82 ($eq).
Removed top 1 bits (of 3) from mux cell fp8_e4m3_mul.$ternary$../rtl/fp8_e4m3_mul.v:132$90 ($mux).
Removed top 1 bits (of 4) from port A of cell fp8_e4m3_mul.$add$../rtl/fp8_e4m3_mul.v:136$97 ($add).
Removed top 3 bits (of 4) from port B of cell fp8_e4m3_mul.$add$../rtl/fp8_e4m3_mul.v:136$97 ($add).
Removed top 5 bits (of 6) from port B of cell fp8_e4m3_mul.$lt$../rtl/fp8_e4m3_mul.v:140$98 ($lt).
Removed top 4 bits (of 8) from mux cell fp8_e4m3_mul.$procmux$466 ($mux).
Removed top 1 bits (of 8) from mux cell fp8_e4m3_mul.$procmux$453 ($mux).
Removed top 7 bits (of 8) from port B of cell fp8_e4m3_mul.$procmux$496_CMP0 ($eq).
Removed top 1 bits (of 8) from mux cell fp8_e4m3_mul.$procmux$477 ($mux).
Removed top 1 bits (of 2) from port B of cell fp8_e4m3_mul.$procmux$502_CMP0 ($eq).
Removed top 2 bits (of 3) from port B of cell fp8_e4m3_mul.$procmux$501_CMP0 ($eq).
Removed top 3 bits (of 4) from port B of cell fp8_e4m3_mul.$procmux$500_CMP0 ($eq).
Removed top 4 bits (of 5) from port B of cell fp8_e4m3_mul.$procmux$499_CMP0 ($eq).
Removed top 5 bits (of 6) from port B of cell fp8_e4m3_mul.$procmux$498_CMP0 ($eq).
Removed top 1 bits (of 7) from port Y of cell fp8_e4m3_mul.$add$../rtl/fp8_e4m3_mul.v:100$68 ($add).
Removed top 1 bits (of 7) from port A of cell fp8_e4m3_mul.$add$../rtl/fp8_e4m3_mul.v:100$68 ($add).
Removed top 1 bits (of 8) from mux cell fp8_e4m3_mul.$procmux$486 ($mux).
Removed top 1 bits (of 7) from port Y of cell fp8_e4m3_mul.$sub$../rtl/fp8_e4m3_mul.v:99$67 ($sub).
Removed top 1 bits (of 7) from wire fp8_e4m3_mul.$add$../rtl/fp8_e4m3_mul.v:100$68_Y.
Removed top 2 bits (of 7) from wire fp8_e4m3_mul.$add$../rtl/fp8_e4m3_mul.v:98$66_Y.
Removed top 1 bits (of 7) from wire fp8_e4m3_mul.$sub$../rtl/fp8_e4m3_mul.v:99$67_Y.
Removed top 1 bits (of 8) from wire fp8_e4m3_mul.P_sh.
Removed top 1 bits (of 5) from wire fp8_e4m3_mul.ae_b.
Removed top 1 bits (of 3) from wire fp8_e4m3_mul.f3_sub_raw.
Removed top 2 bits (of 5) from port A of cell horus_e3m6_core.$add$../rtl/horus_e3m6_core.v:69$108 ($add).
Removed top 2 bits (of 5) from port B of cell horus_e3m6_core.$add$../rtl/horus_e3m6_core.v:69$108 ($add).
Removed top 1 bits (of 5) from port Y of cell horus_e3m6_core.$add$../rtl/horus_e3m6_core.v:69$108 ($add).
Removed top 1 bits (of 5) from port A of cell horus_e3m6_core.$add$../rtl/horus_e3m6_core.v:69$109 ($add).
Removed top 4 bits (of 5) from port B of cell horus_e3m6_core.$add$../rtl/horus_e3m6_core.v:69$109 ($add).
Removed top 1 bits (of 5) from port B of cell horus_e3m6_core.$gt$../rtl/horus_e3m6_core.v:72$110 ($gt).
Removed top 2 bits (of 5) from port B of cell horus_e3m6_core.$le$../rtl/horus_e3m6_core.v:86$114 ($le).
Removed top 2 bits (of 5) from port B of cell horus_e3m6_core.$gt$../rtl/horus_e3m6_core.v:87$119 ($gt).
Removed top 2 bits (of 5) from port A of cell horus_e3m6_core.$sub$../rtl/horus_e3m6_core.v:93$122 ($sub).
Removed top 3 bits (of 5) from port B of cell horus_e3m6_core.$procmux$450_CMP0 ($eq).
Removed top 4 bits (of 5) from port B of cell horus_e3m6_core.$procmux$451_CMP0 ($eq).
Removed top 1 bits (of 5) from wire horus_e3m6_core.$add$../rtl/horus_e3m6_core.v:69$108_Y.
Removed top 2 bits (of 3) from port B of cell horus_tile.$add$../rtl/horus_tile.v:179$11 ($add).
Removed top 1 bits (of 6) from port B of cell horus_tile.$add$../rtl/horus_tile.v:104$27 ($add).
Removed top 3 bits (of 6) from port A of cell horus_tile.$add$../rtl/horus_tile.v:133$39 ($add).
Removed top 1 bits (of 6) from port B of cell horus_tile.$add$../rtl/horus_tile.v:133$39 ($add).
Removed top 1 bits (of 13) from mux cell horus_tile.$procmux$511 ($mux).
Removed top 1 bits (of 13) from mux cell horus_tile.$procmux$505 ($mux).
Removed top 1 bits (of 3) from port B of cell horus_tile.$procmux$549_CMP0 ($eq).
Removed top 2 bits (of 3) from port B of cell horus_tile.$procmux$568_CMP0 ($eq).
Removed top 1 bits (of 3) from port B of cell horus_tile.$procmux$558_CMP0 ($eq).

5.8. Executing PEEPOPT pass (run peephole optimizers).

5.9. Executing OPT_CLEAN pass (remove unused cells and wires).
Finding unused cells or wires in module $paramod\horus_norm_v2\E_TARGET=6'100000..
Finding unused cells or wires in module \fp8_e4m3_mul..
Finding unused cells or wires in module \horus_e3m6_core..
Finding unused cells or wires in module \horus_tile..
Removed 0 unused cells and 7 unused wires.
<suppressed ~2 debug messages>

5.10. Executing TECHMAP pass (map to technology primitives).

5.10.1. Executing Verilog-2005 frontend: /usr/bin/../share/yosys/cmp2lut.v
Parsing Verilog input from `/usr/bin/../share/yosys/cmp2lut.v' to AST representation.
Generating RTLIL representation for module `\_90_lut_cmp_'.
Successfully finished Verilog frontend.

5.10.2. Continuing TECHMAP pass.
No more expansions possible.
<suppressed ~368 debug messages>

5.11. Executing ALUMACC pass (create $alu and $macc cells).
Extracting $alu and $macc cells in module $paramod\horus_norm_v2\E_TARGET=6'100000:
  creating $macc model for $add$../rtl/horus_norm_v2.v:114$272 ($add).
  creating $macc model for $add$../rtl/horus_norm_v2.v:115$273 ($add).
  creating $macc model for $add$../rtl/horus_norm_v2.v:116$274 ($add).
  creating $macc model for $add$../rtl/horus_norm_v2.v:117$275 ($add).
  creating $macc model for $add$../rtl/horus_norm_v2.v:118$276 ($add).
  creating $macc model for $add$../rtl/horus_norm_v2.v:119$277 ($add).
  creating $macc model for $add$../rtl/horus_norm_v2.v:120$278 ($add).
  creating $macc model for $add$../rtl/horus_norm_v2.v:121$279 ($add).
  creating $macc model for $sub$../rtl/horus_norm_v2.v:107$269 ($sub).
  creating $alu model for $macc $sub$../rtl/horus_norm_v2.v:107$269.
  creating $alu model for $macc $add$../rtl/horus_norm_v2.v:121$279.
  creating $alu model for $macc $add$../rtl/horus_norm_v2.v:120$278.
  creating $alu model for $macc $add$../rtl/horus_norm_v2.v:119$277.
  creating $alu model for $macc $add$../rtl/horus_norm_v2.v:118$276.
  creating $alu model for $macc $add$../rtl/horus_norm_v2.v:117$275.
  creating $alu model for $macc $add$../rtl/horus_norm_v2.v:116$274.
  creating $alu model for $macc $add$../rtl/horus_norm_v2.v:115$273.
  creating $alu model for $macc $add$../rtl/horus_norm_v2.v:114$272.
  creating $alu model for $ge$../rtl/horus_norm_v2.v:100$266 ($ge): new $alu
  creating $alu model for $ge$../rtl/horus_norm_v2.v:92$254 ($ge): new $alu
  creating $alu model for $ge$../rtl/horus_norm_v2.v:93$256 ($ge): new $alu
  creating $alu model for $ge$../rtl/horus_norm_v2.v:94$258 ($ge): new $alu
  creating $alu model for $ge$../rtl/horus_norm_v2.v:95$260 ($ge): new $alu
  creating $alu model for $ge$../rtl/horus_norm_v2.v:97$262 ($ge): new $alu
  creating $alu model for $ge$../rtl/horus_norm_v2.v:98$264 ($ge): new $alu
  creating $alu cell for $ge$../rtl/horus_norm_v2.v:98$264: $auto$alumacc.cc:474:replace_alu$619
  creating $alu cell for $ge$../rtl/horus_norm_v2.v:97$262: $auto$alumacc.cc:474:replace_alu$628
  creating $alu cell for $ge$../rtl/horus_norm_v2.v:95$260: $auto$alumacc.cc:474:replace_alu$641
  creating $alu cell for $ge$../rtl/horus_norm_v2.v:94$258: $auto$alumacc.cc:474:replace_alu$650
  creating $alu cell for $ge$../rtl/horus_norm_v2.v:93$256: $auto$alumacc.cc:474:replace_alu$659
  creating $alu cell for $ge$../rtl/horus_norm_v2.v:92$254: $auto$alumacc.cc:474:replace_alu$668
  creating $alu cell for $ge$../rtl/horus_norm_v2.v:100$266: $auto$alumacc.cc:474:replace_alu$677
  creating $alu cell for $add$../rtl/horus_norm_v2.v:114$272: $auto$alumacc.cc:474:replace_alu$686
  creating $alu cell for $add$../rtl/horus_norm_v2.v:115$273: $auto$alumacc.cc:474:replace_alu$689
  creating $alu cell for $add$../rtl/horus_norm_v2.v:116$274: $auto$alumacc.cc:474:replace_alu$692
  creating $alu cell for $add$../rtl/horus_norm_v2.v:117$275: $auto$alumacc.cc:474:replace_alu$695
  creating $alu cell for $add$../rtl/horus_norm_v2.v:118$276: $auto$alumacc.cc:474:replace_alu$698
  creating $alu cell for $add$../rtl/horus_norm_v2.v:119$277: $auto$alumacc.cc:474:replace_alu$701
  creating $alu cell for $add$../rtl/horus_norm_v2.v:120$278: $auto$alumacc.cc:474:replace_alu$704
  creating $alu cell for $add$../rtl/horus_norm_v2.v:121$279: $auto$alumacc.cc:474:replace_alu$707
  creating $alu cell for $sub$../rtl/horus_norm_v2.v:107$269: $auto$alumacc.cc:474:replace_alu$710
  created 16 $alu and 0 $macc cells.
Extracting $alu and $macc cells in module fp8_e4m3_mul:
  creating $macc model for $add$../rtl/fp8_e4m3_mul.v:100$68 ($add).
  creating $macc model for $add$../rtl/fp8_e4m3_mul.v:113$77 ($add).
  creating $macc model for $add$../rtl/fp8_e4m3_mul.v:118$78 ($add).
  creating $macc model for $add$../rtl/fp8_e4m3_mul.v:136$97 ($add).
  creating $macc model for $add$../rtl/fp8_e4m3_mul.v:98$66 ($add).
  creating $macc model for $mul$../rtl/fp8_e4m3_mul.v:60$61 ($mul).
  creating $macc model for $sub$../rtl/fp8_e4m3_mul.v:100$69 ($sub).
  creating $macc model for $sub$../rtl/fp8_e4m3_mul.v:99$67 ($sub).
  merging $macc model for $add$../rtl/fp8_e4m3_mul.v:98$66 into $sub$../rtl/fp8_e4m3_mul.v:99$67.
  merging $macc model for $add$../rtl/fp8_e4m3_mul.v:100$68 into $sub$../rtl/fp8_e4m3_mul.v:100$69.
  merging $macc model for $sub$../rtl/fp8_e4m3_mul.v:99$67 into $sub$../rtl/fp8_e4m3_mul.v:100$69.
  merging $macc model for $sub$../rtl/fp8_e4m3_mul.v:100$69 into $add$../rtl/fp8_e4m3_mul.v:118$78.
  creating $alu model for $macc $add$../rtl/fp8_e4m3_mul.v:136$97.
  creating $alu model for $macc $add$../rtl/fp8_e4m3_mul.v:113$77.
  creating $macc cell for $add$../rtl/fp8_e4m3_mul.v:118$78: $auto$alumacc.cc:354:replace_macc$713
  creating $macc cell for $mul$../rtl/fp8_e4m3_mul.v:60$61: $auto$alumacc.cc:354:replace_macc$714
  creating $alu model for $gt$../rtl/fp8_e4m3_mul.v:123$81 ($gt): new $alu
  creating $alu model for $lt$../rtl/fp8_e4m3_mul.v:140$98 ($lt): new $alu
  creating $alu model for $eq$../rtl/fp8_e4m3_mul.v:124$82 ($eq): merged with $gt$../rtl/fp8_e4m3_mul.v:123$81.
  creating $alu cell for $lt$../rtl/fp8_e4m3_mul.v:140$98: $auto$alumacc.cc:474:replace_alu$717
  creating $alu cell for $gt$../rtl/fp8_e4m3_mul.v:123$81, $eq$../rtl/fp8_e4m3_mul.v:124$82: $auto$alumacc.cc:474:replace_alu$730
  creating $alu cell for $add$../rtl/fp8_e4m3_mul.v:113$77: $auto$alumacc.cc:474:replace_alu$739
  creating $alu cell for $add$../rtl/fp8_e4m3_mul.v:136$97: $auto$alumacc.cc:474:replace_alu$742
  created 4 $alu and 2 $macc cells.
Extracting $alu and $macc cells in module horus_e3m6_core:
  creating $macc model for $add$../rtl/horus_e3m6_core.v:69$108 ($add).
  creating $macc model for $add$../rtl/horus_e3m6_core.v:69$109 ($add).
  creating $macc model for $mul$../rtl/horus_e3m6_core.v:59$106 ($mul).
  creating $macc model for $sub$../rtl/horus_e3m6_core.v:101$123 ($sub).
  creating $macc model for $sub$../rtl/horus_e3m6_core.v:93$122 ($sub).
  merging $macc model for $add$../rtl/horus_e3m6_core.v:69$108 into $add$../rtl/horus_e3m6_core.v:69$109.
  creating $alu model for $macc $sub$../rtl/horus_e3m6_core.v:101$123.
  creating $alu model for $macc $add$../rtl/horus_e3m6_core.v:69$109.
  creating $alu model for $macc $sub$../rtl/horus_e3m6_core.v:93$122.
  creating $macc cell for $mul$../rtl/horus_e3m6_core.v:59$106: $auto$alumacc.cc:354:replace_macc$745
  creating $alu model for $gt$../rtl/horus_e3m6_core.v:72$110 ($gt): new $alu
  creating $alu model for $gt$../rtl/horus_e3m6_core.v:87$119 ($gt): new $alu
  creating $alu model for $le$../rtl/horus_e3m6_core.v:86$114 ($le): merged with $gt$../rtl/horus_e3m6_core.v:87$119.
  creating $alu cell for $gt$../rtl/horus_e3m6_core.v:87$119, $le$../rtl/horus_e3m6_core.v:86$114: $auto$alumacc.cc:474:replace_alu$748
  creating $alu cell for $gt$../rtl/horus_e3m6_core.v:72$110: $auto$alumacc.cc:474:replace_alu$761
  creating $alu cell for $sub$../rtl/horus_e3m6_core.v:93$122: $auto$alumacc.cc:474:replace_alu$766
  creating $alu cell for $add$../rtl/horus_e3m6_core.v:69$109: $auto$alumacc.cc:474:replace_alu$769
  creating $alu cell for $sub$../rtl/horus_e3m6_core.v:101$123: $auto$alumacc.cc:474:replace_alu$772
  created 5 $alu and 1 $macc cells.
Extracting $alu and $macc cells in module horus_tile:
  creating $macc model for $add$../rtl/horus_tile.v:104$27 ($add).
  creating $macc model for $add$../rtl/horus_tile.v:133$39 ($add).
  creating $macc model for $add$../rtl/horus_tile.v:179$11 ($add).
  creating $alu model for $macc $add$../rtl/horus_tile.v:179$11.
  creating $alu model for $macc $add$../rtl/horus_tile.v:133$39.
  creating $alu model for $macc $add$../rtl/horus_tile.v:104$27.
  creating $alu cell for $add$../rtl/horus_tile.v:104$27: $auto$alumacc.cc:474:replace_alu$775
  creating $alu cell for $add$../rtl/horus_tile.v:133$39: $auto$alumacc.cc:474:replace_alu$778
  creating $alu cell for $add$../rtl/horus_tile.v:179$11: $auto$alumacc.cc:474:replace_alu$781
  created 3 $alu and 0 $macc cells.

5.12. Executing SHARE pass (SAT-based resource sharing).

5.13. Executing OPT pass (performing simple optimizations).

5.13.1. Executing OPT_EXPR pass (perform const folding).
Optimizing module $paramod\horus_norm_v2\E_TARGET=6'100000.
Optimizing module fp8_e4m3_mul.
Optimizing module horus_e3m6_core.
<suppressed ~3 debug messages>
Optimizing module horus_tile.

5.13.2. Executing OPT_MERGE pass (detect identical cells).
Finding identical cells in module `$paramod\horus_norm_v2\E_TARGET=6'100000'.
Finding identical cells in module `\fp8_e4m3_mul'.
Finding identical cells in module `\horus_e3m6_core'.
Finding identical cells in module `\horus_tile'.
Removed a total of 0 cells.

5.13.3. Executing OPT_MUXTREE pass (detect dead branches in mux trees).
Running muxtree optimizer on module $paramod\horus_norm_v2\E_TARGET=6'100000..
  Creating internal representation of mux trees.
  Evaluating internal representation of mux trees.
  Analyzing evaluation results.
Running muxtree optimizer on module \fp8_e4m3_mul..
  Creating internal representation of mux trees.
  Evaluating internal representation of mux trees.
  Analyzing evaluation results.
Running muxtree optimizer on module \horus_e3m6_core..
  Creating internal representation of mux trees.
  Evaluating internal representation of mux trees.
  Analyzing evaluation results.
Running muxtree optimizer on module \horus_tile..
  Creating internal representation of mux trees.
  Evaluating internal representation of mux trees.
  Analyzing evaluation results.
Removed 0 multiplexer ports.
<suppressed ~42 debug messages>

5.13.4. Executing OPT_REDUCE pass (consolidate $*mux and $reduce_* inputs).
  Optimizing cells in module $paramod\horus_norm_v2\E_TARGET=6'100000.
    New input vector for $reduce_or cell $auto$alumacc.cc:509:replace_alu$626: { $auto$rtlil.cc:1832:Not$623 $auto$rtlil.cc:1835:ReduceAnd$625 }
    New input vector for $reduce_or cell $auto$alumacc.cc:509:replace_alu$639: { $auto$rtlil.cc:1832:Not$638 $auto$rtlil.cc:1835:ReduceAnd$632 }
    New input vector for $reduce_and cell $auto$alumacc.cc:64:get_eq$624: { $auto$alumacc.cc:490:replace_alu$620 [0] $auto$alumacc.cc:490:replace_alu$620 [1] $auto$alumacc.cc:490:replace_alu$620 [2] $auto$alumacc.cc:490:replace_alu$620 [3] $auto$alumacc.cc:490:replace_alu$620 [4] $auto$alumacc.cc:490:replace_alu$620 [5] }
    New input vector for $reduce_and cell $auto$alumacc.cc:64:get_eq$631: { $auto$alumacc.cc:490:replace_alu$629 [0] $auto$alumacc.cc:490:replace_alu$629 [1] $auto$alumacc.cc:490:replace_alu$629 [2] $auto$alumacc.cc:490:replace_alu$629 [3] $auto$alumacc.cc:490:replace_alu$629 [4] $auto$alumacc.cc:490:replace_alu$629 [5] }
    New input vector for $reduce_and cell $auto$alumacc.cc:64:get_eq$646: { $auto$alumacc.cc:490:replace_alu$642 [0] $auto$alumacc.cc:490:replace_alu$642 [1] $auto$alumacc.cc:490:replace_alu$642 [2] $auto$alumacc.cc:490:replace_alu$642 [3] $auto$alumacc.cc:490:replace_alu$642 [4] $auto$alumacc.cc:490:replace_alu$642 [5] }
    New input vector for $reduce_and cell $auto$alumacc.cc:64:get_eq$655: { $auto$alumacc.cc:490:replace_alu$651 [0] $auto$alumacc.cc:490:replace_alu$651 [1] $auto$alumacc.cc:490:replace_alu$651 [2] $auto$alumacc.cc:490:replace_alu$651 [3] $auto$alumacc.cc:490:replace_alu$651 [4] $auto$alumacc.cc:490:replace_alu$651 [5] }
    New input vector for $reduce_and cell $auto$alumacc.cc:64:get_eq$664: { $auto$alumacc.cc:490:replace_alu$660 [0] $auto$alumacc.cc:490:replace_alu$660 [1] $auto$alumacc.cc:490:replace_alu$660 [2] $auto$alumacc.cc:490:replace_alu$660 [3] $auto$alumacc.cc:490:replace_alu$660 [4] $auto$alumacc.cc:490:replace_alu$660 [5] }
    New input vector for $reduce_and cell $auto$alumacc.cc:64:get_eq$673: { $auto$alumacc.cc:490:replace_alu$669 [0] $auto$alumacc.cc:490:replace_alu$669 [1] $auto$alumacc.cc:490:replace_alu$669 [2] $auto$alumacc.cc:490:replace_alu$669 [3] $auto$alumacc.cc:490:replace_alu$669 [4] $auto$alumacc.cc:490:replace_alu$669 [5] }
    New input vector for $reduce_and cell $auto$alumacc.cc:64:get_eq$682: { $auto$alumacc.cc:490:replace_alu$678 [0] $auto$alumacc.cc:490:replace_alu$678 [1] $auto$alumacc.cc:490:replace_alu$678 [2] $auto$alumacc.cc:490:replace_alu$678 [3] $auto$alumacc.cc:490:replace_alu$678 [4] $auto$alumacc.cc:490:replace_alu$678 [5] }
  Optimizing cells in module $paramod\horus_norm_v2\E_TARGET=6'100000.
  Optimizing cells in module \fp8_e4m3_mul.
    New input vector for $reduce_and cell $auto$alumacc.cc:64:get_eq$737: { $auto$alumacc.cc:490:replace_alu$731 [0] $auto$alumacc.cc:490:replace_alu$731 [1] $auto$alumacc.cc:490:replace_alu$731 [2] $auto$alumacc.cc:490:replace_alu$731 [3] $auto$alumacc.cc:490:replace_alu$731 [4] $auto$alumacc.cc:490:replace_alu$731 [5] }
    New input vector for $reduce_and cell $auto$alumacc.cc:64:get_eq$720: { $auto$alumacc.cc:490:replace_alu$718 [0] $auto$alumacc.cc:490:replace_alu$718 [1] $auto$alumacc.cc:490:replace_alu$718 [2] $auto$alumacc.cc:490:replace_alu$718 [3] $auto$alumacc.cc:490:replace_alu$718 [4] $auto$alumacc.cc:490:replace_alu$718 [5] }
  Optimizing cells in module \fp8_e4m3_mul.
  Optimizing cells in module \horus_e3m6_core.
    New input vector for $reduce_or cell $auto$alumacc.cc:509:replace_alu$759: { $auto$rtlil.cc:1832:Not$758 $auto$rtlil.cc:1835:ReduceAnd$754 }
    New input vector for $reduce_and cell $auto$alumacc.cc:64:get_eq$753: { $auto$alumacc.cc:490:replace_alu$749 [0] $auto$alumacc.cc:490:replace_alu$749 [1] $auto$alumacc.cc:490:replace_alu$749 [2] $auto$alumacc.cc:490:replace_alu$749 [3] $auto$alumacc.cc:490:replace_alu$749 [4] }
  Optimizing cells in module \horus_e3m6_core.
  Optimizing cells in module \horus_tile.
Performed a total of 13 changes.

5.13.5. Executing OPT_MERGE pass (detect identical cells).
Finding identical cells in module `$paramod\horus_norm_v2\E_TARGET=6'100000'.
Finding identical cells in module `\fp8_e4m3_mul'.
Finding identical cells in module `\horus_e3m6_core'.
Finding identical cells in module `\horus_tile'.
Removed a total of 0 cells.

5.13.6. Executing OPT_RMDFF pass (remove dff with constant values).

5.13.7. Executing OPT_CLEAN pass (remove unused cells and wires).
Finding unused cells or wires in module $paramod\horus_norm_v2\E_TARGET=6'100000..
Finding unused cells or wires in module \fp8_e4m3_mul..
Finding unused cells or wires in module \horus_e3m6_core..
Finding unused cells or wires in module \horus_tile..
Removed 6 unused cells and 21 unused wires.
<suppressed ~12 debug messages>

5.13.8. Executing OPT_EXPR pass (perform const folding).
Optimizing module $paramod\horus_norm_v2\E_TARGET=6'100000.
Optimizing module fp8_e4m3_mul.
Optimizing module horus_e3m6_core.
Optimizing module horus_tile.

5.13.9. Rerunning OPT passes. (Maybe there is more to do..)

5.13.10. Executing OPT_MUXTREE pass (detect dead branches in mux trees).
Running muxtree optimizer on module $paramod\horus_norm_v2\E_TARGET=6'100000..
  Creating internal representation of mux trees.
  Evaluating internal representation of mux trees.
  Analyzing evaluation results.
Running muxtree optimizer on module \fp8_e4m3_mul..
  Creating internal representation of mux trees.
  Evaluating internal representation of mux trees.
  Analyzing evaluation results.
Running muxtree optimizer on module \horus_e3m6_core..
  Creating internal representation of mux trees.
  Evaluating internal representation of mux trees.
  Analyzing evaluation results.
Running muxtree optimizer on module \horus_tile..
  Creating internal representation of mux trees.
  Evaluating internal representation of mux trees.
  Analyzing evaluation results.
Removed 0 multiplexer ports.
<suppressed ~42 debug messages>

5.13.11. Executing OPT_REDUCE pass (consolidate $*mux and $reduce_* inputs).
  Optimizing cells in module $paramod\horus_norm_v2\E_TARGET=6'100000.
  Optimizing cells in module \fp8_e4m3_mul.
  Optimizing cells in module \horus_e3m6_core.
  Optimizing cells in module \horus_tile.
Performed a total of 0 changes.

5.13.12. Executing OPT_MERGE pass (detect identical cells).
Finding identical cells in module `$paramod\horus_norm_v2\E_TARGET=6'100000'.
Finding identical cells in module `\fp8_e4m3_mul'.
Finding identical cells in module `\horus_e3m6_core'.
Finding identical cells in module `\horus_tile'.
Removed a total of 0 cells.

5.13.13. Executing OPT_RMDFF pass (remove dff with constant values).

5.13.14. Executing OPT_CLEAN pass (remove unused cells and wires).
Finding unused cells or wires in module $paramod\horus_norm_v2\E_TARGET=6'100000..
Finding unused cells or wires in module \fp8_e4m3_mul..
Finding unused cells or wires in module \horus_e3m6_core..
Finding unused cells or wires in module \horus_tile..

5.13.15. Executing OPT_EXPR pass (perform const folding).
Optimizing module $paramod\horus_norm_v2\E_TARGET=6'100000.
Optimizing module fp8_e4m3_mul.
Optimizing module horus_e3m6_core.
Optimizing module horus_tile.

5.13.16. Finished OPT passes. (There is nothing left to do.)

5.14. Executing FSM pass (extract and optimize FSM).

5.14.1. Executing FSM_DETECT pass (finding FSMs in design).

5.14.2. Executing FSM_EXTRACT pass (extracting FSM from design).

5.14.3. Executing FSM_OPT pass (simple optimizations of FSMs).

5.14.4. Executing OPT_CLEAN pass (remove unused cells and wires).
Finding unused cells or wires in module $paramod\horus_norm_v2\E_TARGET=6'100000..
Finding unused cells or wires in module \fp8_e4m3_mul..
Finding unused cells or wires in module \horus_e3m6_core..
Finding unused cells or wires in module \horus_tile..

5.14.5. Executing FSM_OPT pass (simple optimizations of FSMs).

5.14.6. Executing FSM_RECODE pass (re-assigning FSM state encoding).

5.14.7. Executing FSM_INFO pass (dumping all available information on FSM cells).

5.14.8. Executing FSM_MAP pass (mapping FSMs to basic logic).

5.15. Executing OPT pass (performing simple optimizations).

5.15.1. Executing OPT_EXPR pass (perform const folding).
Optimizing module $paramod\horus_norm_v2\E_TARGET=6'100000.
Optimizing module fp8_e4m3_mul.
Optimizing module horus_e3m6_core.
Optimizing module horus_tile.

5.15.2. Executing OPT_MERGE pass (detect identical cells).
Finding identical cells in module `$paramod\horus_norm_v2\E_TARGET=6'100000'.
Finding identical cells in module `\fp8_e4m3_mul'.
Finding identical cells in module `\horus_e3m6_core'.
Finding identical cells in module `\horus_tile'.
Removed a total of 0 cells.

5.15.3. Executing OPT_RMDFF pass (remove dff with constant values).

5.15.4. Executing OPT_CLEAN pass (remove unused cells and wires).
Finding unused cells or wires in module $paramod\horus_norm_v2\E_TARGET=6'100000..
Finding unused cells or wires in module \fp8_e4m3_mul..
Finding unused cells or wires in module \horus_e3m6_core..
Finding unused cells or wires in module \horus_tile..

5.15.5. Finished fast OPT passes.

5.16. Executing MEMORY pass.

5.16.1. Executing MEMORY_DFF pass (merging $dff cells to $memrd and $memwr).

5.16.2. Executing OPT_CLEAN pass (remove unused cells and wires).
Finding unused cells or wires in module $paramod\horus_norm_v2\E_TARGET=6'100000..
Finding unused cells or wires in module \fp8_e4m3_mul..
Finding unused cells or wires in module \horus_e3m6_core..
Finding unused cells or wires in module \horus_tile..

5.16.3. Executing MEMORY_SHARE pass (consolidating $memrd/$memwr cells).

5.16.4. Executing OPT_CLEAN pass (remove unused cells and wires).
Finding unused cells or wires in module $paramod\horus_norm_v2\E_TARGET=6'100000..
Finding unused cells or wires in module \fp8_e4m3_mul..
Finding unused cells or wires in module \horus_e3m6_core..
Finding unused cells or wires in module \horus_tile..

5.16.5. Executing MEMORY_COLLECT pass (generating $mem cells).

5.17. Executing OPT_CLEAN pass (remove unused cells and wires).
Finding unused cells or wires in module $paramod\horus_norm_v2\E_TARGET=6'100000..
Finding unused cells or wires in module \fp8_e4m3_mul..
Finding unused cells or wires in module \horus_e3m6_core..
Finding unused cells or wires in module \horus_tile..

5.18. Executing OPT pass (performing simple optimizations).

5.18.1. Executing OPT_EXPR pass (perform const folding).
Optimizing module $paramod\horus_norm_v2\E_TARGET=6'100000.
<suppressed ~1 debug messages>
Optimizing module fp8_e4m3_mul.
Optimizing module horus_e3m6_core.
Optimizing module horus_tile.
<suppressed ~2 debug messages>

5.18.2. Executing OPT_MERGE pass (detect identical cells).
Finding identical cells in module `$paramod\horus_norm_v2\E_TARGET=6'100000'.
Finding identical cells in module `\fp8_e4m3_mul'.
Finding identical cells in module `\horus_e3m6_core'.
Finding identical cells in module `\horus_tile'.
Removed a total of 0 cells.

5.18.3. Executing OPT_RMDFF pass (remove dff with constant values).

5.18.4. Executing OPT_CLEAN pass (remove unused cells and wires).
Finding unused cells or wires in module $paramod\horus_norm_v2\E_TARGET=6'100000..
Finding unused cells or wires in module \fp8_e4m3_mul..
Finding unused cells or wires in module \horus_e3m6_core..
Finding unused cells or wires in module \horus_tile..
Removed 0 unused cells and 1 unused wires.
<suppressed ~1 debug messages>

5.18.5. Finished fast OPT passes.

5.19. Executing MEMORY_MAP pass (converting $mem cells to logic and flip-flops).

5.20. Executing OPT pass (performing simple optimizations).

5.20.1. Executing OPT_EXPR pass (perform const folding).
Optimizing module $paramod\horus_norm_v2\E_TARGET=6'100000.
Optimizing module fp8_e4m3_mul.
Optimizing module horus_e3m6_core.
Optimizing module horus_tile.

5.20.2. Executing OPT_MERGE pass (detect identical cells).
Finding identical cells in module `$paramod\horus_norm_v2\E_TARGET=6'100000'.
Finding identical cells in module `\fp8_e4m3_mul'.
Finding identical cells in module `\horus_e3m6_core'.
Finding identical cells in module `\horus_tile'.
Removed a total of 0 cells.

5.20.3. Executing OPT_MUXTREE pass (detect dead branches in mux trees).
Running muxtree optimizer on module $paramod\horus_norm_v2\E_TARGET=6'100000..
  Creating internal representation of mux trees.
  Evaluating internal representation of mux trees.
  Analyzing evaluation results.
Running muxtree optimizer on module \fp8_e4m3_mul..
  Creating internal representation of mux trees.
  Evaluating internal representation of mux trees.
  Analyzing evaluation results.
Running muxtree optimizer on module \horus_e3m6_core..
  Creating internal representation of mux trees.
  Evaluating internal representation of mux trees.
  Analyzing evaluation results.
Running muxtree optimizer on module \horus_tile..
  Creating internal representation of mux trees.
  Evaluating internal representation of mux trees.
  Analyzing evaluation results.
Removed 0 multiplexer ports.
<suppressed ~40 debug messages>

5.20.4. Executing OPT_REDUCE pass (consolidate $*mux and $reduce_* inputs).
  Optimizing cells in module $paramod\horus_norm_v2\E_TARGET=6'100000.
  Optimizing cells in module \fp8_e4m3_mul.
  Optimizing cells in module \horus_e3m6_core.
  Optimizing cells in module \horus_tile.
    Consolidated identical input bits for $mux cell $procmux$511:
      Old ports: A={ $add$../rtl/horus_tile.v:104$27_Y \e4m3_result [2:0] 3'000 }, B=12'000000000000, Y=\nfe_e4m3 [11:0]
      New ports: A={ $add$../rtl/horus_tile.v:104$27_Y \e4m3_result [2:0] }, B=9'000000000, Y=\nfe_e4m3 [11:3]
      New connections: \nfe_e4m3 [2:0] = 3'000
  Optimizing cells in module \horus_tile.
Performed a total of 1 changes.

5.20.5. Executing OPT_MERGE pass (detect identical cells).
Finding identical cells in module `$paramod\horus_norm_v2\E_TARGET=6'100000'.
Finding identical cells in module `\fp8_e4m3_mul'.
Finding identical cells in module `\horus_e3m6_core'.
Finding identical cells in module `\horus_tile'.
Removed a total of 0 cells.

5.20.6. Executing OPT_RMDFF pass (remove dff with constant values).

5.20.7. Executing OPT_CLEAN pass (remove unused cells and wires).
Finding unused cells or wires in module $paramod\horus_norm_v2\E_TARGET=6'100000..
Finding unused cells or wires in module \fp8_e4m3_mul..
Finding unused cells or wires in module \horus_e3m6_core..
Finding unused cells or wires in module \horus_tile..

5.20.8. Executing OPT_EXPR pass (perform const folding).
Optimizing module $paramod\horus_norm_v2\E_TARGET=6'100000.
Optimizing module fp8_e4m3_mul.
Optimizing module horus_e3m6_core.
Optimizing module horus_tile.

5.20.9. Rerunning OPT passes. (Maybe there is more to do..)

5.20.10. Executing OPT_MUXTREE pass (detect dead branches in mux trees).
Running muxtree optimizer on module $paramod\horus_norm_v2\E_TARGET=6'100000..
  Creating internal representation of mux trees.
  Evaluating internal representation of mux trees.
  Analyzing evaluation results.
Running muxtree optimizer on module \fp8_e4m3_mul..
  Creating internal representation of mux trees.
  Evaluating internal representation of mux trees.
  Analyzing evaluation results.
Running muxtree optimizer on module \horus_e3m6_core..
  Creating internal representation of mux trees.
  Evaluating internal representation of mux trees.
  Analyzing evaluation results.
Running muxtree optimizer on module \horus_tile..
  Creating internal representation of mux trees.
  Evaluating internal representation of mux trees.
  Analyzing evaluation results.
Removed 0 multiplexer ports.
<suppressed ~40 debug messages>

5.20.11. Executing OPT_REDUCE pass (consolidate $*mux and $reduce_* inputs).
  Optimizing cells in module $paramod\horus_norm_v2\E_TARGET=6'100000.
  Optimizing cells in module \fp8_e4m3_mul.
  Optimizing cells in module \horus_e3m6_core.
  Optimizing cells in module \horus_tile.
Performed a total of 0 changes.

5.20.12. Executing OPT_MERGE pass (detect identical cells).
Finding identical cells in module `$paramod\horus_norm_v2\E_TARGET=6'100000'.
Finding identical cells in module `\fp8_e4m3_mul'.
Finding identical cells in module `\horus_e3m6_core'.
Finding identical cells in module `\horus_tile'.
Removed a total of 0 cells.

5.20.13. Executing OPT_RMDFF pass (remove dff with constant values).

5.20.14. Executing OPT_CLEAN pass (remove unused cells and wires).
Finding unused cells or wires in module $paramod\horus_norm_v2\E_TARGET=6'100000..
Finding unused cells or wires in module \fp8_e4m3_mul..
Finding unused cells or wires in module \horus_e3m6_core..
Finding unused cells or wires in module \horus_tile..

5.20.15. Executing OPT_EXPR pass (perform const folding).
Optimizing module $paramod\horus_norm_v2\E_TARGET=6'100000.
Optimizing module fp8_e4m3_mul.
Optimizing module horus_e3m6_core.
Optimizing module horus_tile.

5.20.16. Finished OPT passes. (There is nothing left to do.)

5.21. Executing TECHMAP pass (map to technology primitives).

5.21.1. Executing Verilog-2005 frontend: <techmap.v>
Parsing Verilog input from `<techmap.v>' to AST representation.
Generating RTLIL representation for module `\_90_simplemap_bool_ops'.
Generating RTLIL representation for module `\_90_simplemap_reduce_ops'.
Generating RTLIL representation for module `\_90_simplemap_logic_ops'.
Generating RTLIL representation for module `\_90_simplemap_compare_ops'.
Generating RTLIL representation for module `\_90_simplemap_various'.
Generating RTLIL representation for module `\_90_simplemap_registers'.
Generating RTLIL representation for module `\_90_shift_ops_shr_shl_sshl_sshr'.
Generating RTLIL representation for module `\_90_shift_shiftx'.
Generating RTLIL representation for module `\_90_fa'.
Generating RTLIL representation for module `\_90_lcu'.
Generating RTLIL representation for module `\_90_alu'.
Generating RTLIL representation for module `\_90_macc'.
Generating RTLIL representation for module `\_90_alumacc'.
Generating RTLIL representation for module `\$__div_mod_u'.
Generating RTLIL representation for module `\$__div_mod'.
Generating RTLIL representation for module `\_90_div'.
Generating RTLIL representation for module `\_90_mod'.
Generating RTLIL representation for module `\_90_pow'.
Generating RTLIL representation for module `\_90_pmux'.
Generating RTLIL representation for module `\_90_lut'.
Successfully finished Verilog frontend.

5.21.2. Continuing TECHMAP pass.
Using extmapper simplemap for cells of type $mux.
Using extmapper simplemap for cells of type $eq.
Using extmapper simplemap for cells of type $logic_or.
Using extmapper simplemap for cells of type $logic_not.
Using extmapper simplemap for cells of type $reduce_and.
Using extmapper simplemap for cells of type $logic_and.
Using template $paramod\_90_alu\A_SIGNED=0\B_SIGNED=0\A_WIDTH=1\B_WIDTH=3\Y_WIDTH=3 for cells of type $alu.
Using template $paramod\_90_alu\A_SIGNED=0\B_SIGNED=0\A_WIDTH=3\B_WIDTH=5\Y_WIDTH=6 for cells of type $alu.
Using template $paramod\_90_alu\A_SIGNED=0\B_SIGNED=0\A_WIDTH=4\B_WIDTH=5\Y_WIDTH=6 for cells of type $alu.
Using extmapper simplemap for cells of type $and.
Using extmapper simplemap for cells of type $adff.
Using extmapper simplemap for cells of type $pos.
Using extmapper simplemap for cells of type $not.
Using template $paramod\_90_lcu\WIDTH=3 for cells of type $lcu.
Using extmapper simplemap for cells of type $xor.
Using template $paramod\_90_lcu\WIDTH=6 for cells of type $lcu.
Using extmapper simplemap for cells of type $or.
Using template $paramod\_90_alu\A_SIGNED=0\B_SIGNED=0\A_WIDTH=3\B_WIDTH=3\Y_WIDTH=5 for cells of type $alu.
Using template $paramod\_90_alu\A_SIGNED=0\B_SIGNED=0\A_WIDTH=3\B_WIDTH=3\Y_WIDTH=3 for cells of type $alu.
Using template $paramod\_90_alu\A_SIGNED=0\B_SIGNED=0\A_WIDTH=3\B_WIDTH=5\Y_WIDTH=5 for cells of type $alu.
Using template $paramod\_90_alu\A_SIGNED=0\B_SIGNED=0\A_WIDTH=4\B_WIDTH=5\Y_WIDTH=5 for cells of type $alu.
Using extmapper simplemap for cells of type $reduce_or.
Using extmapper maccmap for cells of type $macc.
  add { 1'1 \a [5:0] } * { 1'1 \b [5:0] } (7x7 bits, unsigned)
Using template $paramod\_90_pmux\WIDTH=6\S_WIDTH=2 for cells of type $pmux.
Using template $paramod\_90_fa\WIDTH=14 for cells of type $fa.
Using template $paramod\_90_alu\A_SIGNED=0\B_SIGNED=0\A_WIDTH=14\B_WIDTH=14\Y_WIDTH=14 for cells of type $alu.
Using template $paramod\_90_lcu\WIDTH=5 for cells of type $lcu.
Using template $paramod\_90_lcu\WIDTH=14 for cells of type $lcu.
  add \ae_a [3:0] (4 bits, unsigned)
  sub \norm_shift (3 bits, unsigned)
  add \ae_b (4 bits, unsigned)
  add 6'111001 (6 bits, unsigned)
  add bits { \P [7] \man_rounded [3] } (2 bits)
  packed 1 (1) bits / 1 words into adder tree
Using template $paramod\_90_alu\A_SIGNED=1\B_SIGNED=1\A_WIDTH=1\B_WIDTH=6\Y_WIDTH=6 for cells of type $alu.
  add { \m_a [3] \a [2:0] } * { \m_b [3] \b [2:0] } (4x4 bits, unsigned)
Using template $paramod\_90_pmux\WIDTH=3\S_WIDTH=7 for cells of type $pmux.
Using template $paramod$constmap:909755cb8bbae6a665dfe4eb62d8838805b8718c$paramod$d1a1b311100e9e3f36fff96d9652b5cb84686965\_90_shift_ops_shr_shl_sshl_sshr for cells of type $shl.
Using template $paramod\_90_alu\A_SIGNED=0\B_SIGNED=0\A_WIDTH=1\B_WIDTH=3\Y_WIDTH=4 for cells of type $alu.
Using template $paramod\_90_alu\A_SIGNED=1\B_SIGNED=1\A_WIDTH=5\B_WIDTH=6\Y_WIDTH=6 for cells of type $alu.
Using template $paramod\_90_fa\WIDTH=8 for cells of type $fa.
Using template $paramod\_90_alu\A_SIGNED=0\B_SIGNED=0\A_WIDTH=8\B_WIDTH=8\Y_WIDTH=8 for cells of type $alu.
Using template $paramod\_90_fa\WIDTH=6 for cells of type $fa.
Using template $paramod\_90_alu\A_SIGNED=0\B_SIGNED=0\A_WIDTH=6\B_WIDTH=6\Y_WIDTH=6 for cells of type $alu.
Using template $paramod\_90_lcu\WIDTH=4 for cells of type $lcu.
Using template $paramod\_90_lcu\WIDTH=8 for cells of type $lcu.
Using template $paramod\_90_alu\A_SIGNED=0\B_SIGNED=0\A_WIDTH=6\B_WIDTH=6\Y_WIDTH=7 for cells of type $alu.
Using template $paramod\_90_alu\A_SIGNED=1\B_SIGNED=1\A_WIDTH=7\B_WIDTH=7\Y_WIDTH=8 for cells of type $alu.
Using extmapper simplemap for cells of type $dff.
Using template $paramod\_90_lcu\WIDTH=7 for cells of type $lcu.
No more expansions possible.
<suppressed ~2333 debug messages>

5.22. Executing OPT pass (performing simple optimizations).

5.22.1. Executing OPT_EXPR pass (perform const folding).
Optimizing module $paramod\horus_norm_v2\E_TARGET=6'100000.
<suppressed ~281 debug messages>
Optimizing module fp8_e4m3_mul.
<suppressed ~309 debug messages>
Optimizing module horus_e3m6_core.
<suppressed ~418 debug messages>
Optimizing module horus_tile.
<suppressed ~223 debug messages>

5.22.2. Executing OPT_MERGE pass (detect identical cells).
Finding identical cells in module `$paramod\horus_norm_v2\E_TARGET=6'100000'.
<suppressed ~114 debug messages>
Finding identical cells in module `\fp8_e4m3_mul'.
<suppressed ~78 debug messages>
Finding identical cells in module `\horus_e3m6_core'.
<suppressed ~48 debug messages>
Finding identical cells in module `\horus_tile'.
<suppressed ~60 debug messages>
Removed a total of 100 cells.

5.22.3. Executing OPT_RMDFF pass (remove dff with constant values).

5.22.4. Executing OPT_CLEAN pass (remove unused cells and wires).
Finding unused cells or wires in module $paramod\horus_norm_v2\E_TARGET=6'100000..
Finding unused cells or wires in module \fp8_e4m3_mul..
Finding unused cells or wires in module \horus_e3m6_core..
Finding unused cells or wires in module \horus_tile..
Removed 209 unused cells and 1211 unused wires.
<suppressed ~213 debug messages>

5.22.5. Finished fast OPT passes.

5.23. Executing ABC pass (technology mapping using ABC).

5.23.1. Extracting gate netlist of module `$paramod\horus_norm_v2\E_TARGET=6'100000' to `<abc-temp-dir>/input.blif'..
Extracted 928 gates and 1044 wires to a netlist network with 114 inputs and 111 outputs.

5.23.1.1. Executing ABC.
Running ABC command: berkeley-abc -s -f <abc-temp-dir>/abc.script 2>&1
ABC: ABC command line: "source <abc-temp-dir>/abc.script".
ABC: 
ABC: + read_blif <abc-temp-dir>/input.blif 
ABC: + read_library <abc-temp-dir>/stdcells.genlib 
ABC: Entered genlib library with 17 gates from file "<abc-temp-dir>/stdcells.genlib".
ABC: + strash 
ABC: + dretime 
ABC: + retime 
ABC: + map 
ABC: + write_blif <abc-temp-dir>/output.blif 

5.23.1.2. Re-integrating ABC results.
ABC RESULTS:               AND cells:       23
ABC RESULTS:            ANDNOT cells:      166
ABC RESULTS:              AOI3 cells:       22
ABC RESULTS:              AOI4 cells:        6
ABC RESULTS:               MUX cells:       59
ABC RESULTS:              NAND cells:        2
ABC RESULTS:               NOR cells:       10
ABC RESULTS:               NOT cells:       62
ABC RESULTS:              OAI3 cells:      151
ABC RESULTS:                OR cells:       65
ABC RESULTS:             ORNOT cells:       34
ABC RESULTS:              XNOR cells:       30
ABC RESULTS:               XOR cells:      128
ABC RESULTS:        internal signals:      819
ABC RESULTS:           input signals:      114
ABC RESULTS:          output signals:      111
Removing temp directory.

5.23.2. Extracting gate netlist of module `\fp8_e4m3_mul' to `<abc-temp-dir>/input.blif'..
Extracted 376 gates and 394 wires to a netlist network with 16 inputs and 8 outputs.

5.23.2.1. Executing ABC.
Running ABC command: berkeley-abc -s -f <abc-temp-dir>/abc.script 2>&1
ABC: ABC command line: "source <abc-temp-dir>/abc.script".
ABC: 
ABC: + read_blif <abc-temp-dir>/input.blif 
ABC: + read_library <abc-temp-dir>/stdcells.genlib 
ABC: Entered genlib library with 17 gates from file "<abc-temp-dir>/stdcells.genlib".
ABC: + strash 
ABC: + dretime 
ABC: + retime 
ABC: + map 
ABC: + write_blif <abc-temp-dir>/output.blif 

5.23.2.2. Re-integrating ABC results.
ABC RESULTS:               AND cells:       16
ABC RESULTS:            ANDNOT cells:       40
ABC RESULTS:              AOI3 cells:       16
ABC RESULTS:              AOI4 cells:        1
ABC RESULTS:               MUX cells:       24
ABC RESULTS:              NAND cells:       13
ABC RESULTS:               NOR cells:       15
ABC RESULTS:               NOT cells:       12
ABC RESULTS:              OAI3 cells:       17
ABC RESULTS:                OR cells:       57
ABC RESULTS:             ORNOT cells:       22
ABC RESULTS:              XNOR cells:       23
ABC RESULTS:               XOR cells:       32
ABC RESULTS:        internal signals:      370
ABC RESULTS:           input signals:       16
ABC RESULTS:          output signals:        8
Removing temp directory.

5.23.3. Extracting gate netlist of module `\horus_e3m6_core' to `<abc-temp-dir>/input.blif'..
Extracted 373 gates and 395 wires to a netlist network with 20 inputs and 10 outputs.

5.23.3.1. Executing ABC.
Running ABC command: berkeley-abc -s -f <abc-temp-dir>/abc.script 2>&1
ABC: ABC command line: "source <abc-temp-dir>/abc.script".
ABC: 
ABC: + read_blif <abc-temp-dir>/input.blif 
ABC: + read_library <abc-temp-dir>/stdcells.genlib 
ABC: Entered genlib library with 17 gates from file "<abc-temp-dir>/stdcells.genlib".
ABC: + strash 
ABC: + dretime 
ABC: + retime 
ABC: + map 
ABC: + write_blif <abc-temp-dir>/output.blif 

5.23.3.2. Re-integrating ABC results.
ABC RESULTS:               AND cells:       44
ABC RESULTS:            ANDNOT cells:       39
ABC RESULTS:              AOI3 cells:       31
ABC RESULTS:              AOI4 cells:        4
ABC RESULTS:               MUX cells:       13
ABC RESULTS:              NAND cells:       11
ABC RESULTS:               NOR cells:        8
ABC RESULTS:               NOT cells:       18
ABC RESULTS:              OAI3 cells:       12
ABC RESULTS:              OAI4 cells:        1
ABC RESULTS:                OR cells:       33
ABC RESULTS:             ORNOT cells:        4
ABC RESULTS:              XNOR cells:       39
ABC RESULTS:               XOR cells:       48
ABC RESULTS:        internal signals:      365
ABC RESULTS:           input signals:       20
ABC RESULTS:          output signals:       10
Removing temp directory.

5.23.4. Extracting gate netlist of module `\horus_tile' to `<abc-temp-dir>/input.blif'..
Extracted 291 gates and 420 wires to a netlist network with 127 inputs and 108 outputs.

5.23.4.1. Executing ABC.
Running ABC command: berkeley-abc -s -f <abc-temp-dir>/abc.script 2>&1
ABC: ABC command line: "source <abc-temp-dir>/abc.script".
ABC: 
ABC: + read_blif <abc-temp-dir>/input.blif 
ABC: + read_library <abc-temp-dir>/stdcells.genlib 
ABC: Entered genlib library with 17 gates from file "<abc-temp-dir>/stdcells.genlib".
ABC: + strash 
ABC: + dretime 
ABC: + retime 
ABC: + map 
ABC: + write_blif <abc-temp-dir>/output.blif 

5.23.4.2. Re-integrating ABC results.
ABC RESULTS:               AND cells:        1
ABC RESULTS:            ANDNOT cells:       19
ABC RESULTS:              AOI3 cells:        1
ABC RESULTS:              AOI4 cells:        1
ABC RESULTS:               MUX cells:      217
ABC RESULTS:              NAND cells:        7
ABC RESULTS:               NOR cells:        3
ABC RESULTS:               NOT cells:        3
ABC RESULTS:              OAI3 cells:        4
ABC RESULTS:                OR cells:       14
ABC RESULTS:             ORNOT cells:        6
ABC RESULTS:               XOR cells:        5
ABC RESULTS:        internal signals:      185
ABC RESULTS:           input signals:      127
ABC RESULTS:          output signals:      108
Removing temp directory.

5.24. Executing OPT pass (performing simple optimizations).

5.24.1. Executing OPT_EXPR pass (perform const folding).
Optimizing module $paramod\horus_norm_v2\E_TARGET=6'100000.
Optimizing module fp8_e4m3_mul.
Optimizing module horus_e3m6_core.
Optimizing module horus_tile.
<suppressed ~112 debug messages>

5.24.2. Executing OPT_MERGE pass (detect identical cells).
Finding identical cells in module `$paramod\horus_norm_v2\E_TARGET=6'100000'.
<suppressed ~3 debug messages>
Finding identical cells in module `\fp8_e4m3_mul'.
<suppressed ~6 debug messages>
Finding identical cells in module `\horus_e3m6_core'.
Finding identical cells in module `\horus_tile'.
Removed a total of 3 cells.

5.24.3. Executing OPT_RMDFF pass (remove dff with constant values).

5.24.4. Executing OPT_CLEAN pass (remove unused cells and wires).
Finding unused cells or wires in module $paramod\horus_norm_v2\E_TARGET=6'100000..
Finding unused cells or wires in module \fp8_e4m3_mul..
Finding unused cells or wires in module \horus_e3m6_core..
Finding unused cells or wires in module \horus_tile..
Removed 1 unused cells and 1132 unused wires.
<suppressed ~64 debug messages>

5.24.5. Finished fast OPT passes.

5.25. Executing HIERARCHY pass (managing design hierarchy).

5.25.1. Analyzing design hierarchy..
Top module:  \horus_tile
Used module:     \horus_e3m6_core
Used module:     \fp8_e4m3_mul
Used module:     $paramod\horus_norm_v2\E_TARGET=6'100000

5.25.2. Analyzing design hierarchy..
Top module:  \horus_tile
Used module:     \horus_e3m6_core
Used module:     \fp8_e4m3_mul
Used module:     $paramod\horus_norm_v2\E_TARGET=6'100000
Removed 0 unused modules.

5.26. Printing statistics.

=== $paramod\horus_norm_v2\E_TARGET=6'100000 ===

   Number of wires:                695
   Number of wire bits:           1135
   Number of public wires:          39
   Number of public wire bits:     378
   Number of memories:               0
   Number of memory bits:            0
   Number of processes:              0
   Number of cells:                868
     $_ANDNOT_                     166
     $_AND_                         23
     $_AOI3_                        22
     $_AOI4_                         6
     $_DFF_P_                      111
     $_MUX_                         59
     $_NAND_                         2
     $_NOR_                         10
     $_NOT_                         62
     $_OAI3_                       150
     $_ORNOT_                       34
     $_OR_                          65
     $_XNOR_                        30
     $_XOR_                        128

=== fp8_e4m3_mul ===

   Number of wires:                290
   Number of wire bits:            331
   Number of public wires:          12
   Number of public wire bits:      53
   Number of memories:               0
   Number of memory bits:            0
   Number of processes:              0
   Number of cells:                286
     $_ANDNOT_                      40
     $_AND_                         16
     $_AOI3_                        15
     $_AOI4_                         1
     $_MUX_                         24
     $_NAND_                        13
     $_NOR_                         15
     $_NOT_                         12
     $_OAI3_                        17
     $_ORNOT_                       21
     $_OR_                          57
     $_XNOR_                        23
     $_XOR_                         32

=== horus_e3m6_core ===

   Number of wires:                311
   Number of wire bits:            381
   Number of public wires:          16
   Number of public wire bits:      86
   Number of memories:               0
   Number of memory bits:            0
   Number of processes:              0
   Number of cells:                305
     $_ANDNOT_                      39
     $_AND_                         44
     $_AOI3_                        31
     $_AOI4_                         4
     $_MUX_                         13
     $_NAND_                        11
     $_NOR_                          8
     $_NOT_                         18
     $_OAI3_                        12
     $_OAI4_                         1
     $_ORNOT_                        4
     $_OR_                          33
     $_XNOR_                        39
     $_XOR_                         48

=== horus_tile ===

   Number of wires:                213
   Number of wire bits:            568
   Number of public wires:          31
   Number of public wire bits:     288
   Number of memories:               0
   Number of memory bits:            0
   Number of processes:              0
   Number of cells:                392
     $_ANDNOT_                      19
     $_AND_                          1
     $_AOI3_                         1
     $_AOI4_                         1
     $_DFF_PN0_                    109
     $_MUX_                        217
     $_NAND_                         7
     $_NOR_                          3
     $_NOT_                          2
     $_OAI3_                         4
     $_ORNOT_                        6
     $_OR_                          14
     $_XOR_                          5
     $paramod\horus_norm_v2\E_TARGET=6'100000      1
     fp8_e4m3_mul                    1
     horus_e3m6_core                 1

=== design hierarchy ===

   horus_tile                        1
     $paramod\horus_norm_v2\E_TARGET=6'100000      1
     fp8_e4m3_mul                    1
     horus_e3m6_core                 1

   Number of wires:               1509
   Number of wire bits:           2415
   Number of public wires:          98
   Number of public wire bits:     805
   Number of memories:               0
   Number of memory bits:            0
   Number of processes:              0
   Number of cells:               1848
     $_ANDNOT_                     264
     $_AND_                         84
     $_AOI3_                        69
     $_AOI4_                        12
     $_DFF_PN0_                    109
     $_DFF_P_                      111
     $_MUX_                        313
     $_NAND_                        33
     $_NOR_                         36
     $_NOT_                         94
     $_OAI3_                       183
     $_OAI4_                         1
     $_ORNOT_                       65
     $_OR_                         169
     $_XNOR_                        92
     $_XOR_                        213

5.27. Executing CHECK pass (checking for obvious problems).
checking module $paramod\horus_norm_v2\E_TARGET=6'100000..
checking module fp8_e4m3_mul..
checking module horus_e3m6_core..
checking module horus_tile..
found and reported 0 problems.

6. Executing DFFLIBMAP pass (mapping DFF cells to sequential cells from liberty file).
ERROR: Can't open liberty file `${LIBERTY}': No such file or directory
