
-- Executing script file `synth_bf16_mul.ys' --

1. Executing Verilog-2005 frontend: ../rtl/bf16_mul.v
Parsing Verilog input from `../rtl/bf16_mul.v' to AST representation.
Generating RTLIL representation for module `\bf16_mul'.
Successfully finished Verilog frontend.

2. Executing SYNTH pass.

2.1. Executing HIERARCHY pass (managing design hierarchy).

2.1.1. Analyzing design hierarchy..
Top module:  \bf16_mul

2.1.2. Analyzing design hierarchy..
Top module:  \bf16_mul
Removed 0 unused modules.

2.2. Executing PROC pass (convert processes to netlists).

2.2.1. Executing PROC_CLEAN pass (remove empty switches from decision trees).
Cleaned up 0 empty switches.

2.2.2. Executing PROC_RMDEAD pass (remove dead branches from decision trees).
Marked 3 switch rules as full_case in process $proc$../rtl/bf16_mul.v:104$57 in module bf16_mul.
Removed a total of 0 dead cases.

2.2.3. Executing PROC_INIT pass (extract init attributes).

2.2.4. Executing PROC_ARST pass (detect async resets in processes).

2.2.5. Executing PROC_MUX pass (convert decision trees to multiplexers).
Creating decoders for process `\bf16_mul.$proc$../rtl/bf16_mul.v:104$57'.
     1/4: $3\result[15:0]
     2/4: $2\result[15:0]
     3/4: $1\result[15:0]
     4/4: $0\result[15:0]

2.2.6. Executing PROC_DLATCH pass (convert process syncs to latches).
No latch inferred for signal `\bf16_mul.\result' from process `\bf16_mul.$proc$../rtl/bf16_mul.v:104$57'.

2.2.7. Executing PROC_DFF pass (convert process syncs to FFs).

2.2.8. Executing PROC_CLEAN pass (remove empty switches from decision trees).
Found and cleaned up 3 empty switches in `\bf16_mul.$proc$../rtl/bf16_mul.v:104$57'.
Removing empty process `bf16_mul.$proc$../rtl/bf16_mul.v:104$57'.
Cleaned up 3 empty switches.

2.3. Executing OPT_EXPR pass (perform const folding).
Optimizing module bf16_mul.
<suppressed ~8 debug messages>

2.4. Executing OPT_CLEAN pass (remove unused cells and wires).
Finding unused cells or wires in module \bf16_mul..
Removed 0 unused cells and 37 unused wires.
<suppressed ~1 debug messages>

2.5. Executing CHECK pass (checking for obvious problems).
checking module bf16_mul..
found and reported 0 problems.

2.6. Executing OPT pass (performing simple optimizations).

2.6.1. Executing OPT_EXPR pass (perform const folding).
Optimizing module bf16_mul.

2.6.2. Executing OPT_MERGE pass (detect identical cells).
Finding identical cells in module `\bf16_mul'.
<suppressed ~15 debug messages>
Removed a total of 5 cells.

2.6.3. Executing OPT_MUXTREE pass (detect dead branches in mux trees).
Running muxtree optimizer on module \bf16_mul..
  Creating internal representation of mux trees.
  Evaluating internal representation of mux trees.
  Analyzing evaluation results.
    dead port 1/2 on $mux $procmux$63.
    dead port 1/2 on $mux $procmux$66.
    dead port 1/2 on $mux $procmux$72.
Removed 3 multiplexer ports.
<suppressed ~6 debug messages>

2.6.4. Executing OPT_REDUCE pass (consolidate $*mux and $reduce_* inputs).
  Optimizing cells in module \bf16_mul.
    New input vector for $reduce_or cell $reduce_or$../rtl/bf16_mul.v:85$37: { \P [0] \P [1] \P [2] \P [3] \P [4] \P [5] }
    New input vector for $reduce_or cell $reduce_or$../rtl/bf16_mul.v:85$36: { \P [0] \P [1] \P [2] \P [3] \P [4] \P [5] \P [6] }
  Optimizing cells in module \bf16_mul.
Performed a total of 2 changes.

2.6.5. Executing OPT_MERGE pass (detect identical cells).
Finding identical cells in module `\bf16_mul'.
Removed a total of 0 cells.

2.6.6. Executing OPT_RMDFF pass (remove dff with constant values).

2.6.7. Executing OPT_CLEAN pass (remove unused cells and wires).
Finding unused cells or wires in module \bf16_mul..
Removed 0 unused cells and 8 unused wires.
<suppressed ~1 debug messages>

2.6.8. Executing OPT_EXPR pass (perform const folding).
Optimizing module bf16_mul.

2.6.9. Rerunning OPT passes. (Maybe there is more to do..)

2.6.10. Executing OPT_MUXTREE pass (detect dead branches in mux trees).
Running muxtree optimizer on module \bf16_mul..
  Creating internal representation of mux trees.
  Evaluating internal representation of mux trees.
  Analyzing evaluation results.
Removed 0 multiplexer ports.
<suppressed ~6 debug messages>

2.6.11. Executing OPT_REDUCE pass (consolidate $*mux and $reduce_* inputs).
  Optimizing cells in module \bf16_mul.
Performed a total of 0 changes.

2.6.12. Executing OPT_MERGE pass (detect identical cells).
Finding identical cells in module `\bf16_mul'.
Removed a total of 0 cells.

2.6.13. Executing OPT_RMDFF pass (remove dff with constant values).

2.6.14. Executing OPT_CLEAN pass (remove unused cells and wires).
Finding unused cells or wires in module \bf16_mul..

2.6.15. Executing OPT_EXPR pass (perform const folding).
Optimizing module bf16_mul.

2.6.16. Finished OPT passes. (There is nothing left to do.)

2.7. Executing WREDUCE pass (reducing word size of cells).
Removed top 1 bits (of 9) from mux cell bf16_mul.$ternary$../rtl/bf16_mul.v:71$29 ($mux).
Removed top 1 bits (of 9) from mux cell bf16_mul.$ternary$../rtl/bf16_mul.v:72$30 ($mux).
Removed top 2 bits (of 10) from port A of cell bf16_mul.$add$../rtl/bf16_mul.v:77$31 ($add).
Removed top 2 bits (of 10) from port B of cell bf16_mul.$add$../rtl/bf16_mul.v:77$31 ($add).
Removed top 1 bits (of 10) from port Y of cell bf16_mul.$add$../rtl/bf16_mul.v:77$31 ($add).
Removed top 1 bits (of 10) from port A of cell bf16_mul.$sub$../rtl/bf16_mul.v:77$32 ($sub).
Removed top 3 bits (of 10) from port B of cell bf16_mul.$sub$../rtl/bf16_mul.v:77$32 ($sub).
Removed top 9 bits (of 10) from port B of cell bf16_mul.$add$../rtl/bf16_mul.v:77$33 ($add).
Removed top 1 bits (of 8) from port A of cell bf16_mul.$add$../rtl/bf16_mul.v:88$41 ($add).
Removed top 7 bits (of 8) from port B of cell bf16_mul.$add$../rtl/bf16_mul.v:88$41 ($add).
Removed top 9 bits (of 10) from port B of cell bf16_mul.$add$../rtl/bf16_mul.v:92$42 ($add).
Removed top 1 bits (of 10) from port B of cell bf16_mul.$ge$../rtl/bf16_mul.v:99$54 ($ge).
Removed top 9 bits (of 10) from port B of cell bf16_mul.$le$../rtl/bf16_mul.v:101$55 ($le).
Removed top 1 bits (of 16) from mux cell bf16_mul.$procmux$60 ($mux).
Removed top 1 bits (of 16) from mux cell bf16_mul.$procmux$69 ($mux).
Removed top 1 bits (of 16) from mux cell bf16_mul.$procmux$75 ($mux).
Removed top 1 bits (of 10) from wire bf16_mul.$add$../rtl/bf16_mul.v:77$31_Y.
Removed top 1 bits (of 9) from wire bf16_mul.ae_a.
Removed top 1 bits (of 9) from wire bf16_mul.ae_b.

2.8. Executing PEEPOPT pass (run peephole optimizers).

2.9. Executing OPT_CLEAN pass (remove unused cells and wires).
Finding unused cells or wires in module \bf16_mul..
Removed 0 unused cells and 3 unused wires.
<suppressed ~1 debug messages>

2.10. Executing TECHMAP pass (map to technology primitives).

2.10.1. Executing Verilog-2005 frontend: /usr/bin/../share/yosys/cmp2lut.v
Parsing Verilog input from `/usr/bin/../share/yosys/cmp2lut.v' to AST representation.
Generating RTLIL representation for module `\_90_lut_cmp_'.
Successfully finished Verilog frontend.

2.10.2. Continuing TECHMAP pass.
No more expansions possible.
<suppressed ~52 debug messages>

2.11. Executing ALUMACC pass (create $alu and $macc cells).
Extracting $alu and $macc cells in module bf16_mul:
  creating $macc model for $add$../rtl/bf16_mul.v:77$31 ($add).
  creating $macc model for $add$../rtl/bf16_mul.v:77$33 ($add).
  creating $macc model for $add$../rtl/bf16_mul.v:88$41 ($add).
  creating $macc model for $add$../rtl/bf16_mul.v:92$42 ($add).
  creating $macc model for $mul$../rtl/bf16_mul.v:64$28 ($mul).
  creating $macc model for $sub$../rtl/bf16_mul.v:77$32 ($sub).
  merging $macc model for $add$../rtl/bf16_mul.v:77$31 into $sub$../rtl/bf16_mul.v:77$32.
  merging $macc model for $add$../rtl/bf16_mul.v:77$33 into $add$../rtl/bf16_mul.v:92$42.
  merging $macc model for $sub$../rtl/bf16_mul.v:77$32 into $add$../rtl/bf16_mul.v:92$42.
  creating $alu model for $macc $add$../rtl/bf16_mul.v:88$41.
  creating $macc cell for $mul$../rtl/bf16_mul.v:64$28: $auto$alumacc.cc:354:replace_macc$80
  creating $macc cell for $add$../rtl/bf16_mul.v:92$42: $auto$alumacc.cc:354:replace_macc$81
  creating $alu model for $ge$../rtl/bf16_mul.v:99$54 ($ge): new $alu
  creating $alu model for $le$../rtl/bf16_mul.v:101$55 ($le): new $alu
  creating $alu cell for $le$../rtl/bf16_mul.v:101$55: $auto$alumacc.cc:474:replace_alu$84
  creating $alu cell for $ge$../rtl/bf16_mul.v:99$54: $auto$alumacc.cc:474:replace_alu$99
  creating $alu cell for $add$../rtl/bf16_mul.v:88$41: $auto$alumacc.cc:474:replace_alu$110
  created 3 $alu and 2 $macc cells.

2.12. Executing SHARE pass (SAT-based resource sharing).

2.13. Executing OPT pass (performing simple optimizations).

2.13.1. Executing OPT_EXPR pass (perform const folding).
Optimizing module bf16_mul.

2.13.2. Executing OPT_MERGE pass (detect identical cells).
Finding identical cells in module `\bf16_mul'.
Removed a total of 0 cells.

2.13.3. Executing OPT_MUXTREE pass (detect dead branches in mux trees).
Running muxtree optimizer on module \bf16_mul..
  Creating internal representation of mux trees.
  Evaluating internal representation of mux trees.
  Analyzing evaluation results.
Removed 0 multiplexer ports.
<suppressed ~6 debug messages>

2.13.4. Executing OPT_REDUCE pass (consolidate $*mux and $reduce_* inputs).
  Optimizing cells in module \bf16_mul.
    New input vector for $reduce_or cell $auto$alumacc.cc:509:replace_alu$97: { $auto$rtlil.cc:1832:Not$96 $auto$rtlil.cc:1835:ReduceAnd$88 }
    New input vector for $reduce_and cell $auto$alumacc.cc:64:get_eq$87: { $auto$alumacc.cc:490:replace_alu$85 [0] $auto$alumacc.cc:490:replace_alu$85 [1] $auto$alumacc.cc:490:replace_alu$85 [2] $auto$alumacc.cc:490:replace_alu$85 [3] $auto$alumacc.cc:490:replace_alu$85 [4] $auto$alumacc.cc:490:replace_alu$85 [5] $auto$alumacc.cc:490:replace_alu$85 [6] $auto$alumacc.cc:490:replace_alu$85 [7] $auto$alumacc.cc:490:replace_alu$85 [8] $auto$alumacc.cc:490:replace_alu$85 [9] }
    New input vector for $reduce_and cell $auto$alumacc.cc:64:get_eq$106: { $auto$alumacc.cc:490:replace_alu$100 [0] $auto$alumacc.cc:490:replace_alu$100 [1] $auto$alumacc.cc:490:replace_alu$100 [2] $auto$alumacc.cc:490:replace_alu$100 [3] $auto$alumacc.cc:490:replace_alu$100 [4] $auto$alumacc.cc:490:replace_alu$100 [5] $auto$alumacc.cc:490:replace_alu$100 [6] $auto$alumacc.cc:490:replace_alu$100 [7] $auto$alumacc.cc:490:replace_alu$100 [8] $auto$alumacc.cc:490:replace_alu$100 [9] }
  Optimizing cells in module \bf16_mul.
Performed a total of 3 changes.

2.13.5. Executing OPT_MERGE pass (detect identical cells).
Finding identical cells in module `\bf16_mul'.
Removed a total of 0 cells.

2.13.6. Executing OPT_RMDFF pass (remove dff with constant values).

2.13.7. Executing OPT_CLEAN pass (remove unused cells and wires).
Finding unused cells or wires in module \bf16_mul..
Removed 3 unused cells and 5 unused wires.
<suppressed ~5 debug messages>

2.13.8. Executing OPT_EXPR pass (perform const folding).
Optimizing module bf16_mul.

2.13.9. Rerunning OPT passes. (Maybe there is more to do..)

2.13.10. Executing OPT_MUXTREE pass (detect dead branches in mux trees).
Running muxtree optimizer on module \bf16_mul..
  Creating internal representation of mux trees.
  Evaluating internal representation of mux trees.
  Analyzing evaluation results.
Removed 0 multiplexer ports.
<suppressed ~6 debug messages>

2.13.11. Executing OPT_REDUCE pass (consolidate $*mux and $reduce_* inputs).
  Optimizing cells in module \bf16_mul.
Performed a total of 0 changes.

2.13.12. Executing OPT_MERGE pass (detect identical cells).
Finding identical cells in module `\bf16_mul'.
Removed a total of 0 cells.

2.13.13. Executing OPT_RMDFF pass (remove dff with constant values).

2.13.14. Executing OPT_CLEAN pass (remove unused cells and wires).
Finding unused cells or wires in module \bf16_mul..

2.13.15. Executing OPT_EXPR pass (perform const folding).
Optimizing module bf16_mul.

2.13.16. Finished OPT passes. (There is nothing left to do.)

2.14. Executing FSM pass (extract and optimize FSM).

2.14.1. Executing FSM_DETECT pass (finding FSMs in design).

2.14.2. Executing FSM_EXTRACT pass (extracting FSM from design).

2.14.3. Executing FSM_OPT pass (simple optimizations of FSMs).

2.14.4. Executing OPT_CLEAN pass (remove unused cells and wires).
Finding unused cells or wires in module \bf16_mul..

2.14.5. Executing FSM_OPT pass (simple optimizations of FSMs).

2.14.6. Executing FSM_RECODE pass (re-assigning FSM state encoding).

2.14.7. Executing FSM_INFO pass (dumping all available information on FSM cells).

2.14.8. Executing FSM_MAP pass (mapping FSMs to basic logic).

2.15. Executing OPT pass (performing simple optimizations).

2.15.1. Executing OPT_EXPR pass (perform const folding).
Optimizing module bf16_mul.

2.15.2. Executing OPT_MERGE pass (detect identical cells).
Finding identical cells in module `\bf16_mul'.
Removed a total of 0 cells.

2.15.3. Executing OPT_RMDFF pass (remove dff with constant values).

2.15.4. Executing OPT_CLEAN pass (remove unused cells and wires).
Finding unused cells or wires in module \bf16_mul..

2.15.5. Finished fast OPT passes.

2.16. Executing MEMORY pass.

2.16.1. Executing MEMORY_DFF pass (merging $dff cells to $memrd and $memwr).

2.16.2. Executing OPT_CLEAN pass (remove unused cells and wires).
Finding unused cells or wires in module \bf16_mul..

2.16.3. Executing MEMORY_SHARE pass (consolidating $memrd/$memwr cells).

2.16.4. Executing OPT_CLEAN pass (remove unused cells and wires).
Finding unused cells or wires in module \bf16_mul..

2.16.5. Executing MEMORY_COLLECT pass (generating $mem cells).

2.17. Executing OPT_CLEAN pass (remove unused cells and wires).
Finding unused cells or wires in module \bf16_mul..

2.18. Executing OPT pass (performing simple optimizations).

2.18.1. Executing OPT_EXPR pass (perform const folding).
Optimizing module bf16_mul.

2.18.2. Executing OPT_MERGE pass (detect identical cells).
Finding identical cells in module `\bf16_mul'.
Removed a total of 0 cells.

2.18.3. Executing OPT_RMDFF pass (remove dff with constant values).

2.18.4. Executing OPT_CLEAN pass (remove unused cells and wires).
Finding unused cells or wires in module \bf16_mul..

2.18.5. Finished fast OPT passes.

2.19. Executing MEMORY_MAP pass (converting $mem cells to logic and flip-flops).

2.20. Executing OPT pass (performing simple optimizations).

2.20.1. Executing OPT_EXPR pass (perform const folding).
Optimizing module bf16_mul.

2.20.2. Executing OPT_MERGE pass (detect identical cells).
Finding identical cells in module `\bf16_mul'.
Removed a total of 0 cells.

2.20.3. Executing OPT_MUXTREE pass (detect dead branches in mux trees).
Running muxtree optimizer on module \bf16_mul..
  Creating internal representation of mux trees.
  Evaluating internal representation of mux trees.
  Analyzing evaluation results.
Removed 0 multiplexer ports.
<suppressed ~6 debug messages>

2.20.4. Executing OPT_REDUCE pass (consolidate $*mux and $reduce_* inputs).
  Optimizing cells in module \bf16_mul.
Performed a total of 0 changes.

2.20.5. Executing OPT_MERGE pass (detect identical cells).
Finding identical cells in module `\bf16_mul'.
Removed a total of 0 cells.

2.20.6. Executing OPT_RMDFF pass (remove dff with constant values).

2.20.7. Executing OPT_CLEAN pass (remove unused cells and wires).
Finding unused cells or wires in module \bf16_mul..

2.20.8. Executing OPT_EXPR pass (perform const folding).
Optimizing module bf16_mul.

2.20.9. Finished OPT passes. (There is nothing left to do.)

2.21. Executing TECHMAP pass (map to technology primitives).

2.21.1. Executing Verilog-2005 frontend: <techmap.v>
Parsing Verilog input from `<techmap.v>' to AST representation.
Generating RTLIL representation for module `\_90_simplemap_bool_ops'.
Generating RTLIL representation for module `\_90_simplemap_reduce_ops'.
Generating RTLIL representation for module `\_90_simplemap_logic_ops'.
Generating RTLIL representation for module `\_90_simplemap_compare_ops'.
Generating RTLIL representation for module `\_90_simplemap_various'.
Generating RTLIL representation for module `\_90_simplemap_registers'.
Generating RTLIL representation for module `\_90_shift_ops_shr_shl_sshl_sshr'.
Generating RTLIL representation for module `\_90_shift_shiftx'.
Generating RTLIL representation for module `\_90_fa'.
Generating RTLIL representation for module `\_90_lcu'.
Generating RTLIL representation for module `\_90_alu'.
Generating RTLIL representation for module `\_90_macc'.
Generating RTLIL representation for module `\_90_alumacc'.
Generating RTLIL representation for module `\$__div_mod_u'.
Generating RTLIL representation for module `\$__div_mod'.
Generating RTLIL representation for module `\_90_div'.
Generating RTLIL representation for module `\_90_mod'.
Generating RTLIL representation for module `\_90_pow'.
Generating RTLIL representation for module `\_90_pmux'.
Generating RTLIL representation for module `\_90_lut'.
Successfully finished Verilog frontend.

2.21.2. Continuing TECHMAP pass.
Using extmapper simplemap for cells of type $reduce_and.
Using extmapper simplemap for cells of type $eq.
Using extmapper simplemap for cells of type $logic_not.
Using extmapper simplemap for cells of type $and.
Using extmapper simplemap for cells of type $reduce_bool.
Using extmapper simplemap for cells of type $reduce_or.
Using extmapper simplemap for cells of type $not.
Using extmapper simplemap for cells of type $xor.
Using extmapper simplemap for cells of type $or.
Using template $paramod\_90_alu\A_SIGNED=1\B_SIGNED=1\A_WIDTH=1\B_WIDTH=10\Y_WIDTH=10 for cells of type $alu.
Using extmapper simplemap for cells of type $mux.
Using template $paramod\_90_alu\A_SIGNED=0\B_SIGNED=0\A_WIDTH=1\B_WIDTH=7\Y_WIDTH=8 for cells of type $alu.
Using extmapper maccmap for cells of type $macc.
  add \ae_a (8 bits, unsigned)
  add \ae_b (8 bits, unsigned)
  add 10'1110000001 (10 bits, unsigned)
  add bits { \P [15] \man_rounded [7] } (2 bits)
  packed 2 (2) bits / 2 words into adder tree
  add { \m_a [7] \a [6:0] } * { \m_b [7] \b [6:0] } (8x8 bits, unsigned)
Using template $paramod\_90_alu\A_SIGNED=1\B_SIGNED=1\A_WIDTH=9\B_WIDTH=10\Y_WIDTH=10 for cells of type $alu.
Using template $paramod\_90_lcu\WIDTH=10 for cells of type $lcu.
Using extmapper simplemap for cells of type $pos.
Using template $paramod\_90_lcu\WIDTH=8 for cells of type $lcu.
Using template $paramod\_90_fa\WIDTH=16 for cells of type $fa.
Using template $paramod\_90_alu\A_SIGNED=0\B_SIGNED=0\A_WIDTH=16\B_WIDTH=16\Y_WIDTH=16 for cells of type $alu.
Using template $paramod\_90_fa\WIDTH=10 for cells of type $fa.
Using template $paramod\_90_alu\A_SIGNED=0\B_SIGNED=0\A_WIDTH=10\B_WIDTH=10\Y_WIDTH=10 for cells of type $alu.
Using template $paramod\_90_lcu\WIDTH=16 for cells of type $lcu.
No more expansions possible.
<suppressed ~802 debug messages>

2.22. Executing OPT pass (performing simple optimizations).

2.22.1. Executing OPT_EXPR pass (perform const folding).
Optimizing module bf16_mul.
<suppressed ~557 debug messages>

2.22.2. Executing OPT_MERGE pass (detect identical cells).
Finding identical cells in module `\bf16_mul'.
<suppressed ~129 debug messages>
Removed a total of 43 cells.

2.22.3. Executing OPT_RMDFF pass (remove dff with constant values).

2.22.4. Executing OPT_CLEAN pass (remove unused cells and wires).
Finding unused cells or wires in module \bf16_mul..
Removed 69 unused cells and 298 unused wires.
<suppressed ~70 debug messages>

2.22.5. Finished fast OPT passes.

2.23. Executing ABC pass (technology mapping using ABC).

2.23.1. Extracting gate netlist of module `\bf16_mul' to `<abc-temp-dir>/input.blif'..
Extracted 700 gates and 734 wires to a netlist network with 32 inputs and 16 outputs.

2.23.1.1. Executing ABC.
Running ABC command: berkeley-abc -s -f <abc-temp-dir>/abc.script 2>&1
ABC: ABC command line: "source <abc-temp-dir>/abc.script".
ABC: 
ABC: + read_blif <abc-temp-dir>/input.blif 
ABC: + read_library <abc-temp-dir>/stdcells.genlib 
ABC: Entered genlib library with 17 gates from file "<abc-temp-dir>/stdcells.genlib".
ABC: + strash 
ABC: + dretime 
ABC: + retime 
ABC: + map 
ABC: + write_blif <abc-temp-dir>/output.blif 

2.23.1.2. Re-integrating ABC results.
ABC RESULTS:               AND cells:       79
ABC RESULTS:            ANDNOT cells:      120
ABC RESULTS:              AOI3 cells:       39
ABC RESULTS:               MUX cells:        9
ABC RESULTS:              NAND cells:       18
ABC RESULTS:               NOR cells:       27
ABC RESULTS:               NOT cells:       26
ABC RESULTS:              OAI3 cells:       20
ABC RESULTS:                OR cells:       94
ABC RESULTS:             ORNOT cells:       26
ABC RESULTS:              XNOR cells:       55
ABC RESULTS:               XOR cells:       92
ABC RESULTS:        internal signals:      686
ABC RESULTS:           input signals:       32
ABC RESULTS:          output signals:       16
Removing temp directory.

2.24. Executing OPT pass (performing simple optimizations).

2.24.1. Executing OPT_EXPR pass (perform const folding).
Optimizing module bf16_mul.

2.24.2. Executing OPT_MERGE pass (detect identical cells).
Finding identical cells in module `\bf16_mul'.
<suppressed ~3 debug messages>
Removed a total of 1 cells.

2.24.3. Executing OPT_RMDFF pass (remove dff with constant values).

2.24.4. Executing OPT_CLEAN pass (remove unused cells and wires).
Finding unused cells or wires in module \bf16_mul..
Removed 0 unused cells and 258 unused wires.
<suppressed ~26 debug messages>

2.24.5. Finished fast OPT passes.

2.25. Executing HIERARCHY pass (managing design hierarchy).

2.25.1. Analyzing design hierarchy..
Top module:  \bf16_mul

2.25.2. Analyzing design hierarchy..
Top module:  \bf16_mul
Removed 0 unused modules.

2.26. Printing statistics.

=== bf16_mul ===

   Number of wires:                600
   Number of wire bits:            685
   Number of public wires:          12
   Number of public wire bits:      97
   Number of memories:               0
   Number of memory bits:            0
   Number of processes:              0
   Number of cells:                604
     $_ANDNOT_                     120
     $_AND_                         79
     $_AOI3_                        39
     $_MUX_                          9
     $_NAND_                        18
     $_NOR_                         27
     $_NOT_                         26
     $_OAI3_                        20
     $_ORNOT_                       26
     $_OR_                          93
     $_XNOR_                        55
     $_XOR_                         92

2.27. Executing CHECK pass (checking for obvious problems).
checking module bf16_mul..
found and reported 0 problems.

3. Executing ABC pass (technology mapping using ABC).

3.1. Extracting gate netlist of module `\bf16_mul' to `<abc-temp-dir>/input.blif'..
Extracted 604 gates and 636 wires to a netlist network with 32 inputs and 16 outputs.

3.1.1. Executing ABC.
Running ABC command: berkeley-abc -s -f <abc-temp-dir>/abc.script 2>&1
ABC: ABC command line: "source <abc-temp-dir>/abc.script".
ABC: 
ABC: + read_blif <abc-temp-dir>/input.blif 
ABC: + read_lib -w /home/sotiriosc/.volare/volare/sky130/versions/c6d73a35f524070e85faff4a6a9eef49553ebc2b/sky130A/libs.ref/sky130_fd_sc_hd/lib/sky130_fd_sc_hd__tt_025C_1v80.lib 
ABC: Parsing finished successfully.  Parsing time =     0.05 sec
ABC: Scl_LibertyReadGenlib() skipped cell "sky130_fd_sc_hd__decap_12" without logic function.
ABC: Scl_LibertyReadGenlib() skipped cell "sky130_fd_sc_hd__decap_3" without logic function.
ABC: Scl_LibertyReadGenlib() skipped cell "sky130_fd_sc_hd__decap_4" without logic function.
ABC: Scl_LibertyReadGenlib() skipped cell "sky130_fd_sc_hd__decap_6" without logic function.
ABC: Scl_LibertyReadGenlib() skipped cell "sky130_fd_sc_hd__decap_8" without logic function.
ABC: Scl_LibertyReadGenlib() skipped sequential cell "sky130_fd_sc_hd__dfbbn_1".
ABC: Scl_LibertyReadGenlib() skipped sequential cell "sky130_fd_sc_hd__dfbbn_2".
ABC: Scl_LibertyReadGenlib() skipped sequential cell "sky130_fd_sc_hd__dfbbp_1".
ABC: Scl_LibertyReadGenlib() skipped sequential cell "sky130_fd_sc_hd__dfrbp_1".
ABC: Scl_LibertyReadGenlib() skipped sequential cell "sky130_fd_sc_hd__dfrbp_2".
ABC: Scl_LibertyReadGenlib() skipped sequential cell "sky130_fd_sc_hd__dfrtn_1".
ABC: Scl_LibertyReadGenlib() skipped sequential cell "sky130_fd_sc_hd__dfrtp_1".
ABC: Scl_LibertyReadGenlib() skipped sequential cell "sky130_fd_sc_hd__dfrtp_2".
ABC: Scl_LibertyReadGenlib() skipped sequential cell "sky130_fd_sc_hd__dfrtp_4".
ABC: Scl_LibertyReadGenlib() skipped sequential cell "sky130_fd_sc_hd__dfsbp_1".
ABC: Scl_LibertyReadGenlib() skipped sequential cell "sky130_fd_sc_hd__dfsbp_2".
ABC: Scl_LibertyReadGenlib() skipped sequential cell "sky130_fd_sc_hd__dfstp_1".
ABC: Scl_LibertyReadGenlib() skipped sequential cell "sky130_fd_sc_hd__dfstp_2".
ABC: Scl_LibertyReadGenlib() skipped sequential cell "sky130_fd_sc_hd__dfstp_4".
ABC: Scl_LibertyReadGenlib() skipped sequential cell "sky130_fd_sc_hd__dfxbp_1".
ABC: Scl_LibertyReadGenlib() skipped sequential cell "sky130_fd_sc_hd__dfxbp_2".
ABC: Scl_LibertyReadGenlib() skipped sequential cell "sky130_fd_sc_hd__dfxtp_1".
ABC: Scl_LibertyReadGenlib() skipped sequential cell "sky130_fd_sc_hd__dfxtp_2".
ABC: Scl_LibertyReadGenlib() skipped sequential cell "sky130_fd_sc_hd__dfxtp_4".
ABC: Scl_LibertyReadGenlib() skipped cell "sky130_fd_sc_hd__diode_2" without logic function.
ABC: Scl_LibertyReadGenlib() skipped cell "sky130_fd_sc_hd__dlclkp_1" without logic function.
ABC: Scl_LibertyReadGenlib() skipped cell "sky130_fd_sc_hd__dlclkp_2" without logic function.
ABC: Scl_LibertyReadGenlib() skipped cell "sky130_fd_sc_hd__dlclkp_4" without logic function.
ABC: Scl_LibertyReadGenlib() skipped sequential cell "sky130_fd_sc_hd__dlrbn_1".
ABC: Scl_LibertyReadGenlib() skipped sequential cell "sky130_fd_sc_hd__dlrbn_2".
ABC: Scl_LibertyReadGenlib() skipped sequential cell "sky130_fd_sc_hd__dlrbp_1".
ABC: Scl_LibertyReadGenlib() skipped sequential cell "sky130_fd_sc_hd__dlrbp_2".
ABC: Scl_LibertyReadGenlib() skipped sequential cell "sky130_fd_sc_hd__dlrtn_1".
ABC: Scl_LibertyReadGenlib() skipped sequential cell "sky130_fd_sc_hd__dlrtn_2".
ABC: Scl_LibertyReadGenlib() skipped sequential cell "sky130_fd_sc_hd__dlrtn_4".
ABC: Scl_LibertyReadGenlib() skipped sequential cell "sky130_fd_sc_hd__dlrtp_1".
ABC: Scl_LibertyReadGenlib() skipped sequential cell "sky130_fd_sc_hd__dlrtp_2".
ABC: Scl_LibertyReadGenlib() skipped sequential cell "sky130_fd_sc_hd__dlrtp_4".
ABC: Scl_LibertyReadGenlib() skipped sequential cell "sky130_fd_sc_hd__dlxbn_1".
ABC: Scl_LibertyReadGenlib() skipped sequential cell "sky130_fd_sc_hd__dlxbn_2".
ABC: Scl_LibertyReadGenlib() skipped sequential cell "sky130_fd_sc_hd__dlxbp_1".
ABC: Scl_LibertyReadGenlib() skipped sequential cell "sky130_fd_sc_hd__dlxtn_1".
ABC: Scl_LibertyReadGenlib() skipped sequential cell "sky130_fd_sc_hd__dlxtn_2".
ABC: Scl_LibertyReadGenlib() skipped sequential cell "sky130_fd_sc_hd__dlxtn_4".
ABC: Scl_LibertyReadGenlib() skipped sequential cell "sky130_fd_sc_hd__dlxtp_1".
ABC: Scl_LibertyReadGenlib() skipped three-state cell "sky130_fd_sc_hd__ebufn_1".
ABC: Scl_LibertyReadGenlib() skipped three-state cell "sky130_fd_sc_hd__ebufn_2".
ABC: Scl_LibertyReadGenlib() skipped three-state cell "sky130_fd_sc_hd__ebufn_4".
ABC: Scl_LibertyReadGenlib() skipped three-state cell "sky130_fd_sc_hd__ebufn_8".
ABC: Scl_LibertyReadGenlib() skipped sequential cell "sky130_fd_sc_hd__edfxbp_1".
ABC: Scl_LibertyReadGenlib() skipped sequential cell "sky130_fd_sc_hd__edfxtp_1".
ABC: Scl_LibertyReadGenlib() skipped three-state cell "sky130_fd_sc_hd__einvn_0".
ABC: Scl_LibertyReadGenlib() skipped three-state cell "sky130_fd_sc_hd__einvn_1".
ABC: Scl_LibertyReadGenlib() skipped three-state cell "sky130_fd_sc_hd__einvn_2".
ABC: Scl_LibertyReadGenlib() skipped three-state cell "sky130_fd_sc_hd__einvn_4".
ABC: Scl_LibertyReadGenlib() skipped three-state cell "sky130_fd_sc_hd__einvn_8".
ABC: Scl_LibertyReadGenlib() skipped three-state cell "sky130_fd_sc_hd__einvp_1".
ABC: Scl_LibertyReadGenlib() skipped three-state cell "sky130_fd_sc_hd__einvp_2".
ABC: Scl_LibertyReadGenlib() skipped three-state cell "sky130_fd_sc_hd__einvp_4".
ABC: Scl_LibertyReadGenlib() skipped three-state cell "sky130_fd_sc_hd__einvp_8".
ABC: Scl_LibertyReadGenlib() skipped cell "sky130_fd_sc_hd__lpflow_bleeder_1" without logic function.
ABC: Scl_LibertyReadGenlib() skipped cell "sky130_fd_sc_hd__lpflow_decapkapwr_12" without logic function.
ABC: Scl_LibertyReadGenlib() skipped cell "sky130_fd_sc_hd__lpflow_decapkapwr_3" without logic function.
ABC: Scl_LibertyReadGenlib() skipped cell "sky130_fd_sc_hd__lpflow_decapkapwr_4" without logic function.
ABC: Scl_LibertyReadGenlib() skipped cell "sky130_fd_sc_hd__lpflow_decapkapwr_6" without logic function.
ABC: Scl_LibertyReadGenlib() skipped cell "sky130_fd_sc_hd__lpflow_decapkapwr_8" without logic function.
ABC: Scl_LibertyReadGenlib() skipped sequential cell "sky130_fd_sc_hd__lpflow_inputisolatch_1".
ABC: Scl_LibertyReadGenlib() skipped sequential cell "sky130_fd_sc_hd__sdfbbn_1".
ABC: Scl_LibertyReadGenlib() skipped sequential cell "sky130_fd_sc_hd__sdfbbn_2".
ABC: Scl_LibertyReadGenlib() skipped sequential cell "sky130_fd_sc_hd__sdfbbp_1".
ABC: Scl_LibertyReadGenlib() skipped sequential cell "sky130_fd_sc_hd__sdfrbp_1".
ABC: Scl_LibertyReadGenlib() skipped sequential cell "sky130_fd_sc_hd__sdfrbp_2".
ABC: Scl_LibertyReadGenlib() skipped sequential cell "sky130_fd_sc_hd__sdfrtn_1".
ABC: Scl_LibertyReadGenlib() skipped sequential cell "sky130_fd_sc_hd__sdfrtp_1".
ABC: Scl_LibertyReadGenlib() skipped sequential cell "sky130_fd_sc_hd__sdfrtp_2".
ABC: Scl_LibertyReadGenlib() skipped sequential cell "sky130_fd_sc_hd__sdfrtp_4".
ABC: Scl_LibertyReadGenlib() skipped sequential cell "sky130_fd_sc_hd__sdfsbp_1".
ABC: Scl_LibertyReadGenlib() skipped sequential cell "sky130_fd_sc_hd__sdfsbp_2".
ABC: Scl_LibertyReadGenlib() skipped sequential cell "sky130_fd_sc_hd__sdfstp_1".
ABC: Scl_LibertyReadGenlib() skipped sequential cell "sky130_fd_sc_hd__sdfstp_2".
ABC: Scl_LibertyReadGenlib() skipped sequential cell "sky130_fd_sc_hd__sdfstp_4".
ABC: Scl_LibertyReadGenlib() skipped sequential cell "sky130_fd_sc_hd__sdfxbp_1".
ABC: Scl_LibertyReadGenlib() skipped sequential cell "sky130_fd_sc_hd__sdfxbp_2".
ABC: Scl_LibertyReadGenlib() skipped sequential cell "sky130_fd_sc_hd__sdfxtp_1".
ABC: Scl_LibertyReadGenlib() skipped sequential cell "sky130_fd_sc_hd__sdfxtp_2".
ABC: Scl_LibertyReadGenlib() skipped sequential cell "sky130_fd_sc_hd__sdfxtp_4".
ABC: Scl_LibertyReadGenlib() skipped cell "sky130_fd_sc_hd__sdlclkp_1" without logic function.
ABC: Scl_LibertyReadGenlib() skipped cell "sky130_fd_sc_hd__sdlclkp_2" without logic function.
ABC: Scl_LibertyReadGenlib() skipped cell "sky130_fd_sc_hd__sdlclkp_4" without logic function.
ABC: Scl_LibertyReadGenlib() skipped sequential cell "sky130_fd_sc_hd__sedfxbp_1".
ABC: Scl_LibertyReadGenlib() skipped sequential cell "sky130_fd_sc_hd__sedfxbp_2".
ABC: Scl_LibertyReadGenlib() skipped sequential cell "sky130_fd_sc_hd__sedfxtp_1".
ABC: Scl_LibertyReadGenlib() skipped sequential cell "sky130_fd_sc_hd__sedfxtp_2".
ABC: Scl_LibertyReadGenlib() skipped sequential cell "sky130_fd_sc_hd__sedfxtp_4".
ABC: Library "sky130_fd_sc_hd__tt_025C_1v80" from "/home/sotiriosc/.volare/volare/sky130/versions/c6d73a35f524070e85faff4a6a9eef49553ebc2b/sky130A/libs.ref/sky130_fd_sc_hd/lib/sky130_fd_sc_hd__tt_025C_1v80.lib" has 334 cells (94 skipped: 63 seq; 13 tri-state; 18 no func; 0 dont_use).  Time =     0.07 sec
ABC: Memory =   16.05 MB. Time =     0.07 sec
ABC: Warning: Detected 9 multi-output gates (for example, "sky130_fd_sc_hd__fa_1").
ABC: + strash 
ABC: + ifraig 
ABC: + scorr 
ABC: Warning: The network is combinational (run "fraig" or "fraig_sweep").
ABC: + dc2 
ABC: + dretime 
ABC: + retime 
ABC: + strash 
ABC: + &get -n 
ABC: + &dch -f 
ABC: + &nf 
ABC: + &put 
ABC: + write_blif <abc-temp-dir>/output.blif 

3.1.2. Re-integrating ABC results.
ABC RESULTS:   sky130_fd_sc_hd__a211oi_1 cells:        2
ABC RESULTS:   sky130_fd_sc_hd__a21boi_0 cells:        2
ABC RESULTS:   sky130_fd_sc_hd__a21o_1 cells:        4
ABC RESULTS:   sky130_fd_sc_hd__a21oi_1 cells:       18
ABC RESULTS:   sky130_fd_sc_hd__a22o_1 cells:        3
ABC RESULTS:   sky130_fd_sc_hd__a22oi_1 cells:        6
ABC RESULTS:   sky130_fd_sc_hd__a31o_1 cells:        2
ABC RESULTS:   sky130_fd_sc_hd__a31oi_1 cells:        1
ABC RESULTS:   sky130_fd_sc_hd__a41oi_1 cells:        1
ABC RESULTS:   sky130_fd_sc_hd__and2_0 cells:        4
ABC RESULTS:   sky130_fd_sc_hd__and3_1 cells:        6
ABC RESULTS:   sky130_fd_sc_hd__and4_1 cells:        1
ABC RESULTS:   sky130_fd_sc_hd__clkinv_1 cells:       12
ABC RESULTS:   sky130_fd_sc_hd__lpflow_inputiso1p_1 cells:        4
ABC RESULTS:   sky130_fd_sc_hd__lpflow_isobufsrc_1 cells:        9
ABC RESULTS:   sky130_fd_sc_hd__maj3_1 cells:       27
ABC RESULTS:   sky130_fd_sc_hd__mux2i_1 cells:        7
ABC RESULTS:   sky130_fd_sc_hd__nand2_1 cells:       62
ABC RESULTS:   sky130_fd_sc_hd__nand2b_1 cells:        3
ABC RESULTS:   sky130_fd_sc_hd__nand3_1 cells:        8
ABC RESULTS:   sky130_fd_sc_hd__nand4_1 cells:       11
ABC RESULTS:   sky130_fd_sc_hd__nand4bb_1 cells:        1
ABC RESULTS:   sky130_fd_sc_hd__nor2_1 cells:       35
ABC RESULTS:   sky130_fd_sc_hd__nor3_1 cells:        4
ABC RESULTS:   sky130_fd_sc_hd__nor4_1 cells:        6
ABC RESULTS:   sky130_fd_sc_hd__nor4b_1 cells:        4
ABC RESULTS:   sky130_fd_sc_hd__nor4bb_1 cells:        2
ABC RESULTS:   sky130_fd_sc_hd__o2111a_1 cells:        1
ABC RESULTS:   sky130_fd_sc_hd__o211a_1 cells:        1
ABC RESULTS:   sky130_fd_sc_hd__o211ai_1 cells:        1
ABC RESULTS:   sky130_fd_sc_hd__o21a_1 cells:        4
ABC RESULTS:   sky130_fd_sc_hd__o21ai_0 cells:       21
ABC RESULTS:   sky130_fd_sc_hd__o21bai_1 cells:        1
ABC RESULTS:   sky130_fd_sc_hd__o221a_1 cells:        1
ABC RESULTS:   sky130_fd_sc_hd__o22a_1 cells:        3
ABC RESULTS:   sky130_fd_sc_hd__o311ai_0 cells:        2
ABC RESULTS:   sky130_fd_sc_hd__o31ai_1 cells:        2
ABC RESULTS:   sky130_fd_sc_hd__o41ai_1 cells:        1
ABC RESULTS:   sky130_fd_sc_hd__or3_1 cells:        1
ABC RESULTS:   sky130_fd_sc_hd__or4_1 cells:        6
ABC RESULTS:   sky130_fd_sc_hd__xnor2_1 cells:       44
ABC RESULTS:   sky130_fd_sc_hd__xnor3_1 cells:        9
ABC RESULTS:   sky130_fd_sc_hd__xor2_1 cells:       37
ABC RESULTS:   sky130_fd_sc_hd__xor3_1 cells:        5
ABC RESULTS:        internal signals:      588
ABC RESULTS:           input signals:       32
ABC RESULTS:          output signals:       16
Removing temp directory.
Removed 0 unused cells and 636 unused wires.

4. Printing statistics.

=== bf16_mul ===

   Number of wires:                381
   Number of wire bits:            466
   Number of public wires:          12
   Number of public wire bits:      97
   Number of memories:               0
   Number of memory bits:            0
   Number of processes:              0
   Number of cells:                385
     sky130_fd_sc_hd__a211oi_1       2
     sky130_fd_sc_hd__a21boi_0       2
     sky130_fd_sc_hd__a21o_1         4
     sky130_fd_sc_hd__a21oi_1       18
     sky130_fd_sc_hd__a22o_1         3
     sky130_fd_sc_hd__a22oi_1        6
     sky130_fd_sc_hd__a31o_1         2
     sky130_fd_sc_hd__a31oi_1        1
     sky130_fd_sc_hd__a41oi_1        1
     sky130_fd_sc_hd__and2_0         4
     sky130_fd_sc_hd__and3_1         6
     sky130_fd_sc_hd__and4_1         1
     sky130_fd_sc_hd__clkinv_1      12
     sky130_fd_sc_hd__lpflow_inputiso1p_1      4
     sky130_fd_sc_hd__lpflow_isobufsrc_1      9
     sky130_fd_sc_hd__maj3_1        27
     sky130_fd_sc_hd__mux2i_1        7
     sky130_fd_sc_hd__nand2_1       62
     sky130_fd_sc_hd__nand2b_1       3
     sky130_fd_sc_hd__nand3_1        8
     sky130_fd_sc_hd__nand4_1       11
     sky130_fd_sc_hd__nand4bb_1      1
     sky130_fd_sc_hd__nor2_1        35
     sky130_fd_sc_hd__nor3_1         4
     sky130_fd_sc_hd__nor4_1         6
     sky130_fd_sc_hd__nor4b_1        4
     sky130_fd_sc_hd__nor4bb_1       2
     sky130_fd_sc_hd__o2111a_1       1
     sky130_fd_sc_hd__o211a_1        1
     sky130_fd_sc_hd__o211ai_1       1
     sky130_fd_sc_hd__o21a_1         4
     sky130_fd_sc_hd__o21ai_0       21
     sky130_fd_sc_hd__o21bai_1       1
     sky130_fd_sc_hd__o221a_1        1
     sky130_fd_sc_hd__o22a_1         3
     sky130_fd_sc_hd__o311ai_0       2
     sky130_fd_sc_hd__o31ai_1        2
     sky130_fd_sc_hd__o41ai_1        1
     sky130_fd_sc_hd__or3_1          1
     sky130_fd_sc_hd__or4_1          6
     sky130_fd_sc_hd__xnor2_1       44
     sky130_fd_sc_hd__xnor3_1        9
     sky130_fd_sc_hd__xor2_1        37
     sky130_fd_sc_hd__xor3_1         5

   Chip area for module '\bf16_mul': 2740.128000

End of script. Logfile hash: b6ee9aed9d
CPU: user 0.25s system 0.01s, MEM: 44.10 MB total, 38.00 MB resident
Yosys 0.9 (git sha1 1979e0b)
Time spent: 31% 2x stat (0 sec), 14% 18x opt_clean (0 sec), ...
